{"uid":"ef1cb58afb784a16","name":"test_run[test_case37]","fullName":"QAAppAllure#test_run","historyId":"7a94ca3291cccb2ce4102f20dbbf01ce","time":{"start":1745967678825,"stop":1745967716727,"duration":37902},"description":"\nRuns a test for each test case, either manually defined or dynamically fetched.\n","descriptionHtml":"<p>Runs a test for each test case, either manually defined or dynamically fetched.</p>\n","status":"failed","statusMessage":"Failed: ❌ Test 'Last Configuration Started' failed.","statusTrace":"test_case = {'body_type': 'SALOON', 'market_code': 'LU/fr', 'model_code': 'C174', 'model_name': 'CLA-ELECTRIC', ...}\nscreenshot_dir = '/home/runner/work/QA-App-Allure/QA-App-Allure/Tests'\n\n    @pytest.mark.parametrize(\"test_case\", all_test_cases)\n    def test_run(test_case, screenshot_dir):\n        \"\"\"\n        Runs a test for each test case, either manually defined or dynamically fetched.\n        \"\"\"\n        test_name = test_case['test_name']\n        market_code = test_case.get('market_code', 'BE/nl')\n        model_code = test_case.get('model_code', None)\n        model_name = test_case.get('model_name', None)\n        body_type = test_case.get('body_type', None)\n        urls = test_case.get('urls', {})\n    \n        # Log test case details\n        logging.info(f\"Running test case: {json.dumps(test_case, indent=2)}\")\n    \n        # Validate URLs\n        if not urls or 'HOME_PAGE' not in urls or not urls['HOME_PAGE']:\n            logging.error(f\"❌ Missing HOME_PAGE URL for test '{test_name}' (market: {market_code}, model: {model_code}).\")\n            allure.attach(f\"❌ Missing HOME_PAGE URL for test '{test_name}' (market: {market_code}, model: {model_code}).\")\n            return\n    \n    \n        # Generar ID único y consistente para Allure\n        uid_raw = f\"{test_name}_{market_code}_{model_code or 'unknown'}\"\n        uid_hashed = hashlib.md5(uid_raw.encode()).hexdigest()\n        allure.dynamic.id(uid_hashed)\n    \n        # Define browser options and create driver\n        options = build_chrome_options()\n        driver = create_driver(options)\n    \n        try:\n            # Set Allure suite hierarchy\n            allure.dynamic.parent_suite(f\"{market_code}\")  # Parent Suite\n            allure.dynamic.suite(f\"{test_name}\")  # Suite\n            allure.dynamic.sub_suite(f\"{model_code or 'N/A'} - {model_name or 'N/A'} ({body_type or 'N/A'})\")  # Sub-Suite\n    \n            # Add dynamic tags\n            allure.dynamic.tag(test_name)\n            allure.dynamic.tag(market_code)\n            if model_code:\n                allure.dynamic.tag(model_code)\n            if body_type:\n                allure.dynamic.tag(body_type)\n            if model_name:\n                allure.dynamic.tag(model_name)\n    \n            # Attach URLs to Allure\n            allure.attach(\n                json.dumps(urls, indent=2),\n                name=f\"URLs for {model_name or 'N/A'} ({body_type or 'N/A'})\",\n                attachment_type=allure.attachment_type.JSON\n            )\n    \n            # Extract base test name\n            base_test_name = test_name.split(\" - \")[0]\n    \n            # Run the test logic for the current model\n            try:\n                api_and_xhr = create_api_and_xhr(driver)\n                if api_and_xhr is None or api_and_xhr[1] is None:\n                    logging.error(\"❌ Failed to initialize API and XHR capturer.\")\n                    allure.attach(\"❌ Failed to initialize API and XHR capturer.\", name=\"Initialization Error\", attachment_type=allure.attachment_type.TEXT)\n                    return\n                if base_test_name in test_mapping:\n>                   run_test(driver, base_test_name, market_code, model_code, model_name, body_type, 1, urls, api_and_xhr, screenshot_dir)\n\nQAAppAllure.py:624: \n_ _ _ _ _ _ _ _ _ _ _ _ _ _ _ _ _ _ _ _ _ _ _ _ _ _ _ _ _ _ _ _ _ _ _ _ _ _ _ _ \n\ndriver = <selenium.webdriver.chrome.webdriver.WebDriver (session=\"2243c70c88c858207df52abeac9212d2\")>\ntest_name = 'Last Configuration Started', market_code = 'LU/fr'\nmodel_code = 'C174', model_name = 'CLA-ELECTRIC', body_type = 'SALOON'\nattempt = 1\nurls = {'BODY_TYPE': 'SALOON', 'CONFIGURATOR': 'https://www.mercedes-benz.lu/fr/passengercars/mercedes-benz-cars/car-configurator.html/motorization/CCci/LU/fr/CLA/LIMOUSINE', 'HOME_PAGE': 'https://www.mercedes-benz.lu/', 'MODEL_CODE': 'C174', ...}\napi_and_xhr = (<App.vehicle_api.VehicleAPI object at 0x7f65dd605e50>, <App.XHRResponseCapturer.XHRResponseCapturer object at 0x7f65dcad0c90>)\nscreenshot_dir = '/home/runner/work/QA-App-Allure/QA-App-Allure/Tests'\n\n    def run_test(driver, test_name, market_code, model_code, model_name, body_type, attempt, urls, api_and_xhr, screenshot_dir):\n        vehicle_api, xhr_capturer = api_and_xhr\n        test_success = False\n    \n        if not urls or 'HOME_PAGE' not in urls or not urls['HOME_PAGE']:\n            allure.attach(f\"❌ Could not fetch valid URLs for test '{test_name}' (market: {market_code}, model: {model_code})\")\n            pytest.fail(f\"Missing HOME_PAGE URL for test '{test_name}'\")\n    \n        allure.step(f\"\uD83C\uDF10 Fetched URLs from API for test '{test_name}':\\n\"\n                    f\"Model Name: {urls.get('MODEL_NAME', 'N/A')}\\n\"\n                    f\"Body Type: {urls.get('BODY_TYPE', 'N/A')}\\n\"\n                    f\"URLs:\\n{json.dumps(urls, indent=2)}\")\n    \n        # BFV Logic\n        if 'CONFIGURATOR' not in urls or not urls['CONFIGURATOR']:\n            if test_name in [\"BFV1\", \"BFV2\", \"BFV3\", \"Last Configuration Started\", \"Last Configuration Completed\"]:\n                message = f\"❌ Skipping test '{test_name}' due to lack of CONFIGURATOR URL.\"\n                logging.warning(message)\n                allure.dynamic.description(message)\n                pytest.skip(message)\n    \n        if 'ONLINE_SHOP' not in urls or not urls['ONLINE_SHOP']:\n            if test_name in [\"BFV2\", \"BFV3\", \"Last Seen PDP\", \"Last Seen SRP\"]:\n                message = f\"❌ Skipping test '{test_name}' due to lack of ONLINE_SHOP URL.\"\n                logging.warning(message)\n                allure.dynamic.description(message)\n                pytest.skip(message)\n    \n        if 'TEST_DRIVE' not in urls or not urls['TEST_DRIVE']:\n            if test_name == \"BFV3\":\n                message = f\"❌ Skipping test '{test_name}' due to lack of TEST_DRIVE URL.\"\n                logging.warning(message)\n                allure.dynamic.description(message)\n                pytest.skip(message)\n    \n        try:\n            driver.get(urls['HOME_PAGE'])\n            WebDriverWait(driver, 15).until(lambda d: d.execute_script(\"return document.readyState\") == \"complete\")\n            logging.info(f\"\uD83C\uDF0D Navigated to: {urls['HOME_PAGE']}\")\n        except Exception as e:\n            logging.error(f\"❌ Error navigating to HOME_PAGE: {e}\")\n            pytest.fail(f\"Error navigating to HOME_PAGE: {e}\")\n    \n    \n    \n        try:\n            WebDriverWait(driver, 15).until(\n                EC.presence_of_element_located((By.CSS_SELECTOR, \"cmm-cookie-banner\"))\n            )\n            time.sleep(2)\n            logging.info(\"✅ Cookie banner detected.\")\n            driver.execute_script(\"\"\"\n                document.querySelector(\"cmm-cookie-banner\").shadowRoot.querySelector(\"wb7-button.button--accept-all\").click();\n            \"\"\")\n            allure.step(\"✅ Clicked on accept cookies.\")\n        except Exception as ex:\n            allure.attach(\"❌ Cookie banner not found or already accepted.\")\n    \n        # Execute test\n        if test_name in test_mapping:\n            test_instance = test_mapping[test_name](driver, urls)\n            test_instance.run()\n            allure.step(f\"✅ {test_name} test completed.\")\n            time.sleep(4)\n    \n            test_success = verify_personalization_and_capture(\n                driver, test_name, model_name, body_type, attempt, screenshot_dir,\n                test_success, xhr_capturer, urls\n            )\n    \n        if not test_success:\n            failure_message = f\"❌ Test '{test_name}' failed.\"\n            logging.error(failure_message)\n            allure.attach(failure_message, name=\"Test Failure\", attachment_type=allure.attachment_type.TEXT)\n>           pytest.fail(failure_message)\nE           Failed: ❌ Test 'Last Configuration Started' failed.\n\nQAAppAllure.py:176: Failed","flaky":false,"newFailed":false,"newBroken":false,"newPassed":false,"retriesCount":0,"retriesStatusChange":false,"beforeStages":[{"name":"screenshot_dir","time":{"start":1745967678825,"stop":1745967678825,"duration":0},"status":"passed","steps":[],"attachments":[],"parameters":[],"shouldDisplayMessage":false,"stepsCount":0,"attachmentsCount":0,"hasContent":false,"attachmentStep":false}],"testStage":{"description":"\nRuns a test for each test case, either manually defined or dynamically fetched.\n","status":"failed","statusMessage":"Failed: ❌ Test 'Last Configuration Started' failed.","statusTrace":"test_case = {'body_type': 'SALOON', 'market_code': 'LU/fr', 'model_code': 'C174', 'model_name': 'CLA-ELECTRIC', ...}\nscreenshot_dir = '/home/runner/work/QA-App-Allure/QA-App-Allure/Tests'\n\n    @pytest.mark.parametrize(\"test_case\", all_test_cases)\n    def test_run(test_case, screenshot_dir):\n        \"\"\"\n        Runs a test for each test case, either manually defined or dynamically fetched.\n        \"\"\"\n        test_name = test_case['test_name']\n        market_code = test_case.get('market_code', 'BE/nl')\n        model_code = test_case.get('model_code', None)\n        model_name = test_case.get('model_name', None)\n        body_type = test_case.get('body_type', None)\n        urls = test_case.get('urls', {})\n    \n        # Log test case details\n        logging.info(f\"Running test case: {json.dumps(test_case, indent=2)}\")\n    \n        # Validate URLs\n        if not urls or 'HOME_PAGE' not in urls or not urls['HOME_PAGE']:\n            logging.error(f\"❌ Missing HOME_PAGE URL for test '{test_name}' (market: {market_code}, model: {model_code}).\")\n            allure.attach(f\"❌ Missing HOME_PAGE URL for test '{test_name}' (market: {market_code}, model: {model_code}).\")\n            return\n    \n    \n        # Generar ID único y consistente para Allure\n        uid_raw = f\"{test_name}_{market_code}_{model_code or 'unknown'}\"\n        uid_hashed = hashlib.md5(uid_raw.encode()).hexdigest()\n        allure.dynamic.id(uid_hashed)\n    \n        # Define browser options and create driver\n        options = build_chrome_options()\n        driver = create_driver(options)\n    \n        try:\n            # Set Allure suite hierarchy\n            allure.dynamic.parent_suite(f\"{market_code}\")  # Parent Suite\n            allure.dynamic.suite(f\"{test_name}\")  # Suite\n            allure.dynamic.sub_suite(f\"{model_code or 'N/A'} - {model_name or 'N/A'} ({body_type or 'N/A'})\")  # Sub-Suite\n    \n            # Add dynamic tags\n            allure.dynamic.tag(test_name)\n            allure.dynamic.tag(market_code)\n            if model_code:\n                allure.dynamic.tag(model_code)\n            if body_type:\n                allure.dynamic.tag(body_type)\n            if model_name:\n                allure.dynamic.tag(model_name)\n    \n            # Attach URLs to Allure\n            allure.attach(\n                json.dumps(urls, indent=2),\n                name=f\"URLs for {model_name or 'N/A'} ({body_type or 'N/A'})\",\n                attachment_type=allure.attachment_type.JSON\n            )\n    \n            # Extract base test name\n            base_test_name = test_name.split(\" - \")[0]\n    \n            # Run the test logic for the current model\n            try:\n                api_and_xhr = create_api_and_xhr(driver)\n                if api_and_xhr is None or api_and_xhr[1] is None:\n                    logging.error(\"❌ Failed to initialize API and XHR capturer.\")\n                    allure.attach(\"❌ Failed to initialize API and XHR capturer.\", name=\"Initialization Error\", attachment_type=allure.attachment_type.TEXT)\n                    return\n                if base_test_name in test_mapping:\n>                   run_test(driver, base_test_name, market_code, model_code, model_name, body_type, 1, urls, api_and_xhr, screenshot_dir)\n\nQAAppAllure.py:624: \n_ _ _ _ _ _ _ _ _ _ _ _ _ _ _ _ _ _ _ _ _ _ _ _ _ _ _ _ _ _ _ _ _ _ _ _ _ _ _ _ \n\ndriver = <selenium.webdriver.chrome.webdriver.WebDriver (session=\"2243c70c88c858207df52abeac9212d2\")>\ntest_name = 'Last Configuration Started', market_code = 'LU/fr'\nmodel_code = 'C174', model_name = 'CLA-ELECTRIC', body_type = 'SALOON'\nattempt = 1\nurls = {'BODY_TYPE': 'SALOON', 'CONFIGURATOR': 'https://www.mercedes-benz.lu/fr/passengercars/mercedes-benz-cars/car-configurator.html/motorization/CCci/LU/fr/CLA/LIMOUSINE', 'HOME_PAGE': 'https://www.mercedes-benz.lu/', 'MODEL_CODE': 'C174', ...}\napi_and_xhr = (<App.vehicle_api.VehicleAPI object at 0x7f65dd605e50>, <App.XHRResponseCapturer.XHRResponseCapturer object at 0x7f65dcad0c90>)\nscreenshot_dir = '/home/runner/work/QA-App-Allure/QA-App-Allure/Tests'\n\n    def run_test(driver, test_name, market_code, model_code, model_name, body_type, attempt, urls, api_and_xhr, screenshot_dir):\n        vehicle_api, xhr_capturer = api_and_xhr\n        test_success = False\n    \n        if not urls or 'HOME_PAGE' not in urls or not urls['HOME_PAGE']:\n            allure.attach(f\"❌ Could not fetch valid URLs for test '{test_name}' (market: {market_code}, model: {model_code})\")\n            pytest.fail(f\"Missing HOME_PAGE URL for test '{test_name}'\")\n    \n        allure.step(f\"\uD83C\uDF10 Fetched URLs from API for test '{test_name}':\\n\"\n                    f\"Model Name: {urls.get('MODEL_NAME', 'N/A')}\\n\"\n                    f\"Body Type: {urls.get('BODY_TYPE', 'N/A')}\\n\"\n                    f\"URLs:\\n{json.dumps(urls, indent=2)}\")\n    \n        # BFV Logic\n        if 'CONFIGURATOR' not in urls or not urls['CONFIGURATOR']:\n            if test_name in [\"BFV1\", \"BFV2\", \"BFV3\", \"Last Configuration Started\", \"Last Configuration Completed\"]:\n                message = f\"❌ Skipping test '{test_name}' due to lack of CONFIGURATOR URL.\"\n                logging.warning(message)\n                allure.dynamic.description(message)\n                pytest.skip(message)\n    \n        if 'ONLINE_SHOP' not in urls or not urls['ONLINE_SHOP']:\n            if test_name in [\"BFV2\", \"BFV3\", \"Last Seen PDP\", \"Last Seen SRP\"]:\n                message = f\"❌ Skipping test '{test_name}' due to lack of ONLINE_SHOP URL.\"\n                logging.warning(message)\n                allure.dynamic.description(message)\n                pytest.skip(message)\n    \n        if 'TEST_DRIVE' not in urls or not urls['TEST_DRIVE']:\n            if test_name == \"BFV3\":\n                message = f\"❌ Skipping test '{test_name}' due to lack of TEST_DRIVE URL.\"\n                logging.warning(message)\n                allure.dynamic.description(message)\n                pytest.skip(message)\n    \n        try:\n            driver.get(urls['HOME_PAGE'])\n            WebDriverWait(driver, 15).until(lambda d: d.execute_script(\"return document.readyState\") == \"complete\")\n            logging.info(f\"\uD83C\uDF0D Navigated to: {urls['HOME_PAGE']}\")\n        except Exception as e:\n            logging.error(f\"❌ Error navigating to HOME_PAGE: {e}\")\n            pytest.fail(f\"Error navigating to HOME_PAGE: {e}\")\n    \n    \n    \n        try:\n            WebDriverWait(driver, 15).until(\n                EC.presence_of_element_located((By.CSS_SELECTOR, \"cmm-cookie-banner\"))\n            )\n            time.sleep(2)\n            logging.info(\"✅ Cookie banner detected.\")\n            driver.execute_script(\"\"\"\n                document.querySelector(\"cmm-cookie-banner\").shadowRoot.querySelector(\"wb7-button.button--accept-all\").click();\n            \"\"\")\n            allure.step(\"✅ Clicked on accept cookies.\")\n        except Exception as ex:\n            allure.attach(\"❌ Cookie banner not found or already accepted.\")\n    \n        # Execute test\n        if test_name in test_mapping:\n            test_instance = test_mapping[test_name](driver, urls)\n            test_instance.run()\n            allure.step(f\"✅ {test_name} test completed.\")\n            time.sleep(4)\n    \n            test_success = verify_personalization_and_capture(\n                driver, test_name, model_name, body_type, attempt, screenshot_dir,\n                test_success, xhr_capturer, urls\n            )\n    \n        if not test_success:\n            failure_message = f\"❌ Test '{test_name}' failed.\"\n            logging.error(failure_message)\n            allure.attach(failure_message, name=\"Test Failure\", attachment_type=allure.attachment_type.TEXT)\n>           pytest.fail(failure_message)\nE           Failed: ❌ Test 'Last Configuration Started' failed.\n\nQAAppAllure.py:176: Failed","steps":[{"name":"Setting up stealth mode for the browser","time":{"start":1745967679293,"stop":1745967679336,"duration":43},"status":"passed","steps":[],"attachments":[],"parameters":[],"shouldDisplayMessage":false,"stepsCount":0,"attachmentsCount":0,"hasContent":false,"attachmentStep":false},{"name":"Enabling network logging","time":{"start":1745967679336,"stop":1745967679337,"duration":1},"status":"passed","steps":[],"attachments":[],"parameters":[],"shouldDisplayMessage":false,"stepsCount":0,"attachmentsCount":0,"hasContent":false,"attachmentStep":false},{"name":"Perform Last Configuration Started Test Logic","time":{"start":1745967688251,"stop":1745967695247,"duration":6996},"status":"broken","statusMessage":"selenium.common.exceptions.NoSuchElementException: Message: no such element: Unable to locate element: {\"method\":\"css selector\",\"selector\":\"#cc-app-container-main > div.cc-app-container__main-frame.cc-grid-container > div.cc-app-container__navigation.ng-star-inserted > cc-navigation > nav > div > ul > li:nth-child(3) > ccwb-text > a\"}\n  (Session info: chrome=135.0.7049.95); For documentation on this error, please visit: https://www.selenium.dev/documentation/webdriver/troubleshooting/errors#no-such-element-exception\nStacktrace:\n#0 0x55b2813fecea <unknown>\n#1 0x55b280eaf5f0 <unknown>\n#2 0x55b280f00a33 <unknown>\n#3 0x55b280f00c51 <unknown>\n#4 0x55b280ef4606 <unknown>\n#5 0x55b280f2668d <unknown>\n#6 0x55b280ef44ba <unknown>\n#7 0x55b280f2682e <unknown>\n#8 0x55b280f4c660 <unknown>\n#9 0x55b280f26433 <unknown>\n#10 0x55b280ef2ea3 <unknown>\n#11 0x55b280ef3b01 <unknown>\n#12 0x55b2813c3b3b <unknown>\n#13 0x55b2813c7a21 <unknown>\n#14 0x55b2813aac32 <unknown>\n#15 0x55b2813c8594 <unknown>\n#16 0x55b28138eeef <unknown>\n#17 0x55b2813ecd98 <unknown>\n#18 0x55b2813ecf76 <unknown>\n#19 0x55b2813fdb36 <unknown>\n#20 0x7fdaf969caa4 <unknown>\n#21 0x7fdaf9729c3c <unknown>\n\n","statusTrace":"  File \"/home/runner/.cache/pypoetry/virtualenvs/qa-allure-reporting-htvkMVQM-py3.13/lib/python3.13/site-packages/allure_commons/_allure.py\", line 202, in impl\n    return func(*a, **kw)\n  File \"/home/runner/work/QA-App-Allure/QA-App-Allure/TestsCodes/test_LastConfigStarted.py\", line 68, in perform_LCStarted_test\n    main_frame = shadow_root.find_element(By.CSS_SELECTOR, '#cc-app-container-main > div.cc-app-container__main-frame.cc-grid-container > div.cc-app-container__navigation.ng-star-inserted > cc-navigation > nav > div > ul > li:nth-child(3) > ccwb-text > a')\n  File \"/home/runner/.cache/pypoetry/virtualenvs/qa-allure-reporting-htvkMVQM-py3.13/lib/python3.13/site-packages/selenium/webdriver/remote/shadowroot.py\", line 79, in find_element\n    return self._execute(Command.FIND_ELEMENT_FROM_SHADOW_ROOT, {\"using\": by, \"value\": value})[\"value\"]\n           ~~~~~~~~~~~~~^^^^^^^^^^^^^^^^^^^^^^^^^^^^^^^^^^^^^^^^^^^^^^^^^^^^^^^^^^^^^^^^^^^^^^\n  File \"/home/runner/.cache/pypoetry/virtualenvs/qa-allure-reporting-htvkMVQM-py3.13/lib/python3.13/site-packages/selenium/webdriver/remote/shadowroot.py\", line 133, in _execute\n    return self.session.execute(command, params)\n           ~~~~~~~~~~~~~~~~~~~~^^^^^^^^^^^^^^^^^\n  File \"/home/runner/.cache/pypoetry/virtualenvs/qa-allure-reporting-htvkMVQM-py3.13/lib/python3.13/site-packages/selenium/webdriver/remote/webdriver.py\", line 429, in execute\n    self.error_handler.check_response(response)\n    ~~~~~~~~~~~~~~~~~~~~~~~~~~~~~~~~~^^^^^^^^^^\n  File \"/home/runner/.cache/pypoetry/virtualenvs/qa-allure-reporting-htvkMVQM-py3.13/lib/python3.13/site-packages/selenium/webdriver/remote/errorhandler.py\", line 232, in check_response\n    raise exception_class(message, screen, stacktrace)\n","steps":[{"name":"\uD83C\uDF0D Navigated to: https://www.mercedes-benz.lu/fr/passengercars/mercedes-benz-cars/car-configurator.html/motorization/CCci/LU/fr/CLA/LIMOUSINE","time":{"start":1745967688251,"stop":1745967695195,"duration":6944},"status":"passed","steps":[],"attachments":[],"parameters":[],"shouldDisplayMessage":false,"stepsCount":0,"attachmentsCount":0,"hasContent":false,"attachmentStep":false},{"name":"✅ Executed actions in configurator","time":{"start":1745967695195,"stop":1745967695245,"duration":50},"status":"broken","statusMessage":"selenium.common.exceptions.NoSuchElementException: Message: no such element: Unable to locate element: {\"method\":\"css selector\",\"selector\":\"#cc-app-container-main > div.cc-app-container__main-frame.cc-grid-container > div.cc-app-container__navigation.ng-star-inserted > cc-navigation > nav > div > ul > li:nth-child(3) > ccwb-text > a\"}\n  (Session info: chrome=135.0.7049.95); For documentation on this error, please visit: https://www.selenium.dev/documentation/webdriver/troubleshooting/errors#no-such-element-exception\nStacktrace:\n#0 0x55b2813fecea <unknown>\n#1 0x55b280eaf5f0 <unknown>\n#2 0x55b280f00a33 <unknown>\n#3 0x55b280f00c51 <unknown>\n#4 0x55b280ef4606 <unknown>\n#5 0x55b280f2668d <unknown>\n#6 0x55b280ef44ba <unknown>\n#7 0x55b280f2682e <unknown>\n#8 0x55b280f4c660 <unknown>\n#9 0x55b280f26433 <unknown>\n#10 0x55b280ef2ea3 <unknown>\n#11 0x55b280ef3b01 <unknown>\n#12 0x55b2813c3b3b <unknown>\n#13 0x55b2813c7a21 <unknown>\n#14 0x55b2813aac32 <unknown>\n#15 0x55b2813c8594 <unknown>\n#16 0x55b28138eeef <unknown>\n#17 0x55b2813ecd98 <unknown>\n#18 0x55b2813ecf76 <unknown>\n#19 0x55b2813fdb36 <unknown>\n#20 0x7fdaf969caa4 <unknown>\n#21 0x7fdaf9729c3c <unknown>\n\n","statusTrace":"  File \"/home/runner/work/QA-App-Allure/QA-App-Allure/TestsCodes/test_LastConfigStarted.py\", line 68, in perform_LCStarted_test\n    main_frame = shadow_root.find_element(By.CSS_SELECTOR, '#cc-app-container-main > div.cc-app-container__main-frame.cc-grid-container > div.cc-app-container__navigation.ng-star-inserted > cc-navigation > nav > div > ul > li:nth-child(3) > ccwb-text > a')\n  File \"/home/runner/.cache/pypoetry/virtualenvs/qa-allure-reporting-htvkMVQM-py3.13/lib/python3.13/site-packages/selenium/webdriver/remote/shadowroot.py\", line 79, in find_element\n    return self._execute(Command.FIND_ELEMENT_FROM_SHADOW_ROOT, {\"using\": by, \"value\": value})[\"value\"]\n           ~~~~~~~~~~~~~^^^^^^^^^^^^^^^^^^^^^^^^^^^^^^^^^^^^^^^^^^^^^^^^^^^^^^^^^^^^^^^^^^^^^^\n  File \"/home/runner/.cache/pypoetry/virtualenvs/qa-allure-reporting-htvkMVQM-py3.13/lib/python3.13/site-packages/selenium/webdriver/remote/shadowroot.py\", line 133, in _execute\n    return self.session.execute(command, params)\n           ~~~~~~~~~~~~~~~~~~~~^^^^^^^^^^^^^^^^^\n  File \"/home/runner/.cache/pypoetry/virtualenvs/qa-allure-reporting-htvkMVQM-py3.13/lib/python3.13/site-packages/selenium/webdriver/remote/webdriver.py\", line 429, in execute\n    self.error_handler.check_response(response)\n    ~~~~~~~~~~~~~~~~~~~~~~~~~~~~~~~~~^^^^^^^^^^\n  File \"/home/runner/.cache/pypoetry/virtualenvs/qa-allure-reporting-htvkMVQM-py3.13/lib/python3.13/site-packages/selenium/webdriver/remote/errorhandler.py\", line 232, in check_response\n    raise exception_class(message, screen, stacktrace)\n","steps":[],"attachments":[],"parameters":[],"shouldDisplayMessage":true,"stepsCount":0,"attachmentsCount":0,"hasContent":true,"attachmentStep":false}],"attachments":[],"parameters":[],"shouldDisplayMessage":false,"stepsCount":2,"attachmentsCount":0,"hasContent":true,"attachmentStep":false},{"name":"Perform Last Configuration Started Test Logic","time":{"start":1745967695248,"stop":1745967709801,"duration":14553},"status":"passed","steps":[{"name":"\uD83C\uDF0D Navigated to: https://www.mercedes-benz.lu/fr/passengercars/mercedes-benz-cars/car-configurator.html/motorization/CCci/LU/fr/CLA/LIMOUSINE","time":{"start":1745967695248,"stop":1745967700308,"duration":5060},"status":"passed","steps":[],"attachments":[],"parameters":[],"shouldDisplayMessage":false,"stepsCount":0,"attachmentsCount":0,"hasContent":false,"attachmentStep":false},{"name":"✅ Executed actions in configurator","time":{"start":1745967700308,"stop":1745967700673,"duration":365},"status":"passed","steps":[],"attachments":[],"parameters":[],"shouldDisplayMessage":false,"stepsCount":0,"attachmentsCount":0,"hasContent":false,"attachmentStep":false},{"name":"\uD83C\uDF0D Navigated back to: https://www.mercedes-benz.lu/","time":{"start":1745967706090,"stop":1745967709801,"duration":3711},"status":"passed","steps":[],"attachments":[],"parameters":[],"shouldDisplayMessage":false,"stepsCount":0,"attachmentsCount":0,"hasContent":false,"attachmentStep":false}],"attachments":[],"parameters":[],"shouldDisplayMessage":false,"stepsCount":3,"attachmentsCount":0,"hasContent":true,"attachmentStep":false},{"name":"\uD83D\uDD0D Checking userGroup in XHR responses...","time":{"start":1745967713802,"stop":1745967715583,"duration":1781},"status":"passed","steps":[{"name":"Setting campaign name substring for test: Last Configuration Started","time":{"start":1745967713802,"stop":1745967713802,"duration":0},"status":"passed","steps":[],"attachments":[{"uid":"d2c680353ac211f6","name":"Info","source":"d2c680353ac211f6.txt","type":"text/plain","size":50}],"parameters":[],"shouldDisplayMessage":false,"stepsCount":0,"attachmentsCount":1,"hasContent":true,"attachmentStep":false},{"name":"Capturing XHR responses","time":{"start":1745967713802,"stop":1745967715539,"duration":1737},"status":"passed","steps":[],"attachments":[{"uid":"84bb3f55988ff030","name":"Filtered Campaign Response from https://daimleragemea.germany-2.evergage.com/api2/event/mb_luxembourg_prod?event=eyJhY3Rpb24iOiJIb21lIFBhZ2UiLCJpdGVtQWN0aW9uIjpudWxsLCJzb3VyY2UiOnsicGFnZVR5cGUiOiJob21lIiwibG9jYWxlIjoiZnJfTFUiLCJjb250ZW50Wm9uZXMiOltdLCJ1cmwiOiJodHRwczovL3d3dy5tZXJjZWRlcy1iZW56Lmx1L2ZyIiwidXJsUmVmZXJyZXIiOiIiLCJjaGFubmVsIjoiV2ViIiwiYmVhY29uVmVyc2lvbiI6MTYsImNvbmZpZ1ZlcnNpb24iOiI1NCJ9LCJmbGFncyI6eyJwYWdlVmlldyI6dHJ1ZX0sInVzZXIiOnsiYXR0cmlidXRlcyI6eyJnYUNsaWVudElEIjoiMTQzMzI5MTYyMS4xNzQ1OTY3Njg4In0sImFub25JZCI6IjI0YTJhNmE2NWVmNzM5NjMifSwicGVyZm9ybWFuY2UiOnt9LCJkZWJ1ZyI6eyJleHBsYW5hdGlvbnMiOnRydWV9LCJjYXRhbG9nIjp7fSwiY29uc2VudHMiOltdLCJhY2NvdW50Ijp7fSwiX3Rvb2xzRXZlbnRMaW5rSWQiOiI1MTEyODA1MzI5MDQ0NTY2In0%3D","source":"84bb3f55988ff030.json","type":"application/json","size":2359}],"parameters":[],"shouldDisplayMessage":false,"stepsCount":0,"attachmentsCount":1,"hasContent":true,"attachmentStep":false},{"name":"❌ Campaign 'last-configuration | private vans and all car models | home | simple-teaser and campaign-module' is in the Control Group. Retrying test without marking success or failure.","time":{"start":1745967715583,"stop":1745967715583,"duration":0},"status":"passed","steps":[],"attachments":[],"parameters":[],"shouldDisplayMessage":false,"stepsCount":0,"attachmentsCount":0,"hasContent":false,"attachmentStep":false}],"attachments":[],"parameters":[],"shouldDisplayMessage":false,"stepsCount":3,"attachmentsCount":2,"hasContent":true,"attachmentStep":false}],"attachments":[{"uid":"bd0107d61c2c34b9","name":"URLs for CLA-ELECTRIC (SALOON)","source":"bd0107d61c2c34b9.json","type":"application/json","size":426},{"uid":"38645152ce665cd4","name":"Test Failure","source":"38645152ce665cd4.txt","type":"text/plain","size":45},{"uid":"34fed11c4937cb63","name":"log","source":"34fed11c4937cb63.txt","type":"text/plain","size":24098}],"parameters":[],"shouldDisplayMessage":true,"stepsCount":13,"attachmentsCount":5,"hasContent":true,"attachmentStep":false},"afterStages":[],"labels":[{"name":"as_id","value":"9eca31cfca0221049a91ad03130150ef"},{"name":"parentSuite","value":"LU/fr"},{"name":"suite","value":"Last Configuration Started"},{"name":"subSuite","value":"C174 - CLA-ELECTRIC (SALOON)"},{"name":"tag","value":"Last Configuration Started"},{"name":"tag","value":"LU/fr"},{"name":"tag","value":"C174"},{"name":"tag","value":"SALOON"},{"name":"tag","value":"CLA-ELECTRIC"},{"name":"host","value":"fv-az1691-396"},{"name":"thread","value":"2550-MainThread"},{"name":"framework","value":"pytest"},{"name":"language","value":"cpython3"},{"name":"package","value":"QAAppAllure"},{"name":"resultFormat","value":"allure2"}],"parameters":[{"name":"test_case","value":"{'test_name': 'Last Configuration Started', 'market_code': 'LU/fr', 'model_code': 'C174', 'urls': {'MODEL_CODE': 'C174', 'PRODUCT_PAGE': 'https://www.mercedes-benz.lu/fr/passengercars/models/saloon/cla-electric/overview.html', 'CONFIGURATOR': 'https://www.mercedes-benz.lu/fr/passengercars/mercedes-benz-cars/car-configurator.html/motorization/CCci/LU/fr/CLA/LIMOUSINE', 'ONLINE_SHOP': '', 'TEST_DRIVE': '', 'HOME_PAGE': 'https://www.mercedes-benz.lu/', 'BODY_TYPE': 'SALOON', 'MODEL_NAME': 'CLA-ELECTRIC'}, 'model_name': 'CLA-ELECTRIC', 'body_type': 'SALOON'}"}],"links":[],"hidden":true,"retry":true,"extra":{"categories":[],"tags":["CLA-ELECTRIC","LU/fr","C174","SALOON","Last Configuration Started"]},"source":"ef1cb58afb784a16.json","parameterValues":["{'test_name': 'Last Configuration Started', 'market_code': 'LU/fr', 'model_code': 'C174', 'urls': {'MODEL_CODE': 'C174', 'PRODUCT_PAGE': 'https://www.mercedes-benz.lu/fr/passengercars/models/saloon/cla-electric/overview.html', 'CONFIGURATOR': 'https://www.mercedes-benz.lu/fr/passengercars/mercedes-benz-cars/car-configurator.html/motorization/CCci/LU/fr/CLA/LIMOUSINE', 'ONLINE_SHOP': '', 'TEST_DRIVE': '', 'HOME_PAGE': 'https://www.mercedes-benz.lu/', 'BODY_TYPE': 'SALOON', 'MODEL_NAME': 'CLA-ELECTRIC'}, 'model_name': 'CLA-ELECTRIC', 'body_type': 'SALOON'}"]}