{"name": "test_run[test_case24]", "status": "failed", "statusDetails": {"message": "Failed: ‚ùå Test 'BFV3' failed.", "trace": "test_case = {'body_type': 'COUPE', 'market_code': 'AT/de', 'model_code': 'C118-fl', 'model_name': 'CLA', ...}\nscreenshot_dir = 'C:\\\\Python\\\\QA App Allure\\\\QA-App-Allure\\\\Tests'\n\n    @pytest.mark.parametrize(\"test_case\", all_test_cases)\n    def test_run(test_case, screenshot_dir):\n        \"\"\"\n        Runs a test for each test case, either manually defined or dynamically fetched.\n        \"\"\"\n        test_name = test_case['test_name']\n        market_code = test_case.get('market_code', 'BE/nl')\n        model_code = test_case.get('model_code', None)\n        model_name = test_case.get('model_name', None)\n        body_type = test_case.get('body_type', None)\n        urls = test_case.get('urls', {})\n    \n        # Log test case details\n        logging.info(f\"Running test case: {json.dumps(test_case, indent=2)}\")\n    \n        # Validate URLs\n        if not urls or 'HOME_PAGE' not in urls or not urls['HOME_PAGE']:\n            logging.error(f\"‚ùå Missing HOME_PAGE URL for test '{test_name}' (market: {market_code}, model: {model_code}).\")\n            allure.attach(f\"‚ùå Missing HOME_PAGE URL for test '{test_name}' (market: {market_code}, model: {model_code}).\")\n            return\n    \n    \n        # Generar ID √∫nico y consistente para Allure\n        uid_raw = f\"{test_name}_{market_code}_{model_code or 'unknown'}\"\n        uid_hashed = hashlib.md5(uid_raw.encode()).hexdigest()\n        allure.dynamic.id(uid_hashed)\n    \n        # Define browser options and create driver\n        options = build_chrome_options()\n        driver = create_driver(options)\n    \n        try:\n            # Set Allure suite hierarchy\n            allure.dynamic.parent_suite(f\"{market_code}\")  # Parent Suite\n            allure.dynamic.suite(f\"{test_name}\")  # Suite\n            allure.dynamic.sub_suite(f\"{model_code or 'N/A'} - {model_name or 'N/A'} ({body_type or 'N/A'})\")  # Sub-Suite\n    \n            # Add dynamic tags\n            allure.dynamic.tag(test_name)\n            allure.dynamic.tag(market_code)\n            if model_code:\n                allure.dynamic.tag(model_code)\n            if body_type:\n                allure.dynamic.tag(body_type)\n            if model_name:\n                allure.dynamic.tag(model_name)\n    \n            # Attach URLs to Allure\n            allure.attach(\n                json.dumps(urls, indent=2),\n                name=f\"URLs for {model_name or 'N/A'} ({body_type or 'N/A'})\",\n                attachment_type=allure.attachment_type.JSON\n            )\n    \n            # Extract base test name\n            base_test_name = test_name.split(\" - \")[0]\n    \n            # Run the test logic for the current model\n            try:\n                api_and_xhr = create_api_and_xhr(driver)\n                if api_and_xhr is None or api_and_xhr[1] is None:\n                    logging.error(\"‚ùå Failed to initialize API and XHR capturer.\")\n                    allure.attach(\"‚ùå Failed to initialize API and XHR capturer.\", name=\"Initialization Error\", attachment_type=allure.attachment_type.TEXT)\n                    return\n                if base_test_name in test_mapping:\n>                   run_test(driver, base_test_name, market_code, model_code, model_name, body_type, 1, urls, api_and_xhr, screenshot_dir)\n\nQAAppAllure.py:293: \n_ _ _ _ _ _ _ _ _ _ _ _ _ _ _ _ _ _ _ _ _ _ _ _ _ _ _ _ _ _ _ _ _ _ _ _ _ _ _ _\n\ndriver = <selenium.webdriver.chrome.webdriver.WebDriver (session=\"a1f9404292341146e93e232269ac02ee\")>\ntest_name = 'BFV3', market_code = 'AT/de', model_code = 'C118-fl'\nmodel_name = 'CLA', body_type = 'COUPE', attempt = 1\nurls = {'BODY_TYPE': 'COUPE', 'CONFIGURATOR': 'https://www.mercedes-benz.at/passengercars/mercedes-benz-cars/car-configurator.html/motorization/CCci/AT/de/CLA/COUPE', 'HOME_PAGE': 'https://www.mercedes-benz.at/', 'MODEL_CODE': 'C118-fl', ...}\napi_and_xhr = (<App.vehicle_api.VehicleAPI object at 0x00000224AC010050>, <App.XHRResponseCapturer.XHRResponseCapturer object at 0x00000224AC064C90>)\nscreenshot_dir = 'C:\\\\Python\\\\QA App Allure\\\\QA-App-Allure\\\\Tests'\n\n    def run_test(driver, test_name, market_code, model_code, model_name, body_type, attempt, urls, api_and_xhr, screenshot_dir):\n        vehicle_api, xhr_capturer = api_and_xhr\n        test_success = False\n    \n        if not urls or 'HOME_PAGE' not in urls or not urls['HOME_PAGE']:\n            allure.attach(f\"‚ùå Could not fetch valid URLs for test '{test_name}' (market: {market_code}, model: {model_code})\")\n            pytest.fail(f\"Missing HOME_PAGE URL for test '{test_name}'\")\n    \n        allure.step(f\"üåê Fetched URLs from API for test '{test_name}':\\n\"\n                    f\"Model Name: {urls.get('MODEL_NAME', 'N/A')}\\n\"\n                    f\"Body Type: {urls.get('BODY_TYPE', 'N/A')}\\n\"\n                    f\"URLs:\\n{json.dumps(urls, indent=2)}\")\n    \n        # BFV Logic\n        if 'CONFIGURATOR' not in urls or not urls['CONFIGURATOR']:\n            if test_name in [\"BFV1\", \"BFV2\", \"BFV3\", \"Last Configuration Started\", \"Last Configuration Completed\"]:\n                message = f\"‚ùå Skipping test '{test_name}' due to lack of CONFIGURATOR URL.\"\n                logging.warning(message)\n                allure.dynamic.description(message)\n                pytest.skip(message)\n    \n        if 'ONLINE_SHOP' not in urls or not urls['ONLINE_SHOP']:\n            if test_name in [\"BFV2\", \"BFV3\", \"Last Seen PDP\", \"Last Seen SRP\"]:\n                message = f\"‚ùå Skipping test '{test_name}' due to lack of ONLINE_SHOP URL.\"\n                logging.warning(message)\n                allure.dynamic.description(message)\n                pytest.skip(message)\n    \n        if 'TEST_DRIVE' not in urls or not urls['TEST_DRIVE']:\n            if test_name == \"BFV3\":\n                message = f\"‚ùå Skipping test '{test_name}' due to lack of TEST_DRIVE URL.\"\n                logging.warning(message)\n                allure.dynamic.description(message)\n                pytest.skip(message)\n    \n        try:\n            driver.get(urls['HOME_PAGE'])\n            WebDriverWait(driver, 15).until(lambda d: d.execute_script(\"return document.readyState\") == \"complete\")\n            logging.info(f\"üåç Navigated to: {urls['HOME_PAGE']}\")\n        except Exception as e:\n            logging.error(f\"‚ùå Error navigating to HOME_PAGE: {e}\")\n            pytest.fail(f\"Error navigating to HOME_PAGE: {e}\")\n    \n    \n    \n        try:\n            WebDriverWait(driver, 15).until(\n                EC.presence_of_element_located((By.CSS_SELECTOR, \"cmm-cookie-banner\"))\n            )\n            time.sleep(2)\n            logging.info(\"‚úÖ Cookie banner detected.\")\n            driver.execute_script(\"\"\"\n                document.querySelector(\"cmm-cookie-banner\").shadowRoot.querySelector(\"wb7-button.button--accept-all\").click();\n            \"\"\")\n            allure.step(\"‚úÖ Clicked on accept cookies.\")\n        except Exception as ex:\n            allure.attach(\"‚ùå Cookie banner not found or already accepted.\")\n    \n        # Execute test\n        if test_name in test_mapping:\n            test_instance = test_mapping[test_name](driver, urls)\n            test_instance.run()\n            allure.step(f\"‚úÖ {test_name} test completed.\")\n            time.sleep(4)\n    \n            test_success = verify_personalization_and_capture(\n                driver, test_name, model_name, body_type, attempt, screenshot_dir,\n                test_success, xhr_capturer, urls\n            )\n    \n        if not test_success:\n            failure_message = f\"‚ùå Test '{test_name}' failed.\"\n            logging.error(failure_message)\n            allure.attach(failure_message, name=\"Test Failure\", attachment_type=allure.attachment_type.TEXT)\n>           pytest.fail(failure_message)\nE           Failed: ‚ùå Test 'BFV3' failed.\n\nQAAppAllure.py:176: Failed"}, "description": "\nRuns a test for each test case, either manually defined or dynamically fetched.\n", "steps": [{"name": "Setting up stealth mode for the browser", "status": "passed", "start": 1745844103765, "stop": 1745844103911}, {"name": "Enabling network logging", "status": "passed", "start": 1745844103911, "stop": 1745844103921}, {"name": "Perform BFV3 Test Logic", "status": "broken", "statusDetails": {"message": "selenium.common.exceptions.ElementClickInterceptedException: Message: element click intercepted: Element <a _ngcontent-ng-c2521831864=\"\" queryparamshandling=\"merge\" rel=\"nofollow\" class=\"cc-navigation__button cc-navigation__group\" navigation-menu-item-data-id=\"/configuration/CCci/AT/de/de_AT__1183101_AT1__AU-311_GC-426_LE-L_LU-696_MJ-806_PC-PBG-PSA-U59-U62_SA-00U-01U-02B-213-218-243-258-25R-270-286-287-294-310-345-351-355-362-365-367-428-440-475-504-521-537-543-580-58U-608-632-677-679-70B-72B-73B-79B-7U2-824-859-873-88B-927-968-971-986-B51-B59-L3E-R01-U01-U10-U12-U55-U60-U79_SC-0K2-0S3-0U1-1B3-1U3-2S2-2U1-2U8-502-51B-5S9-6P5-7B4-8P3-8S8-8U6-8U8-98B-998-B09-K13-K45-R7D-V50/paints\">...</a> is not clickable at point (588, 227). Other element would receive the click: <cmm-cookie-banner settings-id=\"k-l7rZd3t\" variant=\"A\" data-language=\"de\" data-market=\"AT\" class=\"hydrated\" data-workbench-version=\"7.64.1\"></cmm-cookie-banner>\n  (Session info: chrome=135.0.7049.115)\nStacktrace:\n\tGetHandleVerifier [0x00007FF6565EEFA5+77893]\n\tGetHandleVerifier [0x00007FF6565EF000+77984]\n\t(No symbol) [0x00007FF6563B91BA]\n\t(No symbol) [0x00007FF6564170A9]\n\t(No symbol) [0x00007FF656414A62]\n\t(No symbol) [0x00007FF656411B01]\n\t(No symbol) [0x00007FF656410A01]\n\t(No symbol) [0x00007FF656402134]\n\t(No symbol) [0x00007FF65643712A]\n\t(No symbol) [0x00007FF6564019E6]\n\t(No symbol) [0x00007FF656437340]\n\t(No symbol) [0x00007FF65645F07F]\n\t(No symbol) [0x00007FF656436F03]\n\t(No symbol) [0x00007FF656400328]\n\t(No symbol) [0x00007FF656401093]\n\tGetHandleVerifier [0x00007FF6568A7B6D+2931725]\n\tGetHandleVerifier [0x00007FF6568A2132+2908626]\n\tGetHandleVerifier [0x00007FF6568C00F3+3031443]\n\tGetHandleVerifier [0x00007FF6566091EA+184970]\n\tGetHandleVerifier [0x00007FF65661086F+215311]\n\tGetHandleVerifier [0x00007FF6565F6EC4+110436]\n\tGetHandleVerifier [0x00007FF6565F7072+110866]\n\tGetHandleVerifier [0x00007FF6565DD479+5401]\n\t(No symbol) [0x00007FFD5E03259D]\n\tRtlUserThreadStart [0x00007FFD5FE6AF38+40]\n\n", "trace": "  File \"C:\\Users\\luis.sepulveda\\AppData\\Local\\Programs\\Python\\Python313\\Lib\\site-packages\\allure_commons\\_allure.py\", line 192, in impl\n    return func(*a, **kw)\n  File \"C:\\Python\\QA App Allure\\QA-App-Allure\\TestsCodes\\test_bfv3.py\", line 87, in perform_bfv3_test\n    main_frame.click()\n    ~~~~~~~~~~~~~~~~^^\n  File \"C:\\Users\\luis.sepulveda\\AppData\\Local\\Programs\\Python\\Python313\\Lib\\site-packages\\selenium\\webdriver\\remote\\webelement.py\", line 119, in click\n    self._execute(Command.CLICK_ELEMENT)\n    ~~~~~~~~~~~~~^^^^^^^^^^^^^^^^^^^^^^^\n  File \"C:\\Users\\luis.sepulveda\\AppData\\Local\\Programs\\Python\\Python313\\Lib\\site-packages\\selenium\\webdriver\\remote\\webelement.py\", line 572, in _execute\n    return self._parent.execute(command, params)\n           ~~~~~~~~~~~~~~~~~~~~^^^^^^^^^^^^^^^^^\n  File \"C:\\Users\\luis.sepulveda\\AppData\\Local\\Programs\\Python\\Python313\\Lib\\site-packages\\selenium\\webdriver\\remote\\webdriver.py\", line 429, in execute\n    self.error_handler.check_response(response)\n    ~~~~~~~~~~~~~~~~~~~~~~~~~~~~~~~~~^^^^^^^^^^\n  File \"C:\\Users\\luis.sepulveda\\AppData\\Local\\Programs\\Python\\Python313\\Lib\\site-packages\\selenium\\webdriver\\remote\\errorhandler.py\", line 232, in check_response\n    raise exception_class(message, screen, stacktrace)\n"}, "steps": [{"name": "üåç Navigated to: https://www.mercedes-benz.at/passengercars/models/coupe/cla/overview.html", "status": "passed", "start": 1745844129342, "stop": 1745844143731}, {"name": "üåç Navigated to: https://www.mercedes-benz.at/passengercars/mercedes-benz-cars/car-configurator.html/motorization/CCci/AT/de/CLA/COUPE", "status": "passed", "start": 1745844143732, "stop": 1745844147959}, {"name": "‚úÖ Executed actions in configurator", "status": "broken", "statusDetails": {"message": "selenium.common.exceptions.ElementClickInterceptedException: Message: element click intercepted: Element <a _ngcontent-ng-c2521831864=\"\" queryparamshandling=\"merge\" rel=\"nofollow\" class=\"cc-navigation__button cc-navigation__group\" navigation-menu-item-data-id=\"/configuration/CCci/AT/de/de_AT__1183101_AT1__AU-311_GC-426_LE-L_LU-696_MJ-806_PC-PBG-PSA-U59-U62_SA-00U-01U-02B-213-218-243-258-25R-270-286-287-294-310-345-351-355-362-365-367-428-440-475-504-521-537-543-580-58U-608-632-677-679-70B-72B-73B-79B-7U2-824-859-873-88B-927-968-971-986-B51-B59-L3E-R01-U01-U10-U12-U55-U60-U79_SC-0K2-0S3-0U1-1B3-1U3-2S2-2U1-2U8-502-51B-5S9-6P5-7B4-8P3-8S8-8U6-8U8-98B-998-B09-K13-K45-R7D-V50/paints\">...</a> is not clickable at point (588, 227). Other element would receive the click: <cmm-cookie-banner settings-id=\"k-l7rZd3t\" variant=\"A\" data-language=\"de\" data-market=\"AT\" class=\"hydrated\" data-workbench-version=\"7.64.1\"></cmm-cookie-banner>\n  (Session info: chrome=135.0.7049.115)\nStacktrace:\n\tGetHandleVerifier [0x00007FF6565EEFA5+77893]\n\tGetHandleVerifier [0x00007FF6565EF000+77984]\n\t(No symbol) [0x00007FF6563B91BA]\n\t(No symbol) [0x00007FF6564170A9]\n\t(No symbol) [0x00007FF656414A62]\n\t(No symbol) [0x00007FF656411B01]\n\t(No symbol) [0x00007FF656410A01]\n\t(No symbol) [0x00007FF656402134]\n\t(No symbol) [0x00007FF65643712A]\n\t(No symbol) [0x00007FF6564019E6]\n\t(No symbol) [0x00007FF656437340]\n\t(No symbol) [0x00007FF65645F07F]\n\t(No symbol) [0x00007FF656436F03]\n\t(No symbol) [0x00007FF656400328]\n\t(No symbol) [0x00007FF656401093]\n\tGetHandleVerifier [0x00007FF6568A7B6D+2931725]\n\tGetHandleVerifier [0x00007FF6568A2132+2908626]\n\tGetHandleVerifier [0x00007FF6568C00F3+3031443]\n\tGetHandleVerifier [0x00007FF6566091EA+184970]\n\tGetHandleVerifier [0x00007FF65661086F+215311]\n\tGetHandleVerifier [0x00007FF6565F6EC4+110436]\n\tGetHandleVerifier [0x00007FF6565F7072+110866]\n\tGetHandleVerifier [0x00007FF6565DD479+5401]\n\t(No symbol) [0x00007FFD5E03259D]\n\tRtlUserThreadStart [0x00007FFD5FE6AF38+40]\n\n", "trace": "  File \"C:\\Python\\QA App Allure\\QA-App-Allure\\TestsCodes\\test_bfv3.py\", line 87, in perform_bfv3_test\n    main_frame.click()\n    ~~~~~~~~~~~~~~~~^^\n  File \"C:\\Users\\luis.sepulveda\\AppData\\Local\\Programs\\Python\\Python313\\Lib\\site-packages\\selenium\\webdriver\\remote\\webelement.py\", line 119, in click\n    self._execute(Command.CLICK_ELEMENT)\n    ~~~~~~~~~~~~~^^^^^^^^^^^^^^^^^^^^^^^\n  File \"C:\\Users\\luis.sepulveda\\AppData\\Local\\Programs\\Python\\Python313\\Lib\\site-packages\\selenium\\webdriver\\remote\\webelement.py\", line 572, in _execute\n    return self._parent.execute(command, params)\n           ~~~~~~~~~~~~~~~~~~~~^^^^^^^^^^^^^^^^^\n  File \"C:\\Users\\luis.sepulveda\\AppData\\Local\\Programs\\Python\\Python313\\Lib\\site-packages\\selenium\\webdriver\\remote\\webdriver.py\", line 429, in execute\n    self.error_handler.check_response(response)\n    ~~~~~~~~~~~~~~~~~~~~~~~~~~~~~~~~~^^^^^^^^^^\n  File \"C:\\Users\\luis.sepulveda\\AppData\\Local\\Programs\\Python\\Python313\\Lib\\site-packages\\selenium\\webdriver\\remote\\errorhandler.py\", line 232, in check_response\n    raise exception_class(message, screen, stacktrace)\n"}, "start": 1745844147959, "stop": 1745844155552}], "start": 1745844114759, "stop": 1745844155555}, {"name": "Perform BFV3 Test Logic", "status": "broken", "statusDetails": {"message": "selenium.common.exceptions.ElementClickInterceptedException: Message: element click intercepted: Element <a _ngcontent-ng-c2521831864=\"\" queryparamshandling=\"merge\" rel=\"nofollow\" class=\"cc-navigation__button cc-navigation__group\" navigation-menu-item-data-id=\"/configuration/CCci/AT/de/de_AT__1183101_AT1__AU-311_GC-426_LE-L_LU-696_MJ-806_PC-PBG-PSA-U59-U62_SA-00U-01U-02B-213-218-243-258-25R-270-286-287-294-310-345-351-355-362-365-367-428-440-475-504-521-537-543-580-58U-608-632-677-679-70B-72B-73B-79B-7U2-824-859-873-88B-927-968-971-986-B51-B59-L3E-R01-U01-U10-U12-U55-U60-U79_SC-0K2-0S3-0U1-1B3-1U3-2S2-2U1-2U8-502-51B-5S9-6P5-7B4-8P3-8S8-8U6-8U8-98B-998-B09-K13-K45-R7D-V50/paints\">...</a> is not clickable at point (588, 223). Other element would receive the click: <cmm-cookie-banner settings-id=\"k-l7rZd3t\" variant=\"A\" data-language=\"de\" data-market=\"AT\" class=\"hydrated\" data-workbench-version=\"7.64.1\"></cmm-cookie-banner>\n  (Session info: chrome=135.0.7049.115)\nStacktrace:\n\tGetHandleVerifier [0x00007FF6565EEFA5+77893]\n\tGetHandleVerifier [0x00007FF6565EF000+77984]\n\t(No symbol) [0x00007FF6563B91BA]\n\t(No symbol) [0x00007FF6564170A9]\n\t(No symbol) [0x00007FF656414A62]\n\t(No symbol) [0x00007FF656411B01]\n\t(No symbol) [0x00007FF656410A01]\n\t(No symbol) [0x00007FF656402134]\n\t(No symbol) [0x00007FF65643712A]\n\t(No symbol) [0x00007FF6564019E6]\n\t(No symbol) [0x00007FF656437340]\n\t(No symbol) [0x00007FF65645F07F]\n\t(No symbol) [0x00007FF656436F03]\n\t(No symbol) [0x00007FF656400328]\n\t(No symbol) [0x00007FF656401093]\n\tGetHandleVerifier [0x00007FF6568A7B6D+2931725]\n\tGetHandleVerifier [0x00007FF6568A2132+2908626]\n\tGetHandleVerifier [0x00007FF6568C00F3+3031443]\n\tGetHandleVerifier [0x00007FF6566091EA+184970]\n\tGetHandleVerifier [0x00007FF65661086F+215311]\n\tGetHandleVerifier [0x00007FF6565F6EC4+110436]\n\tGetHandleVerifier [0x00007FF6565F7072+110866]\n\tGetHandleVerifier [0x00007FF6565DD479+5401]\n\t(No symbol) [0x00007FFD5E03259D]\n\tRtlUserThreadStart [0x00007FFD5FE6AF38+40]\n\n", "trace": "  File \"C:\\Users\\luis.sepulveda\\AppData\\Local\\Programs\\Python\\Python313\\Lib\\site-packages\\allure_commons\\_allure.py\", line 192, in impl\n    return func(*a, **kw)\n  File \"C:\\Python\\QA App Allure\\QA-App-Allure\\TestsCodes\\test_bfv3.py\", line 87, in perform_bfv3_test\n    main_frame.click()\n    ~~~~~~~~~~~~~~~~^^\n  File \"C:\\Users\\luis.sepulveda\\AppData\\Local\\Programs\\Python\\Python313\\Lib\\site-packages\\selenium\\webdriver\\remote\\webelement.py\", line 119, in click\n    self._execute(Command.CLICK_ELEMENT)\n    ~~~~~~~~~~~~~^^^^^^^^^^^^^^^^^^^^^^^\n  File \"C:\\Users\\luis.sepulveda\\AppData\\Local\\Programs\\Python\\Python313\\Lib\\site-packages\\selenium\\webdriver\\remote\\webelement.py\", line 572, in _execute\n    return self._parent.execute(command, params)\n           ~~~~~~~~~~~~~~~~~~~~^^^^^^^^^^^^^^^^^\n  File \"C:\\Users\\luis.sepulveda\\AppData\\Local\\Programs\\Python\\Python313\\Lib\\site-packages\\selenium\\webdriver\\remote\\webdriver.py\", line 429, in execute\n    self.error_handler.check_response(response)\n    ~~~~~~~~~~~~~~~~~~~~~~~~~~~~~~~~~^^^^^^^^^^\n  File \"C:\\Users\\luis.sepulveda\\AppData\\Local\\Programs\\Python\\Python313\\Lib\\site-packages\\selenium\\webdriver\\remote\\errorhandler.py\", line 232, in check_response\n    raise exception_class(message, screen, stacktrace)\n"}, "steps": [{"name": "üåç Navigated to: https://www.mercedes-benz.at/passengercars/models/coupe/cla/overview.html", "status": "passed", "start": 1745844168381, "stop": 1745844176728}, {"name": "üåç Navigated to: https://www.mercedes-benz.at/passengercars/mercedes-benz-cars/car-configurator.html/motorization/CCci/AT/de/CLA/COUPE", "status": "passed", "start": 1745844176728, "stop": 1745844182323}, {"name": "‚úÖ Executed actions in configurator", "status": "broken", "statusDetails": {"message": "selenium.common.exceptions.ElementClickInterceptedException: Message: element click intercepted: Element <a _ngcontent-ng-c2521831864=\"\" queryparamshandling=\"merge\" rel=\"nofollow\" class=\"cc-navigation__button cc-navigation__group\" navigation-menu-item-data-id=\"/configuration/CCci/AT/de/de_AT__1183101_AT1__AU-311_GC-426_LE-L_LU-696_MJ-806_PC-PBG-PSA-U59-U62_SA-00U-01U-02B-213-218-243-258-25R-270-286-287-294-310-345-351-355-362-365-367-428-440-475-504-521-537-543-580-58U-608-632-677-679-70B-72B-73B-79B-7U2-824-859-873-88B-927-968-971-986-B51-B59-L3E-R01-U01-U10-U12-U55-U60-U79_SC-0K2-0S3-0U1-1B3-1U3-2S2-2U1-2U8-502-51B-5S9-6P5-7B4-8P3-8S8-8U6-8U8-98B-998-B09-K13-K45-R7D-V50/paints\">...</a> is not clickable at point (588, 223). Other element would receive the click: <cmm-cookie-banner settings-id=\"k-l7rZd3t\" variant=\"A\" data-language=\"de\" data-market=\"AT\" class=\"hydrated\" data-workbench-version=\"7.64.1\"></cmm-cookie-banner>\n  (Session info: chrome=135.0.7049.115)\nStacktrace:\n\tGetHandleVerifier [0x00007FF6565EEFA5+77893]\n\tGetHandleVerifier [0x00007FF6565EF000+77984]\n\t(No symbol) [0x00007FF6563B91BA]\n\t(No symbol) [0x00007FF6564170A9]\n\t(No symbol) [0x00007FF656414A62]\n\t(No symbol) [0x00007FF656411B01]\n\t(No symbol) [0x00007FF656410A01]\n\t(No symbol) [0x00007FF656402134]\n\t(No symbol) [0x00007FF65643712A]\n\t(No symbol) [0x00007FF6564019E6]\n\t(No symbol) [0x00007FF656437340]\n\t(No symbol) [0x00007FF65645F07F]\n\t(No symbol) [0x00007FF656436F03]\n\t(No symbol) [0x00007FF656400328]\n\t(No symbol) [0x00007FF656401093]\n\tGetHandleVerifier [0x00007FF6568A7B6D+2931725]\n\tGetHandleVerifier [0x00007FF6568A2132+2908626]\n\tGetHandleVerifier [0x00007FF6568C00F3+3031443]\n\tGetHandleVerifier [0x00007FF6566091EA+184970]\n\tGetHandleVerifier [0x00007FF65661086F+215311]\n\tGetHandleVerifier [0x00007FF6565F6EC4+110436]\n\tGetHandleVerifier [0x00007FF6565F7072+110866]\n\tGetHandleVerifier [0x00007FF6565DD479+5401]\n\t(No symbol) [0x00007FFD5E03259D]\n\tRtlUserThreadStart [0x00007FFD5FE6AF38+40]\n\n", "trace": "  File \"C:\\Python\\QA App Allure\\QA-App-Allure\\TestsCodes\\test_bfv3.py\", line 87, in perform_bfv3_test\n    main_frame.click()\n    ~~~~~~~~~~~~~~~~^^\n  File \"C:\\Users\\luis.sepulveda\\AppData\\Local\\Programs\\Python\\Python313\\Lib\\site-packages\\selenium\\webdriver\\remote\\webelement.py\", line 119, in click\n    self._execute(Command.CLICK_ELEMENT)\n    ~~~~~~~~~~~~~^^^^^^^^^^^^^^^^^^^^^^^\n  File \"C:\\Users\\luis.sepulveda\\AppData\\Local\\Programs\\Python\\Python313\\Lib\\site-packages\\selenium\\webdriver\\remote\\webelement.py\", line 572, in _execute\n    return self._parent.execute(command, params)\n           ~~~~~~~~~~~~~~~~~~~~^^^^^^^^^^^^^^^^^\n  File \"C:\\Users\\luis.sepulveda\\AppData\\Local\\Programs\\Python\\Python313\\Lib\\site-packages\\selenium\\webdriver\\remote\\webdriver.py\", line 429, in execute\n    self.error_handler.check_response(response)\n    ~~~~~~~~~~~~~~~~~~~~~~~~~~~~~~~~~^^^^^^^^^^\n  File \"C:\\Users\\luis.sepulveda\\AppData\\Local\\Programs\\Python\\Python313\\Lib\\site-packages\\selenium\\webdriver\\remote\\errorhandler.py\", line 232, in check_response\n    raise exception_class(message, screen, stacktrace)\n"}, "start": 1745844182323, "stop": 1745844186449}], "start": 1745844155557, "stop": 1745844186451}, {"name": "Perform BFV3 Test Logic", "status": "broken", "statusDetails": {"message": "selenium.common.exceptions.ElementClickInterceptedException: Message: element click intercepted: Element <a _ngcontent-ng-c2521831864=\"\" queryparamshandling=\"merge\" rel=\"nofollow\" class=\"cc-navigation__button cc-navigation__group\" navigation-menu-item-data-id=\"/configuration/CCci/AT/de/de_AT__1183101_AT1__AU-311_GC-426_LE-L_LU-696_MJ-806_PC-PBG-PSA-U59-U62_SA-00U-01U-02B-213-218-243-258-25R-270-286-287-294-310-345-351-355-362-365-367-428-440-475-504-521-537-543-580-58U-608-632-677-679-70B-72B-73B-79B-7U2-824-859-873-88B-927-968-971-986-B51-B59-L3E-R01-U01-U10-U12-U55-U60-U79_SC-0K2-0S3-0U1-1B3-1U3-2S2-2U1-2U8-502-51B-5S9-6P5-7B4-8P3-8S8-8U6-8U8-98B-998-B09-K13-K45-R7D-V50/paints\">...</a> is not clickable at point (588, 223). Other element would receive the click: <cmm-cookie-banner settings-id=\"k-l7rZd3t\" variant=\"A\" data-language=\"de\" data-market=\"AT\" class=\"hydrated\" data-workbench-version=\"7.64.1\"></cmm-cookie-banner>\n  (Session info: chrome=135.0.7049.115)\nStacktrace:\n\tGetHandleVerifier [0x00007FF6565EEFA5+77893]\n\tGetHandleVerifier [0x00007FF6565EF000+77984]\n\t(No symbol) [0x00007FF6563B91BA]\n\t(No symbol) [0x00007FF6564170A9]\n\t(No symbol) [0x00007FF656414A62]\n\t(No symbol) [0x00007FF656411B01]\n\t(No symbol) [0x00007FF656410A01]\n\t(No symbol) [0x00007FF656402134]\n\t(No symbol) [0x00007FF65643712A]\n\t(No symbol) [0x00007FF6564019E6]\n\t(No symbol) [0x00007FF656437340]\n\t(No symbol) [0x00007FF65645F07F]\n\t(No symbol) [0x00007FF656436F03]\n\t(No symbol) [0x00007FF656400328]\n\t(No symbol) [0x00007FF656401093]\n\tGetHandleVerifier [0x00007FF6568A7B6D+2931725]\n\tGetHandleVerifier [0x00007FF6568A2132+2908626]\n\tGetHandleVerifier [0x00007FF6568C00F3+3031443]\n\tGetHandleVerifier [0x00007FF6566091EA+184970]\n\tGetHandleVerifier [0x00007FF65661086F+215311]\n\tGetHandleVerifier [0x00007FF6565F6EC4+110436]\n\tGetHandleVerifier [0x00007FF6565F7072+110866]\n\tGetHandleVerifier [0x00007FF6565DD479+5401]\n\t(No symbol) [0x00007FFD5E03259D]\n\tRtlUserThreadStart [0x00007FFD5FE6AF38+40]\n\n", "trace": "  File \"C:\\Users\\luis.sepulveda\\AppData\\Local\\Programs\\Python\\Python313\\Lib\\site-packages\\allure_commons\\_allure.py\", line 192, in impl\n    return func(*a, **kw)\n  File \"C:\\Python\\QA App Allure\\QA-App-Allure\\TestsCodes\\test_bfv3.py\", line 87, in perform_bfv3_test\n    main_frame.click()\n    ~~~~~~~~~~~~~~~~^^\n  File \"C:\\Users\\luis.sepulveda\\AppData\\Local\\Programs\\Python\\Python313\\Lib\\site-packages\\selenium\\webdriver\\remote\\webelement.py\", line 119, in click\n    self._execute(Command.CLICK_ELEMENT)\n    ~~~~~~~~~~~~~^^^^^^^^^^^^^^^^^^^^^^^\n  File \"C:\\Users\\luis.sepulveda\\AppData\\Local\\Programs\\Python\\Python313\\Lib\\site-packages\\selenium\\webdriver\\remote\\webelement.py\", line 572, in _execute\n    return self._parent.execute(command, params)\n           ~~~~~~~~~~~~~~~~~~~~^^^^^^^^^^^^^^^^^\n  File \"C:\\Users\\luis.sepulveda\\AppData\\Local\\Programs\\Python\\Python313\\Lib\\site-packages\\selenium\\webdriver\\remote\\webdriver.py\", line 429, in execute\n    self.error_handler.check_response(response)\n    ~~~~~~~~~~~~~~~~~~~~~~~~~~~~~~~~~^^^^^^^^^^\n  File \"C:\\Users\\luis.sepulveda\\AppData\\Local\\Programs\\Python\\Python313\\Lib\\site-packages\\selenium\\webdriver\\remote\\errorhandler.py\", line 232, in check_response\n    raise exception_class(message, screen, stacktrace)\n"}, "steps": [{"name": "üåç Navigated to: https://www.mercedes-benz.at/passengercars/models/coupe/cla/overview.html", "status": "passed", "start": 1745844189498, "stop": 1745844204031}, {"name": "üåç Navigated to: https://www.mercedes-benz.at/passengercars/mercedes-benz-cars/car-configurator.html/motorization/CCci/AT/de/CLA/COUPE", "status": "passed", "start": 1745844204032, "stop": 1745844209665}, {"name": "‚úÖ Executed actions in configurator", "status": "broken", "statusDetails": {"message": "selenium.common.exceptions.ElementClickInterceptedException: Message: element click intercepted: Element <a _ngcontent-ng-c2521831864=\"\" queryparamshandling=\"merge\" rel=\"nofollow\" class=\"cc-navigation__button cc-navigation__group\" navigation-menu-item-data-id=\"/configuration/CCci/AT/de/de_AT__1183101_AT1__AU-311_GC-426_LE-L_LU-696_MJ-806_PC-PBG-PSA-U59-U62_SA-00U-01U-02B-213-218-243-258-25R-270-286-287-294-310-345-351-355-362-365-367-428-440-475-504-521-537-543-580-58U-608-632-677-679-70B-72B-73B-79B-7U2-824-859-873-88B-927-968-971-986-B51-B59-L3E-R01-U01-U10-U12-U55-U60-U79_SC-0K2-0S3-0U1-1B3-1U3-2S2-2U1-2U8-502-51B-5S9-6P5-7B4-8P3-8S8-8U6-8U8-98B-998-B09-K13-K45-R7D-V50/paints\">...</a> is not clickable at point (588, 223). Other element would receive the click: <cmm-cookie-banner settings-id=\"k-l7rZd3t\" variant=\"A\" data-language=\"de\" data-market=\"AT\" class=\"hydrated\" data-workbench-version=\"7.64.1\"></cmm-cookie-banner>\n  (Session info: chrome=135.0.7049.115)\nStacktrace:\n\tGetHandleVerifier [0x00007FF6565EEFA5+77893]\n\tGetHandleVerifier [0x00007FF6565EF000+77984]\n\t(No symbol) [0x00007FF6563B91BA]\n\t(No symbol) [0x00007FF6564170A9]\n\t(No symbol) [0x00007FF656414A62]\n\t(No symbol) [0x00007FF656411B01]\n\t(No symbol) [0x00007FF656410A01]\n\t(No symbol) [0x00007FF656402134]\n\t(No symbol) [0x00007FF65643712A]\n\t(No symbol) [0x00007FF6564019E6]\n\t(No symbol) [0x00007FF656437340]\n\t(No symbol) [0x00007FF65645F07F]\n\t(No symbol) [0x00007FF656436F03]\n\t(No symbol) [0x00007FF656400328]\n\t(No symbol) [0x00007FF656401093]\n\tGetHandleVerifier [0x00007FF6568A7B6D+2931725]\n\tGetHandleVerifier [0x00007FF6568A2132+2908626]\n\tGetHandleVerifier [0x00007FF6568C00F3+3031443]\n\tGetHandleVerifier [0x00007FF6566091EA+184970]\n\tGetHandleVerifier [0x00007FF65661086F+215311]\n\tGetHandleVerifier [0x00007FF6565F6EC4+110436]\n\tGetHandleVerifier [0x00007FF6565F7072+110866]\n\tGetHandleVerifier [0x00007FF6565DD479+5401]\n\t(No symbol) [0x00007FFD5E03259D]\n\tRtlUserThreadStart [0x00007FFD5FE6AF38+40]\n\n", "trace": "  File \"C:\\Python\\QA App Allure\\QA-App-Allure\\TestsCodes\\test_bfv3.py\", line 87, in perform_bfv3_test\n    main_frame.click()\n    ~~~~~~~~~~~~~~~~^^\n  File \"C:\\Users\\luis.sepulveda\\AppData\\Local\\Programs\\Python\\Python313\\Lib\\site-packages\\selenium\\webdriver\\remote\\webelement.py\", line 119, in click\n    self._execute(Command.CLICK_ELEMENT)\n    ~~~~~~~~~~~~~^^^^^^^^^^^^^^^^^^^^^^^\n  File \"C:\\Users\\luis.sepulveda\\AppData\\Local\\Programs\\Python\\Python313\\Lib\\site-packages\\selenium\\webdriver\\remote\\webelement.py\", line 572, in _execute\n    return self._parent.execute(command, params)\n           ~~~~~~~~~~~~~~~~~~~~^^^^^^^^^^^^^^^^^\n  File \"C:\\Users\\luis.sepulveda\\AppData\\Local\\Programs\\Python\\Python313\\Lib\\site-packages\\selenium\\webdriver\\remote\\webdriver.py\", line 429, in execute\n    self.error_handler.check_response(response)\n    ~~~~~~~~~~~~~~~~~~~~~~~~~~~~~~~~~^^^^^^^^^^\n  File \"C:\\Users\\luis.sepulveda\\AppData\\Local\\Programs\\Python\\Python313\\Lib\\site-packages\\selenium\\webdriver\\remote\\errorhandler.py\", line 232, in check_response\n    raise exception_class(message, screen, stacktrace)\n"}, "start": 1745844209665, "stop": 1745844211134}], "start": 1745844186453, "stop": 1745844211135}, {"name": "Perform BFV3 Test Logic", "status": "broken", "statusDetails": {"message": "selenium.common.exceptions.ElementClickInterceptedException: Message: element click intercepted: Element <a _ngcontent-ng-c2521831864=\"\" queryparamshandling=\"merge\" rel=\"nofollow\" class=\"cc-navigation__button cc-navigation__group\" navigation-menu-item-data-id=\"/configuration/CCci/AT/de/de_AT__1183101_AT1__AU-311_GC-426_LE-L_LU-696_MJ-806_PC-PBG-PSA-U59-U62_SA-00U-01U-02B-213-218-243-258-25R-270-286-287-294-310-345-351-355-362-365-367-428-440-475-504-521-537-543-580-58U-608-632-677-679-70B-72B-73B-79B-7U2-824-859-873-88B-927-968-971-986-B51-B59-L3E-R01-U01-U10-U12-U55-U60-U79_SC-0K2-0S3-0U1-1B3-1U3-2S2-2U1-2U8-502-51B-5S9-6P5-7B4-8P3-8S8-8U6-8U8-98B-998-B09-K13-K45-R7D-V50/paints\">...</a> is not clickable at point (588, 223). Other element would receive the click: <cmm-cookie-banner settings-id=\"k-l7rZd3t\" variant=\"A\" data-language=\"de\" data-market=\"AT\" class=\"hydrated\" data-workbench-version=\"7.64.1\"></cmm-cookie-banner>\n  (Session info: chrome=135.0.7049.115)\nStacktrace:\n\tGetHandleVerifier [0x00007FF6565EEFA5+77893]\n\tGetHandleVerifier [0x00007FF6565EF000+77984]\n\t(No symbol) [0x00007FF6563B91BA]\n\t(No symbol) [0x00007FF6564170A9]\n\t(No symbol) [0x00007FF656414A62]\n\t(No symbol) [0x00007FF656411B01]\n\t(No symbol) [0x00007FF656410A01]\n\t(No symbol) [0x00007FF656402134]\n\t(No symbol) [0x00007FF65643712A]\n\t(No symbol) [0x00007FF6564019E6]\n\t(No symbol) [0x00007FF656437340]\n\t(No symbol) [0x00007FF65645F07F]\n\t(No symbol) [0x00007FF656436F03]\n\t(No symbol) [0x00007FF656400328]\n\t(No symbol) [0x00007FF656401093]\n\tGetHandleVerifier [0x00007FF6568A7B6D+2931725]\n\tGetHandleVerifier [0x00007FF6568A2132+2908626]\n\tGetHandleVerifier [0x00007FF6568C00F3+3031443]\n\tGetHandleVerifier [0x00007FF6566091EA+184970]\n\tGetHandleVerifier [0x00007FF65661086F+215311]\n\tGetHandleVerifier [0x00007FF6565F6EC4+110436]\n\tGetHandleVerifier [0x00007FF6565F7072+110866]\n\tGetHandleVerifier [0x00007FF6565DD479+5401]\n\t(No symbol) [0x00007FFD5E03259D]\n\tRtlUserThreadStart [0x00007FFD5FE6AF38+40]\n\n", "trace": "  File \"C:\\Users\\luis.sepulveda\\AppData\\Local\\Programs\\Python\\Python313\\Lib\\site-packages\\allure_commons\\_allure.py\", line 192, in impl\n    return func(*a, **kw)\n  File \"C:\\Python\\QA App Allure\\QA-App-Allure\\TestsCodes\\test_bfv3.py\", line 87, in perform_bfv3_test\n    main_frame.click()\n    ~~~~~~~~~~~~~~~~^^\n  File \"C:\\Users\\luis.sepulveda\\AppData\\Local\\Programs\\Python\\Python313\\Lib\\site-packages\\selenium\\webdriver\\remote\\webelement.py\", line 119, in click\n    self._execute(Command.CLICK_ELEMENT)\n    ~~~~~~~~~~~~~^^^^^^^^^^^^^^^^^^^^^^^\n  File \"C:\\Users\\luis.sepulveda\\AppData\\Local\\Programs\\Python\\Python313\\Lib\\site-packages\\selenium\\webdriver\\remote\\webelement.py\", line 572, in _execute\n    return self._parent.execute(command, params)\n           ~~~~~~~~~~~~~~~~~~~~^^^^^^^^^^^^^^^^^\n  File \"C:\\Users\\luis.sepulveda\\AppData\\Local\\Programs\\Python\\Python313\\Lib\\site-packages\\selenium\\webdriver\\remote\\webdriver.py\", line 429, in execute\n    self.error_handler.check_response(response)\n    ~~~~~~~~~~~~~~~~~~~~~~~~~~~~~~~~~^^^^^^^^^^\n  File \"C:\\Users\\luis.sepulveda\\AppData\\Local\\Programs\\Python\\Python313\\Lib\\site-packages\\selenium\\webdriver\\remote\\errorhandler.py\", line 232, in check_response\n    raise exception_class(message, screen, stacktrace)\n"}, "steps": [{"name": "üåç Navigated to: https://www.mercedes-benz.at/passengercars/models/coupe/cla/overview.html", "status": "passed", "start": 1745844220691, "stop": 1745844232974}, {"name": "üåç Navigated to: https://www.mercedes-benz.at/passengercars/mercedes-benz-cars/car-configurator.html/motorization/CCci/AT/de/CLA/COUPE", "status": "passed", "start": 1745844232974, "stop": 1745844237073}, {"name": "‚úÖ Executed actions in configurator", "status": "broken", "statusDetails": {"message": "selenium.common.exceptions.ElementClickInterceptedException: Message: element click intercepted: Element <a _ngcontent-ng-c2521831864=\"\" queryparamshandling=\"merge\" rel=\"nofollow\" class=\"cc-navigation__button cc-navigation__group\" navigation-menu-item-data-id=\"/configuration/CCci/AT/de/de_AT__1183101_AT1__AU-311_GC-426_LE-L_LU-696_MJ-806_PC-PBG-PSA-U59-U62_SA-00U-01U-02B-213-218-243-258-25R-270-286-287-294-310-345-351-355-362-365-367-428-440-475-504-521-537-543-580-58U-608-632-677-679-70B-72B-73B-79B-7U2-824-859-873-88B-927-968-971-986-B51-B59-L3E-R01-U01-U10-U12-U55-U60-U79_SC-0K2-0S3-0U1-1B3-1U3-2S2-2U1-2U8-502-51B-5S9-6P5-7B4-8P3-8S8-8U6-8U8-98B-998-B09-K13-K45-R7D-V50/paints\">...</a> is not clickable at point (588, 223). Other element would receive the click: <cmm-cookie-banner settings-id=\"k-l7rZd3t\" variant=\"A\" data-language=\"de\" data-market=\"AT\" class=\"hydrated\" data-workbench-version=\"7.64.1\"></cmm-cookie-banner>\n  (Session info: chrome=135.0.7049.115)\nStacktrace:\n\tGetHandleVerifier [0x00007FF6565EEFA5+77893]\n\tGetHandleVerifier [0x00007FF6565EF000+77984]\n\t(No symbol) [0x00007FF6563B91BA]\n\t(No symbol) [0x00007FF6564170A9]\n\t(No symbol) [0x00007FF656414A62]\n\t(No symbol) [0x00007FF656411B01]\n\t(No symbol) [0x00007FF656410A01]\n\t(No symbol) [0x00007FF656402134]\n\t(No symbol) [0x00007FF65643712A]\n\t(No symbol) [0x00007FF6564019E6]\n\t(No symbol) [0x00007FF656437340]\n\t(No symbol) [0x00007FF65645F07F]\n\t(No symbol) [0x00007FF656436F03]\n\t(No symbol) [0x00007FF656400328]\n\t(No symbol) [0x00007FF656401093]\n\tGetHandleVerifier [0x00007FF6568A7B6D+2931725]\n\tGetHandleVerifier [0x00007FF6568A2132+2908626]\n\tGetHandleVerifier [0x00007FF6568C00F3+3031443]\n\tGetHandleVerifier [0x00007FF6566091EA+184970]\n\tGetHandleVerifier [0x00007FF65661086F+215311]\n\tGetHandleVerifier [0x00007FF6565F6EC4+110436]\n\tGetHandleVerifier [0x00007FF6565F7072+110866]\n\tGetHandleVerifier [0x00007FF6565DD479+5401]\n\t(No symbol) [0x00007FFD5E03259D]\n\tRtlUserThreadStart [0x00007FFD5FE6AF38+40]\n\n", "trace": "  File \"C:\\Python\\QA App Allure\\QA-App-Allure\\TestsCodes\\test_bfv3.py\", line 87, in perform_bfv3_test\n    main_frame.click()\n    ~~~~~~~~~~~~~~~~^^\n  File \"C:\\Users\\luis.sepulveda\\AppData\\Local\\Programs\\Python\\Python313\\Lib\\site-packages\\selenium\\webdriver\\remote\\webelement.py\", line 119, in click\n    self._execute(Command.CLICK_ELEMENT)\n    ~~~~~~~~~~~~~^^^^^^^^^^^^^^^^^^^^^^^\n  File \"C:\\Users\\luis.sepulveda\\AppData\\Local\\Programs\\Python\\Python313\\Lib\\site-packages\\selenium\\webdriver\\remote\\webelement.py\", line 572, in _execute\n    return self._parent.execute(command, params)\n           ~~~~~~~~~~~~~~~~~~~~^^^^^^^^^^^^^^^^^\n  File \"C:\\Users\\luis.sepulveda\\AppData\\Local\\Programs\\Python\\Python313\\Lib\\site-packages\\selenium\\webdriver\\remote\\webdriver.py\", line 429, in execute\n    self.error_handler.check_response(response)\n    ~~~~~~~~~~~~~~~~~~~~~~~~~~~~~~~~~^^^^^^^^^^\n  File \"C:\\Users\\luis.sepulveda\\AppData\\Local\\Programs\\Python\\Python313\\Lib\\site-packages\\selenium\\webdriver\\remote\\errorhandler.py\", line 232, in check_response\n    raise exception_class(message, screen, stacktrace)\n"}, "start": 1745844237073, "stop": 1745844238866}], "start": 1745844211138, "stop": 1745844238868}, {"name": "Perform BFV3 Test Logic", "status": "broken", "statusDetails": {"message": "selenium.common.exceptions.ElementClickInterceptedException: Message: element click intercepted: Element <a _ngcontent-ng-c2521831864=\"\" queryparamshandling=\"merge\" rel=\"nofollow\" class=\"cc-navigation__button cc-navigation__group\" navigation-menu-item-data-id=\"/configuration/CCci/AT/de/de_AT__1183101_AT1__AU-311_GC-426_LE-L_LU-696_MJ-806_PC-PBG-PSA-U59-U62_SA-00U-01U-02B-213-218-243-258-25R-270-286-287-294-310-345-351-355-362-365-367-428-440-475-504-521-537-543-580-58U-608-632-677-679-70B-72B-73B-79B-7U2-824-859-873-88B-927-968-971-986-B51-B59-L3E-R01-U01-U10-U12-U55-U60-U79_SC-0K2-0S3-0U1-1B3-1U3-2S2-2U1-2U8-502-51B-5S9-6P5-7B4-8P3-8S8-8U6-8U8-98B-998-B09-K13-K45-R7D-V50/paints\">...</a> is not clickable at point (588, 223). Other element would receive the click: <cmm-cookie-banner settings-id=\"k-l7rZd3t\" variant=\"A\" data-language=\"de\" data-market=\"AT\" class=\"hydrated\" data-workbench-version=\"7.64.1\"></cmm-cookie-banner>\n  (Session info: chrome=135.0.7049.115)\nStacktrace:\n\tGetHandleVerifier [0x00007FF6565EEFA5+77893]\n\tGetHandleVerifier [0x00007FF6565EF000+77984]\n\t(No symbol) [0x00007FF6563B91BA]\n\t(No symbol) [0x00007FF6564170A9]\n\t(No symbol) [0x00007FF656414A62]\n\t(No symbol) [0x00007FF656411B01]\n\t(No symbol) [0x00007FF656410A01]\n\t(No symbol) [0x00007FF656402134]\n\t(No symbol) [0x00007FF65643712A]\n\t(No symbol) [0x00007FF6564019E6]\n\t(No symbol) [0x00007FF656437340]\n\t(No symbol) [0x00007FF65645F07F]\n\t(No symbol) [0x00007FF656436F03]\n\t(No symbol) [0x00007FF656400328]\n\t(No symbol) [0x00007FF656401093]\n\tGetHandleVerifier [0x00007FF6568A7B6D+2931725]\n\tGetHandleVerifier [0x00007FF6568A2132+2908626]\n\tGetHandleVerifier [0x00007FF6568C00F3+3031443]\n\tGetHandleVerifier [0x00007FF6566091EA+184970]\n\tGetHandleVerifier [0x00007FF65661086F+215311]\n\tGetHandleVerifier [0x00007FF6565F6EC4+110436]\n\tGetHandleVerifier [0x00007FF6565F7072+110866]\n\tGetHandleVerifier [0x00007FF6565DD479+5401]\n\t(No symbol) [0x00007FFD5E03259D]\n\tRtlUserThreadStart [0x00007FFD5FE6AF38+40]\n\n", "trace": "  File \"C:\\Users\\luis.sepulveda\\AppData\\Local\\Programs\\Python\\Python313\\Lib\\site-packages\\allure_commons\\_allure.py\", line 192, in impl\n    return func(*a, **kw)\n  File \"C:\\Python\\QA App Allure\\QA-App-Allure\\TestsCodes\\test_bfv3.py\", line 87, in perform_bfv3_test\n    main_frame.click()\n    ~~~~~~~~~~~~~~~~^^\n  File \"C:\\Users\\luis.sepulveda\\AppData\\Local\\Programs\\Python\\Python313\\Lib\\site-packages\\selenium\\webdriver\\remote\\webelement.py\", line 119, in click\n    self._execute(Command.CLICK_ELEMENT)\n    ~~~~~~~~~~~~~^^^^^^^^^^^^^^^^^^^^^^^\n  File \"C:\\Users\\luis.sepulveda\\AppData\\Local\\Programs\\Python\\Python313\\Lib\\site-packages\\selenium\\webdriver\\remote\\webelement.py\", line 572, in _execute\n    return self._parent.execute(command, params)\n           ~~~~~~~~~~~~~~~~~~~~^^^^^^^^^^^^^^^^^\n  File \"C:\\Users\\luis.sepulveda\\AppData\\Local\\Programs\\Python\\Python313\\Lib\\site-packages\\selenium\\webdriver\\remote\\webdriver.py\", line 429, in execute\n    self.error_handler.check_response(response)\n    ~~~~~~~~~~~~~~~~~~~~~~~~~~~~~~~~~^^^^^^^^^^\n  File \"C:\\Users\\luis.sepulveda\\AppData\\Local\\Programs\\Python\\Python313\\Lib\\site-packages\\selenium\\webdriver\\remote\\errorhandler.py\", line 232, in check_response\n    raise exception_class(message, screen, stacktrace)\n"}, "steps": [{"name": "üåç Navigated to: https://www.mercedes-benz.at/passengercars/models/coupe/cla/overview.html", "status": "passed", "start": 1745844241935, "stop": 1745844254789}, {"name": "üåç Navigated to: https://www.mercedes-benz.at/passengercars/mercedes-benz-cars/car-configurator.html/motorization/CCci/AT/de/CLA/COUPE", "status": "passed", "start": 1745844254789, "stop": 1745844259638}, {"name": "‚úÖ Executed actions in configurator", "status": "broken", "statusDetails": {"message": "selenium.common.exceptions.ElementClickInterceptedException: Message: element click intercepted: Element <a _ngcontent-ng-c2521831864=\"\" queryparamshandling=\"merge\" rel=\"nofollow\" class=\"cc-navigation__button cc-navigation__group\" navigation-menu-item-data-id=\"/configuration/CCci/AT/de/de_AT__1183101_AT1__AU-311_GC-426_LE-L_LU-696_MJ-806_PC-PBG-PSA-U59-U62_SA-00U-01U-02B-213-218-243-258-25R-270-286-287-294-310-345-351-355-362-365-367-428-440-475-504-521-537-543-580-58U-608-632-677-679-70B-72B-73B-79B-7U2-824-859-873-88B-927-968-971-986-B51-B59-L3E-R01-U01-U10-U12-U55-U60-U79_SC-0K2-0S3-0U1-1B3-1U3-2S2-2U1-2U8-502-51B-5S9-6P5-7B4-8P3-8S8-8U6-8U8-98B-998-B09-K13-K45-R7D-V50/paints\">...</a> is not clickable at point (588, 223). Other element would receive the click: <cmm-cookie-banner settings-id=\"k-l7rZd3t\" variant=\"A\" data-language=\"de\" data-market=\"AT\" class=\"hydrated\" data-workbench-version=\"7.64.1\"></cmm-cookie-banner>\n  (Session info: chrome=135.0.7049.115)\nStacktrace:\n\tGetHandleVerifier [0x00007FF6565EEFA5+77893]\n\tGetHandleVerifier [0x00007FF6565EF000+77984]\n\t(No symbol) [0x00007FF6563B91BA]\n\t(No symbol) [0x00007FF6564170A9]\n\t(No symbol) [0x00007FF656414A62]\n\t(No symbol) [0x00007FF656411B01]\n\t(No symbol) [0x00007FF656410A01]\n\t(No symbol) [0x00007FF656402134]\n\t(No symbol) [0x00007FF65643712A]\n\t(No symbol) [0x00007FF6564019E6]\n\t(No symbol) [0x00007FF656437340]\n\t(No symbol) [0x00007FF65645F07F]\n\t(No symbol) [0x00007FF656436F03]\n\t(No symbol) [0x00007FF656400328]\n\t(No symbol) [0x00007FF656401093]\n\tGetHandleVerifier [0x00007FF6568A7B6D+2931725]\n\tGetHandleVerifier [0x00007FF6568A2132+2908626]\n\tGetHandleVerifier [0x00007FF6568C00F3+3031443]\n\tGetHandleVerifier [0x00007FF6566091EA+184970]\n\tGetHandleVerifier [0x00007FF65661086F+215311]\n\tGetHandleVerifier [0x00007FF6565F6EC4+110436]\n\tGetHandleVerifier [0x00007FF6565F7072+110866]\n\tGetHandleVerifier [0x00007FF6565DD479+5401]\n\t(No symbol) [0x00007FFD5E03259D]\n\tRtlUserThreadStart [0x00007FFD5FE6AF38+40]\n\n", "trace": "  File \"C:\\Python\\QA App Allure\\QA-App-Allure\\TestsCodes\\test_bfv3.py\", line 87, in perform_bfv3_test\n    main_frame.click()\n    ~~~~~~~~~~~~~~~~^^\n  File \"C:\\Users\\luis.sepulveda\\AppData\\Local\\Programs\\Python\\Python313\\Lib\\site-packages\\selenium\\webdriver\\remote\\webelement.py\", line 119, in click\n    self._execute(Command.CLICK_ELEMENT)\n    ~~~~~~~~~~~~~^^^^^^^^^^^^^^^^^^^^^^^\n  File \"C:\\Users\\luis.sepulveda\\AppData\\Local\\Programs\\Python\\Python313\\Lib\\site-packages\\selenium\\webdriver\\remote\\webelement.py\", line 572, in _execute\n    return self._parent.execute(command, params)\n           ~~~~~~~~~~~~~~~~~~~~^^^^^^^^^^^^^^^^^\n  File \"C:\\Users\\luis.sepulveda\\AppData\\Local\\Programs\\Python\\Python313\\Lib\\site-packages\\selenium\\webdriver\\remote\\webdriver.py\", line 429, in execute\n    self.error_handler.check_response(response)\n    ~~~~~~~~~~~~~~~~~~~~~~~~~~~~~~~~~^^^^^^^^^^\n  File \"C:\\Users\\luis.sepulveda\\AppData\\Local\\Programs\\Python\\Python313\\Lib\\site-packages\\selenium\\webdriver\\remote\\errorhandler.py\", line 232, in check_response\n    raise exception_class(message, screen, stacktrace)\n"}, "start": 1745844259638, "stop": 1745844261155}], "start": 1745844238871, "stop": 1745844261157}, {"name": "üîç Checking userGroup in XHR responses...", "status": "passed", "steps": [{"name": "Setting campaign name substring for test: BFV3", "status": "passed", "attachments": [{"name": "Info", "source": "40d66718-420a-4419-8fab-a79917786e9e-attachment.txt", "type": "text/plain"}], "start": 1745844265159, "stop": 1745844265168}, {"name": "Capturing XHR responses", "status": "passed", "start": 1745844265168, "stop": 1745844271040}], "start": 1745844265159, "stop": 1745844271111}, {"name": "üîç Verifying personalized image...", "status": "passed", "steps": [{"name": "‚ùå Image not found in the specified selector. Error: Message: \n", "status": "passed", "attachments": [{"name": "Expected Image Source", "source": "c2d71b25-dd75-4a6b-b560-3fd27dd523b8-attachment.txt", "type": "text/plain"}, {"name": "Image Verification Error", "source": "9d89e935-4877-4972-a9c9-8380e66914fe-attachment.txt", "type": "text/plain"}], "start": 1745844281338, "stop": 1745844281343}], "start": 1745844271111, "stop": 1745844281344}, {"name": "üîç Debugging campaign images...", "status": "passed", "attachments": [{"name": "Campaign Images", "source": "20f10a59-f972-4211-8d1f-add5da14b920-attachment.txt", "type": "text/plain"}], "start": 1745844281344, "stop": 1745844281350}, {"name": "üìú Scrolling to specific elements and capturing screenshot", "status": "passed", "attachments": [{"name": "Scroll Error", "source": "2505556a-cb27-47de-b631-691b7086f628-attachment.txt", "type": "text/plain"}], "start": 1745844281351, "stop": 1745844281365}, {"name": "‚úÖ Screenshot captured and saved", "status": "passed", "attachments": [{"name": "Final Screenshot", "source": "26f26f6f-4c4e-41ac-805e-f1454ee74e5b-attachment.png", "type": "image/png"}], "start": 1745844281920, "stop": 1745844281925}], "attachments": [{"name": "URLs for CLA (COUPE)", "source": "bec7e61d-d2af-4308-b216-4f97e54a5cc0-attachment.json", "type": "application/json"}, {"source": "8ee5efb2-a2a8-486d-93a8-3f4501c1d8a4-attachment.attach"}, {"name": "Test Failure", "source": "2dad2eaf-8261-416a-a3ca-abe48a419154-attachment.txt", "type": "text/plain"}, {"name": "log", "source": "5a47ce22-d3e5-42ef-8779-95af9b933ebb-attachment.txt", "type": "text/plain"}], "parameters": [{"name": "test_case", "value": "{'test_name': 'BFV3', 'market_code': 'AT/de', 'model_code': 'C118-fl', 'model_name': 'CLA', 'body_type': 'COUPE', 'urls': {'MODEL_CODE': 'C118-fl', 'PRODUCT_PAGE': 'https://www.mercedes-benz.at/passengercars/models/coupe/cla/overview.html', 'CONFIGURATOR': 'https://www.mercedes-benz.at/passengercars/mercedes-benz-cars/car-configurator.html/motorization/CCci/AT/de/CLA/COUPE', 'ONLINE_SHOP': 'https://www.mercedes-benz.at/passengercars/buy/new-car/search-results.html/vehicleCategory-new-passenger-cars/brand-Mercedes-Benz/modelIdentifier-CLA/?emhsortType=price-asc&emhbodyType=COUPE', 'TEST_DRIVE': 'https://www.mercedes-benz.at/passengercars/mercedes-benz-cars/online-testdrive.html#/dealer?context=OWPC&modelSeries=C118-fl&modelType=ALL', 'HOME_PAGE': 'https://www.mercedes-benz.at/', 'BODY_TYPE': 'COUPE', 'MODEL_NAME': 'CLA'}}"}], "start": 1745844094233, "stop": 1745844285509, "uuid": "b68b4903-2e8a-4bf0-9556-4d111cd652b4", "historyId": "f6cf49daa53f84680c7a9e6438c9963c", "testCaseId": "30c1adb94d6468239eadaa98f3cf79c5", "fullName": "QAAppAllure#test_run", "labels": [{"name": "as_id", "value": "8825bf31427b4c68fb1dae709acc453f"}, {"name": "parentSuite", "value": "AT/de"}, {"name": "suite", "value": "BFV3"}, {"name": "subSuite", "value": "C118-fl - CLA (COUPE)"}, {"name": "tag", "value": "BFV3"}, {"name": "tag", "value": "AT/de"}, {"name": "tag", "value": "C118-fl"}, {"name": "tag", "value": "COUPE"}, {"name": "tag", "value": "CLA"}, {"name": "host", "value": "DE3SMDW0327562T"}, {"name": "thread", "value": "24540-MainThread"}, {"name": "framework", "value": "pytest"}, {"name": "language", "value": "cpython3"}, {"name": "package", "value": "QAAppAllure"}]}