{"name": "test_run[test_case13]", "status": "failed", "statusDetails": {"message": "Failed: ‚ùå Test 'BFV3' failed.", "trace": "test_case = {'body_type': 'SUV', 'market_code': 'AT/de', 'model_code': 'X294', 'model_name': 'EQE', ...}\nscreenshot_dir = 'C:\\\\Python\\\\QA App Allure\\\\QA-App-Allure\\\\Tests'\n\n    @pytest.mark.parametrize(\"test_case\", all_test_cases)\n    def test_run(test_case, screenshot_dir):\n        \"\"\"\n        Runs a test for each test case, either manually defined or dynamically fetched.\n        \"\"\"\n        test_name = test_case['test_name']\n        market_code = test_case.get('market_code', 'BE/nl')\n        model_code = test_case.get('model_code', None)\n        model_name = test_case.get('model_name', None)\n        body_type = test_case.get('body_type', None)\n        urls = test_case.get('urls', {})\n    \n        # Log test case details\n        logging.info(f\"Running test case: {json.dumps(test_case, indent=2)}\")\n    \n        # Validate URLs\n        if not urls or 'HOME_PAGE' not in urls or not urls['HOME_PAGE']:\n            logging.error(f\"‚ùå Missing HOME_PAGE URL for test '{test_name}' (market: {market_code}, model: {model_code}).\")\n            allure.attach(f\"‚ùå Missing HOME_PAGE URL for test '{test_name}' (market: {market_code}, model: {model_code}).\")\n            return\n    \n    \n        # Generar ID √∫nico y consistente para Allure\n        uid_raw = f\"{test_name}_{market_code}_{model_code or 'unknown'}\"\n        uid_hashed = hashlib.md5(uid_raw.encode()).hexdigest()\n        allure.dynamic.id(uid_hashed)\n    \n        # Define browser options and create driver\n        options = build_chrome_options()\n        driver = create_driver(options)\n    \n        try:\n            # Set Allure suite hierarchy\n            allure.dynamic.parent_suite(f\"{market_code}\")  # Parent Suite\n            allure.dynamic.suite(f\"{test_name}\")  # Suite\n            allure.dynamic.sub_suite(f\"{model_code or 'N/A'} - {model_name or 'N/A'} ({body_type or 'N/A'})\")  # Sub-Suite\n    \n            # Add dynamic tags\n            allure.dynamic.tag(test_name)\n            allure.dynamic.tag(market_code)\n            if model_code:\n                allure.dynamic.tag(model_code)\n            if body_type:\n                allure.dynamic.tag(body_type)\n            if model_name:\n                allure.dynamic.tag(model_name)\n    \n            # Attach URLs to Allure\n            allure.attach(\n                json.dumps(urls, indent=2),\n                name=f\"URLs for {model_name or 'N/A'} ({body_type or 'N/A'})\",\n                attachment_type=allure.attachment_type.JSON\n            )\n    \n            # Extract base test name\n            base_test_name = test_name.split(\" - \")[0]\n    \n            # Run the test logic for the current model\n            try:\n                api_and_xhr = create_api_and_xhr(driver)\n                if api_and_xhr is None or api_and_xhr[1] is None:\n                    logging.error(\"‚ùå Failed to initialize API and XHR capturer.\")\n                    allure.attach(\"‚ùå Failed to initialize API and XHR capturer.\", name=\"Initialization Error\", attachment_type=allure.attachment_type.TEXT)\n                    return\n                if base_test_name in test_mapping:\n>                   run_test(driver, base_test_name, market_code, model_code, model_name, body_type, 1, urls, api_and_xhr, screenshot_dir)\n\nQAAppAllure.py:293: \n_ _ _ _ _ _ _ _ _ _ _ _ _ _ _ _ _ _ _ _ _ _ _ _ _ _ _ _ _ _ _ _ _ _ _ _ _ _ _ _\n\ndriver = <selenium.webdriver.chrome.webdriver.WebDriver (session=\"f2b842728eac45cafc68dd6088479702\")>\ntest_name = 'BFV3', market_code = 'AT/de', model_code = 'X294'\nmodel_name = 'EQE', body_type = 'SUV', attempt = 1\nurls = {'BODY_TYPE': 'SUV', 'CONFIGURATOR': 'https://www.mercedes-benz.at/passengercars/mercedes-benz-cars/car-configurator.h...motorization/CCci/AT/de/EQE-KLASSE/OFFROADER', 'HOME_PAGE': 'https://www.mercedes-benz.at/', 'MODEL_CODE': 'X294', ...}\napi_and_xhr = (<App.vehicle_api.VehicleAPI object at 0x0000028B05D04940>, <App.XHRResponseCapturer.XHRResponseCapturer object at 0x0000028B12209FD0>)\nscreenshot_dir = 'C:\\\\Python\\\\QA App Allure\\\\QA-App-Allure\\\\Tests'\n\n    def run_test(driver, test_name, market_code, model_code, model_name, body_type, attempt, urls, api_and_xhr, screenshot_dir):\n        vehicle_api, xhr_capturer = api_and_xhr\n        test_success = False\n    \n        if not urls or 'HOME_PAGE' not in urls or not urls['HOME_PAGE']:\n            allure.attach(f\"‚ùå Could not fetch valid URLs for test '{test_name}' (market: {market_code}, model: {model_code})\")\n            pytest.fail(f\"Missing HOME_PAGE URL for test '{test_name}'\")\n    \n        allure.step(f\"üåê Fetched URLs from API for test '{test_name}':\\n\"\n                    f\"Model Name: {urls.get('MODEL_NAME', 'N/A')}\\n\"\n                    f\"Body Type: {urls.get('BODY_TYPE', 'N/A')}\\n\"\n                    f\"URLs:\\n{json.dumps(urls, indent=2)}\")\n    \n        # BFV Logic\n        if 'CONFIGURATOR' not in urls or not urls['CONFIGURATOR']:\n            if test_name in [\"BFV1\", \"BFV2\", \"BFV3\", \"Last Configuration Started\", \"Last Configuration Completed\"]:\n                message = f\"‚ùå Skipping test '{test_name}' due to lack of CONFIGURATOR URL.\"\n                logging.warning(message)\n                allure.dynamic.description(message)\n                pytest.skip(message)\n    \n        if 'ONLINE_SHOP' not in urls or not urls['ONLINE_SHOP']:\n            if test_name in [\"BFV2\", \"BFV3\", \"Last Seen PDP\", \"Last Seen SRP\"]:\n                message = f\"‚ùå Skipping test '{test_name}' due to lack of ONLINE_SHOP URL.\"\n                logging.warning(message)\n                allure.dynamic.description(message)\n                pytest.skip(message)\n    \n        if 'TEST_DRIVE' not in urls or not urls['TEST_DRIVE']:\n            if test_name == \"BFV3\":\n                message = f\"‚ùå Skipping test '{test_name}' due to lack of TEST_DRIVE URL.\"\n                logging.warning(message)\n                allure.dynamic.description(message)\n                pytest.skip(message)\n    \n        try:\n            driver.get(urls['HOME_PAGE'])\n            WebDriverWait(driver, 15).until(lambda d: d.execute_script(\"return document.readyState\") == \"complete\")\n            logging.info(f\"üåç Navigated to: {urls['HOME_PAGE']}\")\n        except Exception as e:\n            logging.error(f\"‚ùå Error navigating to HOME_PAGE: {e}\")\n            pytest.fail(f\"Error navigating to HOME_PAGE: {e}\")\n    \n    \n    \n        try:\n            WebDriverWait(driver, 15).until(\n                EC.presence_of_element_located((By.CSS_SELECTOR, \"cmm-cookie-banner\"))\n            )\n            time.sleep(2)\n            logging.info(\"‚úÖ Cookie banner detected.\")\n            driver.execute_script(\"\"\"\n                document.querySelector(\"cmm-cookie-banner\").shadowRoot.querySelector(\"wb7-button.button--accept-all\").click();\n            \"\"\")\n            allure.step(\"‚úÖ Clicked on accept cookies.\")\n        except Exception as ex:\n            allure.attach(\"‚ùå Cookie banner not found or already accepted.\")\n    \n        # Execute test\n        if test_name in test_mapping:\n            test_instance = test_mapping[test_name](driver, urls)\n            test_instance.run()\n            allure.step(f\"‚úÖ {test_name} test completed.\")\n            time.sleep(4)\n    \n            test_success = verify_personalization_and_capture(\n                driver, test_name, model_name, body_type, attempt, screenshot_dir,\n                test_success, xhr_capturer, urls\n            )\n    \n        if not test_success:\n            failure_message = f\"‚ùå Test '{test_name}' failed.\"\n            logging.error(failure_message)\n            allure.attach(failure_message, name=\"Test Failure\", attachment_type=allure.attachment_type.TEXT)\n>           pytest.fail(failure_message)\nE           Failed: ‚ùå Test 'BFV3' failed.\n\nQAAppAllure.py:176: Failed"}, "description": "\nRuns a test for each test case, either manually defined or dynamically fetched.\n", "steps": [{"name": "Setting up stealth mode for the browser", "status": "passed", "start": 1745844532894, "stop": 1745844532977}, {"name": "Enabling network logging", "status": "passed", "start": 1745844532977, "stop": 1745844532982}, {"name": "Perform BFV3 Test Logic", "status": "broken", "statusDetails": {"message": "selenium.common.exceptions.ElementClickInterceptedException: Message: element click intercepted: Element <a _ngcontent-ng-c2521831864=\"\" queryparamshandling=\"merge\" rel=\"nofollow\" class=\"cc-navigation__button cc-navigation__group\" navigation-menu-item-data-id=\"/configuration/CCci/AT/de/de_AT__2946121_AT1__AU-111_LE-L_LU-197_MJ-806_PC-P14-P15-P44-P49-P79-P82-PAI-PBG-PDA-PSE_PS-012#-S89#_SA-01U-02B-13U-14U-16U-17U-218-234-235-239-241-242-243-252-272-275-287-290-294-299-309-321-325-34U-351-355-365-367-382-39U-428-464-475-485-49U-4B6-500-504-51U-534-537-551-580-583-587-608-632-63B-668-679-681-70B-723-757-79B-7U2-82B-83B-840-868-873-876-87B-882-88B-890-891-897-968-986-9B2-B30-B51-B53-B59-H51-L3E-R01-R55-U10-U12-U22-U23_SC-0S3-0U1-184-1B3-1U3-2S0-2U8-31U-502-51B-5V5-6P5-7B4-7S1-7S3-8B4-8P3-8S8-8U4-8U8-998-A83-BAB-EMA-EMQ-K12-PVN-R7K/paints\">...</a> is not clickable at point (588, 223). Other element would receive the click: <cmm-cookie-banner settings-id=\"k-l7rZd3t\" variant=\"A\" data-language=\"de\" data-market=\"AT\" class=\"hydrated\" data-workbench-version=\"7.64.1\"></cmm-cookie-banner>\n  (Session info: chrome=135.0.7049.115)\nStacktrace:\n\tGetHandleVerifier [0x00007FF6565EEFA5+77893]\n\tGetHandleVerifier [0x00007FF6565EF000+77984]\n\t(No symbol) [0x00007FF6563B91BA]\n\t(No symbol) [0x00007FF6564170A9]\n\t(No symbol) [0x00007FF656414A62]\n\t(No symbol) [0x00007FF656411B01]\n\t(No symbol) [0x00007FF656410A01]\n\t(No symbol) [0x00007FF656402134]\n\t(No symbol) [0x00007FF65643712A]\n\t(No symbol) [0x00007FF6564019E6]\n\t(No symbol) [0x00007FF656437340]\n\t(No symbol) [0x00007FF65645F07F]\n\t(No symbol) [0x00007FF656436F03]\n\t(No symbol) [0x00007FF656400328]\n\t(No symbol) [0x00007FF656401093]\n\tGetHandleVerifier [0x00007FF6568A7B6D+2931725]\n\tGetHandleVerifier [0x00007FF6568A2132+2908626]\n\tGetHandleVerifier [0x00007FF6568C00F3+3031443]\n\tGetHandleVerifier [0x00007FF6566091EA+184970]\n\tGetHandleVerifier [0x00007FF65661086F+215311]\n\tGetHandleVerifier [0x00007FF6565F6EC4+110436]\n\tGetHandleVerifier [0x00007FF6565F7072+110866]\n\tGetHandleVerifier [0x00007FF6565DD479+5401]\n\t(No symbol) [0x00007FFD5E03259D]\n\tRtlUserThreadStart [0x00007FFD5FE6AF38+40]\n\n", "trace": "  File \"C:\\Users\\luis.sepulveda\\AppData\\Local\\Programs\\Python\\Python313\\Lib\\site-packages\\allure_commons\\_allure.py\", line 192, in impl\n    return func(*a, **kw)\n  File \"C:\\Python\\QA App Allure\\QA-App-Allure\\TestsCodes\\test_bfv3.py\", line 87, in perform_bfv3_test\n    main_frame.click()\n    ~~~~~~~~~~~~~~~~^^\n  File \"C:\\Users\\luis.sepulveda\\AppData\\Local\\Programs\\Python\\Python313\\Lib\\site-packages\\selenium\\webdriver\\remote\\webelement.py\", line 119, in click\n    self._execute(Command.CLICK_ELEMENT)\n    ~~~~~~~~~~~~~^^^^^^^^^^^^^^^^^^^^^^^\n  File \"C:\\Users\\luis.sepulveda\\AppData\\Local\\Programs\\Python\\Python313\\Lib\\site-packages\\selenium\\webdriver\\remote\\webelement.py\", line 572, in _execute\n    return self._parent.execute(command, params)\n           ~~~~~~~~~~~~~~~~~~~~^^^^^^^^^^^^^^^^^\n  File \"C:\\Users\\luis.sepulveda\\AppData\\Local\\Programs\\Python\\Python313\\Lib\\site-packages\\selenium\\webdriver\\remote\\webdriver.py\", line 429, in execute\n    self.error_handler.check_response(response)\n    ~~~~~~~~~~~~~~~~~~~~~~~~~~~~~~~~~^^^^^^^^^^\n  File \"C:\\Users\\luis.sepulveda\\AppData\\Local\\Programs\\Python\\Python313\\Lib\\site-packages\\selenium\\webdriver\\remote\\errorhandler.py\", line 232, in check_response\n    raise exception_class(message, screen, stacktrace)\n"}, "steps": [{"name": "üåç Navigated to: https://www.mercedes-benz.at/passengercars/models/suv/eqe/overview.html", "status": "passed", "start": 1745844546567, "stop": 1745844552140}, {"name": "üåç Navigated to: https://www.mercedes-benz.at/passengercars/mercedes-benz-cars/car-configurator.html/motorization/CCci/AT/de/EQE-KLASSE/OFFROADER", "status": "passed", "start": 1745844552140, "stop": 1745844557917}, {"name": "‚úÖ Executed actions in configurator", "status": "broken", "statusDetails": {"message": "selenium.common.exceptions.ElementClickInterceptedException: Message: element click intercepted: Element <a _ngcontent-ng-c2521831864=\"\" queryparamshandling=\"merge\" rel=\"nofollow\" class=\"cc-navigation__button cc-navigation__group\" navigation-menu-item-data-id=\"/configuration/CCci/AT/de/de_AT__2946121_AT1__AU-111_LE-L_LU-197_MJ-806_PC-P14-P15-P44-P49-P79-P82-PAI-PBG-PDA-PSE_PS-012#-S89#_SA-01U-02B-13U-14U-16U-17U-218-234-235-239-241-242-243-252-272-275-287-290-294-299-309-321-325-34U-351-355-365-367-382-39U-428-464-475-485-49U-4B6-500-504-51U-534-537-551-580-583-587-608-632-63B-668-679-681-70B-723-757-79B-7U2-82B-83B-840-868-873-876-87B-882-88B-890-891-897-968-986-9B2-B30-B51-B53-B59-H51-L3E-R01-R55-U10-U12-U22-U23_SC-0S3-0U1-184-1B3-1U3-2S0-2U8-31U-502-51B-5V5-6P5-7B4-7S1-7S3-8B4-8P3-8S8-8U4-8U8-998-A83-BAB-EMA-EMQ-K12-PVN-R7K/paints\">...</a> is not clickable at point (588, 223). Other element would receive the click: <cmm-cookie-banner settings-id=\"k-l7rZd3t\" variant=\"A\" data-language=\"de\" data-market=\"AT\" class=\"hydrated\" data-workbench-version=\"7.64.1\"></cmm-cookie-banner>\n  (Session info: chrome=135.0.7049.115)\nStacktrace:\n\tGetHandleVerifier [0x00007FF6565EEFA5+77893]\n\tGetHandleVerifier [0x00007FF6565EF000+77984]\n\t(No symbol) [0x00007FF6563B91BA]\n\t(No symbol) [0x00007FF6564170A9]\n\t(No symbol) [0x00007FF656414A62]\n\t(No symbol) [0x00007FF656411B01]\n\t(No symbol) [0x00007FF656410A01]\n\t(No symbol) [0x00007FF656402134]\n\t(No symbol) [0x00007FF65643712A]\n\t(No symbol) [0x00007FF6564019E6]\n\t(No symbol) [0x00007FF656437340]\n\t(No symbol) [0x00007FF65645F07F]\n\t(No symbol) [0x00007FF656436F03]\n\t(No symbol) [0x00007FF656400328]\n\t(No symbol) [0x00007FF656401093]\n\tGetHandleVerifier [0x00007FF6568A7B6D+2931725]\n\tGetHandleVerifier [0x00007FF6568A2132+2908626]\n\tGetHandleVerifier [0x00007FF6568C00F3+3031443]\n\tGetHandleVerifier [0x00007FF6566091EA+184970]\n\tGetHandleVerifier [0x00007FF65661086F+215311]\n\tGetHandleVerifier [0x00007FF6565F6EC4+110436]\n\tGetHandleVerifier [0x00007FF6565F7072+110866]\n\tGetHandleVerifier [0x00007FF6565DD479+5401]\n\t(No symbol) [0x00007FFD5E03259D]\n\tRtlUserThreadStart [0x00007FFD5FE6AF38+40]\n\n", "trace": "  File \"C:\\Python\\QA App Allure\\QA-App-Allure\\TestsCodes\\test_bfv3.py\", line 87, in perform_bfv3_test\n    main_frame.click()\n    ~~~~~~~~~~~~~~~~^^\n  File \"C:\\Users\\luis.sepulveda\\AppData\\Local\\Programs\\Python\\Python313\\Lib\\site-packages\\selenium\\webdriver\\remote\\webelement.py\", line 119, in click\n    self._execute(Command.CLICK_ELEMENT)\n    ~~~~~~~~~~~~~^^^^^^^^^^^^^^^^^^^^^^^\n  File \"C:\\Users\\luis.sepulveda\\AppData\\Local\\Programs\\Python\\Python313\\Lib\\site-packages\\selenium\\webdriver\\remote\\webelement.py\", line 572, in _execute\n    return self._parent.execute(command, params)\n           ~~~~~~~~~~~~~~~~~~~~^^^^^^^^^^^^^^^^^\n  File \"C:\\Users\\luis.sepulveda\\AppData\\Local\\Programs\\Python\\Python313\\Lib\\site-packages\\selenium\\webdriver\\remote\\webdriver.py\", line 429, in execute\n    self.error_handler.check_response(response)\n    ~~~~~~~~~~~~~~~~~~~~~~~~~~~~~~~~~^^^^^^^^^^\n  File \"C:\\Users\\luis.sepulveda\\AppData\\Local\\Programs\\Python\\Python313\\Lib\\site-packages\\selenium\\webdriver\\remote\\errorhandler.py\", line 232, in check_response\n    raise exception_class(message, screen, stacktrace)\n"}, "start": 1745844557917, "stop": 1745844559651}], "start": 1745844542938, "stop": 1745844559652}, {"name": "Perform BFV3 Test Logic", "status": "broken", "statusDetails": {"message": "selenium.common.exceptions.ElementClickInterceptedException: Message: element click intercepted: Element <a _ngcontent-ng-c2521831864=\"\" queryparamshandling=\"merge\" rel=\"nofollow\" class=\"cc-navigation__button cc-navigation__group\" navigation-menu-item-data-id=\"/configuration/CCci/AT/de/de_AT__2946121_AT1__AU-111_LE-L_LU-197_MJ-806_PC-P14-P15-P44-P49-P79-P82-PAI-PBG-PDA-PSE_PS-012#-S89#_SA-01U-02B-13U-14U-16U-17U-218-234-235-239-241-242-243-252-272-275-287-290-294-299-309-321-325-34U-351-355-365-367-382-39U-428-464-475-485-49U-4B6-500-504-51U-534-537-551-580-583-587-608-632-63B-668-679-681-70B-723-757-79B-7U2-82B-83B-840-868-873-876-87B-882-88B-890-891-897-968-986-9B2-B30-B51-B53-B59-H51-L3E-R01-R55-U10-U12-U22-U23_SC-0S3-0U1-184-1B3-1U3-2S0-2U8-31U-502-51B-5V5-6P5-7B4-7S1-7S3-8B4-8P3-8S8-8U4-8U8-998-A83-BAB-EMA-EMQ-K12-PVN-R7K/paints\">...</a> is not clickable at point (588, 223). Other element would receive the click: <cmm-cookie-banner settings-id=\"k-l7rZd3t\" variant=\"A\" data-language=\"de\" data-market=\"AT\" class=\"hydrated\" data-workbench-version=\"7.64.1\"></cmm-cookie-banner>\n  (Session info: chrome=135.0.7049.115)\nStacktrace:\n\tGetHandleVerifier [0x00007FF6565EEFA5+77893]\n\tGetHandleVerifier [0x00007FF6565EF000+77984]\n\t(No symbol) [0x00007FF6563B91BA]\n\t(No symbol) [0x00007FF6564170A9]\n\t(No symbol) [0x00007FF656414A62]\n\t(No symbol) [0x00007FF656411B01]\n\t(No symbol) [0x00007FF656410A01]\n\t(No symbol) [0x00007FF656402134]\n\t(No symbol) [0x00007FF65643712A]\n\t(No symbol) [0x00007FF6564019E6]\n\t(No symbol) [0x00007FF656437340]\n\t(No symbol) [0x00007FF65645F07F]\n\t(No symbol) [0x00007FF656436F03]\n\t(No symbol) [0x00007FF656400328]\n\t(No symbol) [0x00007FF656401093]\n\tGetHandleVerifier [0x00007FF6568A7B6D+2931725]\n\tGetHandleVerifier [0x00007FF6568A2132+2908626]\n\tGetHandleVerifier [0x00007FF6568C00F3+3031443]\n\tGetHandleVerifier [0x00007FF6566091EA+184970]\n\tGetHandleVerifier [0x00007FF65661086F+215311]\n\tGetHandleVerifier [0x00007FF6565F6EC4+110436]\n\tGetHandleVerifier [0x00007FF6565F7072+110866]\n\tGetHandleVerifier [0x00007FF6565DD479+5401]\n\t(No symbol) [0x00007FFD5E03259D]\n\tRtlUserThreadStart [0x00007FFD5FE6AF38+40]\n\n", "trace": "  File \"C:\\Users\\luis.sepulveda\\AppData\\Local\\Programs\\Python\\Python313\\Lib\\site-packages\\allure_commons\\_allure.py\", line 192, in impl\n    return func(*a, **kw)\n  File \"C:\\Python\\QA App Allure\\QA-App-Allure\\TestsCodes\\test_bfv3.py\", line 87, in perform_bfv3_test\n    main_frame.click()\n    ~~~~~~~~~~~~~~~~^^\n  File \"C:\\Users\\luis.sepulveda\\AppData\\Local\\Programs\\Python\\Python313\\Lib\\site-packages\\selenium\\webdriver\\remote\\webelement.py\", line 119, in click\n    self._execute(Command.CLICK_ELEMENT)\n    ~~~~~~~~~~~~~^^^^^^^^^^^^^^^^^^^^^^^\n  File \"C:\\Users\\luis.sepulveda\\AppData\\Local\\Programs\\Python\\Python313\\Lib\\site-packages\\selenium\\webdriver\\remote\\webelement.py\", line 572, in _execute\n    return self._parent.execute(command, params)\n           ~~~~~~~~~~~~~~~~~~~~^^^^^^^^^^^^^^^^^\n  File \"C:\\Users\\luis.sepulveda\\AppData\\Local\\Programs\\Python\\Python313\\Lib\\site-packages\\selenium\\webdriver\\remote\\webdriver.py\", line 429, in execute\n    self.error_handler.check_response(response)\n    ~~~~~~~~~~~~~~~~~~~~~~~~~~~~~~~~~^^^^^^^^^^\n  File \"C:\\Users\\luis.sepulveda\\AppData\\Local\\Programs\\Python\\Python313\\Lib\\site-packages\\selenium\\webdriver\\remote\\errorhandler.py\", line 232, in check_response\n    raise exception_class(message, screen, stacktrace)\n"}, "steps": [{"name": "üåç Navigated to: https://www.mercedes-benz.at/passengercars/models/suv/eqe/overview.html", "status": "passed", "start": 1745844563591, "stop": 1745844568261}, {"name": "üåç Navigated to: https://www.mercedes-benz.at/passengercars/mercedes-benz-cars/car-configurator.html/motorization/CCci/AT/de/EQE-KLASSE/OFFROADER", "status": "passed", "start": 1745844568262, "stop": 1745844576016}, {"name": "‚úÖ Executed actions in configurator", "status": "broken", "statusDetails": {"message": "selenium.common.exceptions.ElementClickInterceptedException: Message: element click intercepted: Element <a _ngcontent-ng-c2521831864=\"\" queryparamshandling=\"merge\" rel=\"nofollow\" class=\"cc-navigation__button cc-navigation__group\" navigation-menu-item-data-id=\"/configuration/CCci/AT/de/de_AT__2946121_AT1__AU-111_LE-L_LU-197_MJ-806_PC-P14-P15-P44-P49-P79-P82-PAI-PBG-PDA-PSE_PS-012#-S89#_SA-01U-02B-13U-14U-16U-17U-218-234-235-239-241-242-243-252-272-275-287-290-294-299-309-321-325-34U-351-355-365-367-382-39U-428-464-475-485-49U-4B6-500-504-51U-534-537-551-580-583-587-608-632-63B-668-679-681-70B-723-757-79B-7U2-82B-83B-840-868-873-876-87B-882-88B-890-891-897-968-986-9B2-B30-B51-B53-B59-H51-L3E-R01-R55-U10-U12-U22-U23_SC-0S3-0U1-184-1B3-1U3-2S0-2U8-31U-502-51B-5V5-6P5-7B4-7S1-7S3-8B4-8P3-8S8-8U4-8U8-998-A83-BAB-EMA-EMQ-K12-PVN-R7K/paints\">...</a> is not clickable at point (588, 223). Other element would receive the click: <cmm-cookie-banner settings-id=\"k-l7rZd3t\" variant=\"A\" data-language=\"de\" data-market=\"AT\" class=\"hydrated\" data-workbench-version=\"7.64.1\"></cmm-cookie-banner>\n  (Session info: chrome=135.0.7049.115)\nStacktrace:\n\tGetHandleVerifier [0x00007FF6565EEFA5+77893]\n\tGetHandleVerifier [0x00007FF6565EF000+77984]\n\t(No symbol) [0x00007FF6563B91BA]\n\t(No symbol) [0x00007FF6564170A9]\n\t(No symbol) [0x00007FF656414A62]\n\t(No symbol) [0x00007FF656411B01]\n\t(No symbol) [0x00007FF656410A01]\n\t(No symbol) [0x00007FF656402134]\n\t(No symbol) [0x00007FF65643712A]\n\t(No symbol) [0x00007FF6564019E6]\n\t(No symbol) [0x00007FF656437340]\n\t(No symbol) [0x00007FF65645F07F]\n\t(No symbol) [0x00007FF656436F03]\n\t(No symbol) [0x00007FF656400328]\n\t(No symbol) [0x00007FF656401093]\n\tGetHandleVerifier [0x00007FF6568A7B6D+2931725]\n\tGetHandleVerifier [0x00007FF6568A2132+2908626]\n\tGetHandleVerifier [0x00007FF6568C00F3+3031443]\n\tGetHandleVerifier [0x00007FF6566091EA+184970]\n\tGetHandleVerifier [0x00007FF65661086F+215311]\n\tGetHandleVerifier [0x00007FF6565F6EC4+110436]\n\tGetHandleVerifier [0x00007FF6565F7072+110866]\n\tGetHandleVerifier [0x00007FF6565DD479+5401]\n\t(No symbol) [0x00007FFD5E03259D]\n\tRtlUserThreadStart [0x00007FFD5FE6AF38+40]\n\n", "trace": "  File \"C:\\Python\\QA App Allure\\QA-App-Allure\\TestsCodes\\test_bfv3.py\", line 87, in perform_bfv3_test\n    main_frame.click()\n    ~~~~~~~~~~~~~~~~^^\n  File \"C:\\Users\\luis.sepulveda\\AppData\\Local\\Programs\\Python\\Python313\\Lib\\site-packages\\selenium\\webdriver\\remote\\webelement.py\", line 119, in click\n    self._execute(Command.CLICK_ELEMENT)\n    ~~~~~~~~~~~~~^^^^^^^^^^^^^^^^^^^^^^^\n  File \"C:\\Users\\luis.sepulveda\\AppData\\Local\\Programs\\Python\\Python313\\Lib\\site-packages\\selenium\\webdriver\\remote\\webelement.py\", line 572, in _execute\n    return self._parent.execute(command, params)\n           ~~~~~~~~~~~~~~~~~~~~^^^^^^^^^^^^^^^^^\n  File \"C:\\Users\\luis.sepulveda\\AppData\\Local\\Programs\\Python\\Python313\\Lib\\site-packages\\selenium\\webdriver\\remote\\webdriver.py\", line 429, in execute\n    self.error_handler.check_response(response)\n    ~~~~~~~~~~~~~~~~~~~~~~~~~~~~~~~~~^^^^^^^^^^\n  File \"C:\\Users\\luis.sepulveda\\AppData\\Local\\Programs\\Python\\Python313\\Lib\\site-packages\\selenium\\webdriver\\remote\\errorhandler.py\", line 232, in check_response\n    raise exception_class(message, screen, stacktrace)\n"}, "start": 1745844576016, "stop": 1745844577536}], "start": 1745844559654, "stop": 1745844577538}, {"name": "Perform BFV3 Test Logic", "status": "broken", "statusDetails": {"message": "selenium.common.exceptions.ElementClickInterceptedException: Message: element click intercepted: Element <a _ngcontent-ng-c2521831864=\"\" queryparamshandling=\"merge\" rel=\"nofollow\" class=\"cc-navigation__button cc-navigation__group\" navigation-menu-item-data-id=\"/configuration/CCci/AT/de/de_AT__2946121_AT1__AU-111_LE-L_LU-197_MJ-806_PC-P14-P15-P44-P49-P79-P82-PAI-PBG-PDA-PSE_PS-012#-S89#_SA-01U-02B-13U-14U-16U-17U-218-234-235-239-241-242-243-252-272-275-287-290-294-299-309-321-325-34U-351-355-365-367-382-39U-428-464-475-485-49U-4B6-500-504-51U-534-537-551-580-583-587-608-632-63B-668-679-681-70B-723-757-79B-7U2-82B-83B-840-868-873-876-87B-882-88B-890-891-897-968-986-9B2-B30-B51-B53-B59-H51-L3E-R01-R55-U10-U12-U22-U23_SC-0S3-0U1-184-1B3-1U3-2S0-2U8-31U-502-51B-5V5-6P5-7B4-7S1-7S3-8B4-8P3-8S8-8U4-8U8-998-A83-BAB-EMA-EMQ-K12-PVN-R7K/paints\">...</a> is not clickable at point (588, 223). Other element would receive the click: <cmm-cookie-banner settings-id=\"k-l7rZd3t\" variant=\"A\" data-language=\"de\" data-market=\"AT\" class=\"hydrated\" data-workbench-version=\"7.64.1\"></cmm-cookie-banner>\n  (Session info: chrome=135.0.7049.115)\nStacktrace:\n\tGetHandleVerifier [0x00007FF6565EEFA5+77893]\n\tGetHandleVerifier [0x00007FF6565EF000+77984]\n\t(No symbol) [0x00007FF6563B91BA]\n\t(No symbol) [0x00007FF6564170A9]\n\t(No symbol) [0x00007FF656414A62]\n\t(No symbol) [0x00007FF656411B01]\n\t(No symbol) [0x00007FF656410A01]\n\t(No symbol) [0x00007FF656402134]\n\t(No symbol) [0x00007FF65643712A]\n\t(No symbol) [0x00007FF6564019E6]\n\t(No symbol) [0x00007FF656437340]\n\t(No symbol) [0x00007FF65645F07F]\n\t(No symbol) [0x00007FF656436F03]\n\t(No symbol) [0x00007FF656400328]\n\t(No symbol) [0x00007FF656401093]\n\tGetHandleVerifier [0x00007FF6568A7B6D+2931725]\n\tGetHandleVerifier [0x00007FF6568A2132+2908626]\n\tGetHandleVerifier [0x00007FF6568C00F3+3031443]\n\tGetHandleVerifier [0x00007FF6566091EA+184970]\n\tGetHandleVerifier [0x00007FF65661086F+215311]\n\tGetHandleVerifier [0x00007FF6565F6EC4+110436]\n\tGetHandleVerifier [0x00007FF6565F7072+110866]\n\tGetHandleVerifier [0x00007FF6565DD479+5401]\n\t(No symbol) [0x00007FFD5E03259D]\n\tRtlUserThreadStart [0x00007FFD5FE6AF38+40]\n\n", "trace": "  File \"C:\\Users\\luis.sepulveda\\AppData\\Local\\Programs\\Python\\Python313\\Lib\\site-packages\\allure_commons\\_allure.py\", line 192, in impl\n    return func(*a, **kw)\n  File \"C:\\Python\\QA App Allure\\QA-App-Allure\\TestsCodes\\test_bfv3.py\", line 87, in perform_bfv3_test\n    main_frame.click()\n    ~~~~~~~~~~~~~~~~^^\n  File \"C:\\Users\\luis.sepulveda\\AppData\\Local\\Programs\\Python\\Python313\\Lib\\site-packages\\selenium\\webdriver\\remote\\webelement.py\", line 119, in click\n    self._execute(Command.CLICK_ELEMENT)\n    ~~~~~~~~~~~~~^^^^^^^^^^^^^^^^^^^^^^^\n  File \"C:\\Users\\luis.sepulveda\\AppData\\Local\\Programs\\Python\\Python313\\Lib\\site-packages\\selenium\\webdriver\\remote\\webelement.py\", line 572, in _execute\n    return self._parent.execute(command, params)\n           ~~~~~~~~~~~~~~~~~~~~^^^^^^^^^^^^^^^^^\n  File \"C:\\Users\\luis.sepulveda\\AppData\\Local\\Programs\\Python\\Python313\\Lib\\site-packages\\selenium\\webdriver\\remote\\webdriver.py\", line 429, in execute\n    self.error_handler.check_response(response)\n    ~~~~~~~~~~~~~~~~~~~~~~~~~~~~~~~~~^^^^^^^^^^\n  File \"C:\\Users\\luis.sepulveda\\AppData\\Local\\Programs\\Python\\Python313\\Lib\\site-packages\\selenium\\webdriver\\remote\\errorhandler.py\", line 232, in check_response\n    raise exception_class(message, screen, stacktrace)\n"}, "steps": [{"name": "üåç Navigated to: https://www.mercedes-benz.at/passengercars/models/suv/eqe/overview.html", "status": "passed", "start": 1745844580575, "stop": 1745844584807}, {"name": "üåç Navigated to: https://www.mercedes-benz.at/passengercars/mercedes-benz-cars/car-configurator.html/motorization/CCci/AT/de/EQE-KLASSE/OFFROADER", "status": "passed", "start": 1745844584807, "stop": 1745844589698}, {"name": "‚úÖ Executed actions in configurator", "status": "broken", "statusDetails": {"message": "selenium.common.exceptions.ElementClickInterceptedException: Message: element click intercepted: Element <a _ngcontent-ng-c2521831864=\"\" queryparamshandling=\"merge\" rel=\"nofollow\" class=\"cc-navigation__button cc-navigation__group\" navigation-menu-item-data-id=\"/configuration/CCci/AT/de/de_AT__2946121_AT1__AU-111_LE-L_LU-197_MJ-806_PC-P14-P15-P44-P49-P79-P82-PAI-PBG-PDA-PSE_PS-012#-S89#_SA-01U-02B-13U-14U-16U-17U-218-234-235-239-241-242-243-252-272-275-287-290-294-299-309-321-325-34U-351-355-365-367-382-39U-428-464-475-485-49U-4B6-500-504-51U-534-537-551-580-583-587-608-632-63B-668-679-681-70B-723-757-79B-7U2-82B-83B-840-868-873-876-87B-882-88B-890-891-897-968-986-9B2-B30-B51-B53-B59-H51-L3E-R01-R55-U10-U12-U22-U23_SC-0S3-0U1-184-1B3-1U3-2S0-2U8-31U-502-51B-5V5-6P5-7B4-7S1-7S3-8B4-8P3-8S8-8U4-8U8-998-A83-BAB-EMA-EMQ-K12-PVN-R7K/paints\">...</a> is not clickable at point (588, 223). Other element would receive the click: <cmm-cookie-banner settings-id=\"k-l7rZd3t\" variant=\"A\" data-language=\"de\" data-market=\"AT\" class=\"hydrated\" data-workbench-version=\"7.64.1\"></cmm-cookie-banner>\n  (Session info: chrome=135.0.7049.115)\nStacktrace:\n\tGetHandleVerifier [0x00007FF6565EEFA5+77893]\n\tGetHandleVerifier [0x00007FF6565EF000+77984]\n\t(No symbol) [0x00007FF6563B91BA]\n\t(No symbol) [0x00007FF6564170A9]\n\t(No symbol) [0x00007FF656414A62]\n\t(No symbol) [0x00007FF656411B01]\n\t(No symbol) [0x00007FF656410A01]\n\t(No symbol) [0x00007FF656402134]\n\t(No symbol) [0x00007FF65643712A]\n\t(No symbol) [0x00007FF6564019E6]\n\t(No symbol) [0x00007FF656437340]\n\t(No symbol) [0x00007FF65645F07F]\n\t(No symbol) [0x00007FF656436F03]\n\t(No symbol) [0x00007FF656400328]\n\t(No symbol) [0x00007FF656401093]\n\tGetHandleVerifier [0x00007FF6568A7B6D+2931725]\n\tGetHandleVerifier [0x00007FF6568A2132+2908626]\n\tGetHandleVerifier [0x00007FF6568C00F3+3031443]\n\tGetHandleVerifier [0x00007FF6566091EA+184970]\n\tGetHandleVerifier [0x00007FF65661086F+215311]\n\tGetHandleVerifier [0x00007FF6565F6EC4+110436]\n\tGetHandleVerifier [0x00007FF6565F7072+110866]\n\tGetHandleVerifier [0x00007FF6565DD479+5401]\n\t(No symbol) [0x00007FFD5E03259D]\n\tRtlUserThreadStart [0x00007FFD5FE6AF38+40]\n\n", "trace": "  File \"C:\\Python\\QA App Allure\\QA-App-Allure\\TestsCodes\\test_bfv3.py\", line 87, in perform_bfv3_test\n    main_frame.click()\n    ~~~~~~~~~~~~~~~~^^\n  File \"C:\\Users\\luis.sepulveda\\AppData\\Local\\Programs\\Python\\Python313\\Lib\\site-packages\\selenium\\webdriver\\remote\\webelement.py\", line 119, in click\n    self._execute(Command.CLICK_ELEMENT)\n    ~~~~~~~~~~~~~^^^^^^^^^^^^^^^^^^^^^^^\n  File \"C:\\Users\\luis.sepulveda\\AppData\\Local\\Programs\\Python\\Python313\\Lib\\site-packages\\selenium\\webdriver\\remote\\webelement.py\", line 572, in _execute\n    return self._parent.execute(command, params)\n           ~~~~~~~~~~~~~~~~~~~~^^^^^^^^^^^^^^^^^\n  File \"C:\\Users\\luis.sepulveda\\AppData\\Local\\Programs\\Python\\Python313\\Lib\\site-packages\\selenium\\webdriver\\remote\\webdriver.py\", line 429, in execute\n    self.error_handler.check_response(response)\n    ~~~~~~~~~~~~~~~~~~~~~~~~~~~~~~~~~^^^^^^^^^^\n  File \"C:\\Users\\luis.sepulveda\\AppData\\Local\\Programs\\Python\\Python313\\Lib\\site-packages\\selenium\\webdriver\\remote\\errorhandler.py\", line 232, in check_response\n    raise exception_class(message, screen, stacktrace)\n"}, "start": 1745844589698, "stop": 1745844591381}], "start": 1745844577541, "stop": 1745844591384}, {"name": "Perform BFV3 Test Logic", "status": "broken", "statusDetails": {"message": "selenium.common.exceptions.ElementClickInterceptedException: Message: element click intercepted: Element <a _ngcontent-ng-c2521831864=\"\" queryparamshandling=\"merge\" rel=\"nofollow\" class=\"cc-navigation__button cc-navigation__group\" navigation-menu-item-data-id=\"/configuration/CCci/AT/de/de_AT__2946121_AT1__AU-111_LE-L_LU-197_MJ-806_PC-P14-P15-P44-P49-P79-P82-PAI-PBG-PDA-PSE_PS-012#-S89#_SA-01U-02B-13U-14U-16U-17U-218-234-235-239-241-242-243-252-272-275-287-290-294-299-309-321-325-34U-351-355-365-367-382-39U-428-464-475-485-49U-4B6-500-504-51U-534-537-551-580-583-587-608-632-63B-668-679-681-70B-723-757-79B-7U2-82B-83B-840-868-873-876-87B-882-88B-890-891-897-968-986-9B2-B30-B51-B53-B59-H51-L3E-R01-R55-U10-U12-U22-U23_SC-0S3-0U1-184-1B3-1U3-2S0-2U8-31U-502-51B-5V5-6P5-7B4-7S1-7S3-8B4-8P3-8S8-8U4-8U8-998-A83-BAB-EMA-EMQ-K12-PVN-R7K/paints\">...</a> is not clickable at point (588, 223). Other element would receive the click: <cmm-cookie-banner settings-id=\"k-l7rZd3t\" variant=\"A\" data-language=\"de\" data-market=\"AT\" class=\"hydrated\" data-workbench-version=\"7.64.1\"></cmm-cookie-banner>\n  (Session info: chrome=135.0.7049.115)\nStacktrace:\n\tGetHandleVerifier [0x00007FF6565EEFA5+77893]\n\tGetHandleVerifier [0x00007FF6565EF000+77984]\n\t(No symbol) [0x00007FF6563B91BA]\n\t(No symbol) [0x00007FF6564170A9]\n\t(No symbol) [0x00007FF656414A62]\n\t(No symbol) [0x00007FF656411B01]\n\t(No symbol) [0x00007FF656410A01]\n\t(No symbol) [0x00007FF656402134]\n\t(No symbol) [0x00007FF65643712A]\n\t(No symbol) [0x00007FF6564019E6]\n\t(No symbol) [0x00007FF656437340]\n\t(No symbol) [0x00007FF65645F07F]\n\t(No symbol) [0x00007FF656436F03]\n\t(No symbol) [0x00007FF656400328]\n\t(No symbol) [0x00007FF656401093]\n\tGetHandleVerifier [0x00007FF6568A7B6D+2931725]\n\tGetHandleVerifier [0x00007FF6568A2132+2908626]\n\tGetHandleVerifier [0x00007FF6568C00F3+3031443]\n\tGetHandleVerifier [0x00007FF6566091EA+184970]\n\tGetHandleVerifier [0x00007FF65661086F+215311]\n\tGetHandleVerifier [0x00007FF6565F6EC4+110436]\n\tGetHandleVerifier [0x00007FF6565F7072+110866]\n\tGetHandleVerifier [0x00007FF6565DD479+5401]\n\t(No symbol) [0x00007FFD5E03259D]\n\tRtlUserThreadStart [0x00007FFD5FE6AF38+40]\n\n", "trace": "  File \"C:\\Users\\luis.sepulveda\\AppData\\Local\\Programs\\Python\\Python313\\Lib\\site-packages\\allure_commons\\_allure.py\", line 192, in impl\n    return func(*a, **kw)\n  File \"C:\\Python\\QA App Allure\\QA-App-Allure\\TestsCodes\\test_bfv3.py\", line 87, in perform_bfv3_test\n    main_frame.click()\n    ~~~~~~~~~~~~~~~~^^\n  File \"C:\\Users\\luis.sepulveda\\AppData\\Local\\Programs\\Python\\Python313\\Lib\\site-packages\\selenium\\webdriver\\remote\\webelement.py\", line 119, in click\n    self._execute(Command.CLICK_ELEMENT)\n    ~~~~~~~~~~~~~^^^^^^^^^^^^^^^^^^^^^^^\n  File \"C:\\Users\\luis.sepulveda\\AppData\\Local\\Programs\\Python\\Python313\\Lib\\site-packages\\selenium\\webdriver\\remote\\webelement.py\", line 572, in _execute\n    return self._parent.execute(command, params)\n           ~~~~~~~~~~~~~~~~~~~~^^^^^^^^^^^^^^^^^\n  File \"C:\\Users\\luis.sepulveda\\AppData\\Local\\Programs\\Python\\Python313\\Lib\\site-packages\\selenium\\webdriver\\remote\\webdriver.py\", line 429, in execute\n    self.error_handler.check_response(response)\n    ~~~~~~~~~~~~~~~~~~~~~~~~~~~~~~~~~^^^^^^^^^^\n  File \"C:\\Users\\luis.sepulveda\\AppData\\Local\\Programs\\Python\\Python313\\Lib\\site-packages\\selenium\\webdriver\\remote\\errorhandler.py\", line 232, in check_response\n    raise exception_class(message, screen, stacktrace)\n"}, "steps": [{"name": "üåç Navigated to: https://www.mercedes-benz.at/passengercars/models/suv/eqe/overview.html", "status": "passed", "start": 1745844596277, "stop": 1745844600894}, {"name": "üåç Navigated to: https://www.mercedes-benz.at/passengercars/mercedes-benz-cars/car-configurator.html/motorization/CCci/AT/de/EQE-KLASSE/OFFROADER", "status": "passed", "start": 1745844600894, "stop": 1745844606424}, {"name": "‚úÖ Executed actions in configurator", "status": "broken", "statusDetails": {"message": "selenium.common.exceptions.ElementClickInterceptedException: Message: element click intercepted: Element <a _ngcontent-ng-c2521831864=\"\" queryparamshandling=\"merge\" rel=\"nofollow\" class=\"cc-navigation__button cc-navigation__group\" navigation-menu-item-data-id=\"/configuration/CCci/AT/de/de_AT__2946121_AT1__AU-111_LE-L_LU-197_MJ-806_PC-P14-P15-P44-P49-P79-P82-PAI-PBG-PDA-PSE_PS-012#-S89#_SA-01U-02B-13U-14U-16U-17U-218-234-235-239-241-242-243-252-272-275-287-290-294-299-309-321-325-34U-351-355-365-367-382-39U-428-464-475-485-49U-4B6-500-504-51U-534-537-551-580-583-587-608-632-63B-668-679-681-70B-723-757-79B-7U2-82B-83B-840-868-873-876-87B-882-88B-890-891-897-968-986-9B2-B30-B51-B53-B59-H51-L3E-R01-R55-U10-U12-U22-U23_SC-0S3-0U1-184-1B3-1U3-2S0-2U8-31U-502-51B-5V5-6P5-7B4-7S1-7S3-8B4-8P3-8S8-8U4-8U8-998-A83-BAB-EMA-EMQ-K12-PVN-R7K/paints\">...</a> is not clickable at point (588, 223). Other element would receive the click: <cmm-cookie-banner settings-id=\"k-l7rZd3t\" variant=\"A\" data-language=\"de\" data-market=\"AT\" class=\"hydrated\" data-workbench-version=\"7.64.1\"></cmm-cookie-banner>\n  (Session info: chrome=135.0.7049.115)\nStacktrace:\n\tGetHandleVerifier [0x00007FF6565EEFA5+77893]\n\tGetHandleVerifier [0x00007FF6565EF000+77984]\n\t(No symbol) [0x00007FF6563B91BA]\n\t(No symbol) [0x00007FF6564170A9]\n\t(No symbol) [0x00007FF656414A62]\n\t(No symbol) [0x00007FF656411B01]\n\t(No symbol) [0x00007FF656410A01]\n\t(No symbol) [0x00007FF656402134]\n\t(No symbol) [0x00007FF65643712A]\n\t(No symbol) [0x00007FF6564019E6]\n\t(No symbol) [0x00007FF656437340]\n\t(No symbol) [0x00007FF65645F07F]\n\t(No symbol) [0x00007FF656436F03]\n\t(No symbol) [0x00007FF656400328]\n\t(No symbol) [0x00007FF656401093]\n\tGetHandleVerifier [0x00007FF6568A7B6D+2931725]\n\tGetHandleVerifier [0x00007FF6568A2132+2908626]\n\tGetHandleVerifier [0x00007FF6568C00F3+3031443]\n\tGetHandleVerifier [0x00007FF6566091EA+184970]\n\tGetHandleVerifier [0x00007FF65661086F+215311]\n\tGetHandleVerifier [0x00007FF6565F6EC4+110436]\n\tGetHandleVerifier [0x00007FF6565F7072+110866]\n\tGetHandleVerifier [0x00007FF6565DD479+5401]\n\t(No symbol) [0x00007FFD5E03259D]\n\tRtlUserThreadStart [0x00007FFD5FE6AF38+40]\n\n", "trace": "  File \"C:\\Python\\QA App Allure\\QA-App-Allure\\TestsCodes\\test_bfv3.py\", line 87, in perform_bfv3_test\n    main_frame.click()\n    ~~~~~~~~~~~~~~~~^^\n  File \"C:\\Users\\luis.sepulveda\\AppData\\Local\\Programs\\Python\\Python313\\Lib\\site-packages\\selenium\\webdriver\\remote\\webelement.py\", line 119, in click\n    self._execute(Command.CLICK_ELEMENT)\n    ~~~~~~~~~~~~~^^^^^^^^^^^^^^^^^^^^^^^\n  File \"C:\\Users\\luis.sepulveda\\AppData\\Local\\Programs\\Python\\Python313\\Lib\\site-packages\\selenium\\webdriver\\remote\\webelement.py\", line 572, in _execute\n    return self._parent.execute(command, params)\n           ~~~~~~~~~~~~~~~~~~~~^^^^^^^^^^^^^^^^^\n  File \"C:\\Users\\luis.sepulveda\\AppData\\Local\\Programs\\Python\\Python313\\Lib\\site-packages\\selenium\\webdriver\\remote\\webdriver.py\", line 429, in execute\n    self.error_handler.check_response(response)\n    ~~~~~~~~~~~~~~~~~~~~~~~~~~~~~~~~~^^^^^^^^^^\n  File \"C:\\Users\\luis.sepulveda\\AppData\\Local\\Programs\\Python\\Python313\\Lib\\site-packages\\selenium\\webdriver\\remote\\errorhandler.py\", line 232, in check_response\n    raise exception_class(message, screen, stacktrace)\n"}, "start": 1745844606424, "stop": 1745844607866}], "start": 1745844591387, "stop": 1745844607869}, {"name": "Perform BFV3 Test Logic", "status": "broken", "statusDetails": {"message": "selenium.common.exceptions.ElementClickInterceptedException: Message: element click intercepted: Element <a _ngcontent-ng-c2521831864=\"\" queryparamshandling=\"merge\" rel=\"nofollow\" class=\"cc-navigation__button cc-navigation__group\" navigation-menu-item-data-id=\"/configuration/CCci/AT/de/de_AT__2946121_AT1__AU-111_LE-L_LU-197_MJ-806_PC-P14-P15-P44-P49-P79-P82-PAI-PBG-PDA-PSE_PS-012#-S89#_SA-01U-02B-13U-14U-16U-17U-218-234-235-239-241-242-243-252-272-275-287-290-294-299-309-321-325-34U-351-355-365-367-382-39U-428-464-475-485-49U-4B6-500-504-51U-534-537-551-580-583-587-608-632-63B-668-679-681-70B-723-757-79B-7U2-82B-83B-840-868-873-876-87B-882-88B-890-891-897-968-986-9B2-B30-B51-B53-B59-H51-L3E-R01-R55-U10-U12-U22-U23_SC-0S3-0U1-184-1B3-1U3-2S0-2U8-31U-502-51B-5V5-6P5-7B4-7S1-7S3-8B4-8P3-8S8-8U4-8U8-998-A83-BAB-EMA-EMQ-K12-PVN-R7K/paints\">...</a> is not clickable at point (588, 223). Other element would receive the click: <cmm-cookie-banner settings-id=\"k-l7rZd3t\" variant=\"A\" data-language=\"de\" data-market=\"AT\" class=\"hydrated\" data-workbench-version=\"7.64.1\"></cmm-cookie-banner>\n  (Session info: chrome=135.0.7049.115)\nStacktrace:\n\tGetHandleVerifier [0x00007FF6565EEFA5+77893]\n\tGetHandleVerifier [0x00007FF6565EF000+77984]\n\t(No symbol) [0x00007FF6563B91BA]\n\t(No symbol) [0x00007FF6564170A9]\n\t(No symbol) [0x00007FF656414A62]\n\t(No symbol) [0x00007FF656411B01]\n\t(No symbol) [0x00007FF656410A01]\n\t(No symbol) [0x00007FF656402134]\n\t(No symbol) [0x00007FF65643712A]\n\t(No symbol) [0x00007FF6564019E6]\n\t(No symbol) [0x00007FF656437340]\n\t(No symbol) [0x00007FF65645F07F]\n\t(No symbol) [0x00007FF656436F03]\n\t(No symbol) [0x00007FF656400328]\n\t(No symbol) [0x00007FF656401093]\n\tGetHandleVerifier [0x00007FF6568A7B6D+2931725]\n\tGetHandleVerifier [0x00007FF6568A2132+2908626]\n\tGetHandleVerifier [0x00007FF6568C00F3+3031443]\n\tGetHandleVerifier [0x00007FF6566091EA+184970]\n\tGetHandleVerifier [0x00007FF65661086F+215311]\n\tGetHandleVerifier [0x00007FF6565F6EC4+110436]\n\tGetHandleVerifier [0x00007FF6565F7072+110866]\n\tGetHandleVerifier [0x00007FF6565DD479+5401]\n\t(No symbol) [0x00007FFD5E03259D]\n\tRtlUserThreadStart [0x00007FFD5FE6AF38+40]\n\n", "trace": "  File \"C:\\Users\\luis.sepulveda\\AppData\\Local\\Programs\\Python\\Python313\\Lib\\site-packages\\allure_commons\\_allure.py\", line 192, in impl\n    return func(*a, **kw)\n  File \"C:\\Python\\QA App Allure\\QA-App-Allure\\TestsCodes\\test_bfv3.py\", line 87, in perform_bfv3_test\n    main_frame.click()\n    ~~~~~~~~~~~~~~~~^^\n  File \"C:\\Users\\luis.sepulveda\\AppData\\Local\\Programs\\Python\\Python313\\Lib\\site-packages\\selenium\\webdriver\\remote\\webelement.py\", line 119, in click\n    self._execute(Command.CLICK_ELEMENT)\n    ~~~~~~~~~~~~~^^^^^^^^^^^^^^^^^^^^^^^\n  File \"C:\\Users\\luis.sepulveda\\AppData\\Local\\Programs\\Python\\Python313\\Lib\\site-packages\\selenium\\webdriver\\remote\\webelement.py\", line 572, in _execute\n    return self._parent.execute(command, params)\n           ~~~~~~~~~~~~~~~~~~~~^^^^^^^^^^^^^^^^^\n  File \"C:\\Users\\luis.sepulveda\\AppData\\Local\\Programs\\Python\\Python313\\Lib\\site-packages\\selenium\\webdriver\\remote\\webdriver.py\", line 429, in execute\n    self.error_handler.check_response(response)\n    ~~~~~~~~~~~~~~~~~~~~~~~~~~~~~~~~~^^^^^^^^^^\n  File \"C:\\Users\\luis.sepulveda\\AppData\\Local\\Programs\\Python\\Python313\\Lib\\site-packages\\selenium\\webdriver\\remote\\errorhandler.py\", line 232, in check_response\n    raise exception_class(message, screen, stacktrace)\n"}, "steps": [{"name": "üåç Navigated to: https://www.mercedes-benz.at/passengercars/models/suv/eqe/overview.html", "status": "passed", "start": 1745844612291, "stop": 1745844616478}, {"name": "üåç Navigated to: https://www.mercedes-benz.at/passengercars/mercedes-benz-cars/car-configurator.html/motorization/CCci/AT/de/EQE-KLASSE/OFFROADER", "status": "passed", "start": 1745844616478, "stop": 1745844621813}, {"name": "‚úÖ Executed actions in configurator", "status": "broken", "statusDetails": {"message": "selenium.common.exceptions.ElementClickInterceptedException: Message: element click intercepted: Element <a _ngcontent-ng-c2521831864=\"\" queryparamshandling=\"merge\" rel=\"nofollow\" class=\"cc-navigation__button cc-navigation__group\" navigation-menu-item-data-id=\"/configuration/CCci/AT/de/de_AT__2946121_AT1__AU-111_LE-L_LU-197_MJ-806_PC-P14-P15-P44-P49-P79-P82-PAI-PBG-PDA-PSE_PS-012#-S89#_SA-01U-02B-13U-14U-16U-17U-218-234-235-239-241-242-243-252-272-275-287-290-294-299-309-321-325-34U-351-355-365-367-382-39U-428-464-475-485-49U-4B6-500-504-51U-534-537-551-580-583-587-608-632-63B-668-679-681-70B-723-757-79B-7U2-82B-83B-840-868-873-876-87B-882-88B-890-891-897-968-986-9B2-B30-B51-B53-B59-H51-L3E-R01-R55-U10-U12-U22-U23_SC-0S3-0U1-184-1B3-1U3-2S0-2U8-31U-502-51B-5V5-6P5-7B4-7S1-7S3-8B4-8P3-8S8-8U4-8U8-998-A83-BAB-EMA-EMQ-K12-PVN-R7K/paints\">...</a> is not clickable at point (588, 223). Other element would receive the click: <cmm-cookie-banner settings-id=\"k-l7rZd3t\" variant=\"A\" data-language=\"de\" data-market=\"AT\" class=\"hydrated\" data-workbench-version=\"7.64.1\"></cmm-cookie-banner>\n  (Session info: chrome=135.0.7049.115)\nStacktrace:\n\tGetHandleVerifier [0x00007FF6565EEFA5+77893]\n\tGetHandleVerifier [0x00007FF6565EF000+77984]\n\t(No symbol) [0x00007FF6563B91BA]\n\t(No symbol) [0x00007FF6564170A9]\n\t(No symbol) [0x00007FF656414A62]\n\t(No symbol) [0x00007FF656411B01]\n\t(No symbol) [0x00007FF656410A01]\n\t(No symbol) [0x00007FF656402134]\n\t(No symbol) [0x00007FF65643712A]\n\t(No symbol) [0x00007FF6564019E6]\n\t(No symbol) [0x00007FF656437340]\n\t(No symbol) [0x00007FF65645F07F]\n\t(No symbol) [0x00007FF656436F03]\n\t(No symbol) [0x00007FF656400328]\n\t(No symbol) [0x00007FF656401093]\n\tGetHandleVerifier [0x00007FF6568A7B6D+2931725]\n\tGetHandleVerifier [0x00007FF6568A2132+2908626]\n\tGetHandleVerifier [0x00007FF6568C00F3+3031443]\n\tGetHandleVerifier [0x00007FF6566091EA+184970]\n\tGetHandleVerifier [0x00007FF65661086F+215311]\n\tGetHandleVerifier [0x00007FF6565F6EC4+110436]\n\tGetHandleVerifier [0x00007FF6565F7072+110866]\n\tGetHandleVerifier [0x00007FF6565DD479+5401]\n\t(No symbol) [0x00007FFD5E03259D]\n\tRtlUserThreadStart [0x00007FFD5FE6AF38+40]\n\n", "trace": "  File \"C:\\Python\\QA App Allure\\QA-App-Allure\\TestsCodes\\test_bfv3.py\", line 87, in perform_bfv3_test\n    main_frame.click()\n    ~~~~~~~~~~~~~~~~^^\n  File \"C:\\Users\\luis.sepulveda\\AppData\\Local\\Programs\\Python\\Python313\\Lib\\site-packages\\selenium\\webdriver\\remote\\webelement.py\", line 119, in click\n    self._execute(Command.CLICK_ELEMENT)\n    ~~~~~~~~~~~~~^^^^^^^^^^^^^^^^^^^^^^^\n  File \"C:\\Users\\luis.sepulveda\\AppData\\Local\\Programs\\Python\\Python313\\Lib\\site-packages\\selenium\\webdriver\\remote\\webelement.py\", line 572, in _execute\n    return self._parent.execute(command, params)\n           ~~~~~~~~~~~~~~~~~~~~^^^^^^^^^^^^^^^^^\n  File \"C:\\Users\\luis.sepulveda\\AppData\\Local\\Programs\\Python\\Python313\\Lib\\site-packages\\selenium\\webdriver\\remote\\webdriver.py\", line 429, in execute\n    self.error_handler.check_response(response)\n    ~~~~~~~~~~~~~~~~~~~~~~~~~~~~~~~~~^^^^^^^^^^\n  File \"C:\\Users\\luis.sepulveda\\AppData\\Local\\Programs\\Python\\Python313\\Lib\\site-packages\\selenium\\webdriver\\remote\\errorhandler.py\", line 232, in check_response\n    raise exception_class(message, screen, stacktrace)\n"}, "start": 1745844621813, "stop": 1745844623204}], "start": 1745844607871, "stop": 1745844623205}, {"name": "üîç Checking userGroup in XHR responses...", "status": "passed", "steps": [{"name": "Setting campaign name substring for test: BFV3", "status": "passed", "attachments": [{"name": "Info", "source": "a498b011-0bf9-4286-b828-09345793328b-attachment.txt", "type": "text/plain"}], "start": 1745844627207, "stop": 1745844627211}, {"name": "Capturing XHR responses", "status": "passed", "start": 1745844627211, "stop": 1745844629388}], "start": 1745844627207, "stop": 1745844629448}, {"name": "üîç Verifying personalized image...", "status": "passed", "steps": [{"name": "‚ùå Image not found in the specified selector. Error: Message: \n", "status": "passed", "attachments": [{"name": "Expected Image Source", "source": "b85876a8-75bc-4a64-ba48-ca1b5cc34faf-attachment.txt", "type": "text/plain"}, {"name": "Image Verification Error", "source": "d6ca31a2-c1bc-4bb3-bc60-850399636a16-attachment.txt", "type": "text/plain"}], "start": 1745844639963, "stop": 1745844639969}], "start": 1745844629448, "stop": 1745844639969}, {"name": "üîç Debugging campaign images...", "status": "passed", "attachments": [{"name": "Campaign Images", "source": "1813fa51-ba0d-42e0-82c9-76dab95cf296-attachment.txt", "type": "text/plain"}], "start": 1745844639969, "stop": 1745844639986}, {"name": "üìú Scrolling to specific elements and capturing screenshot", "status": "passed", "attachments": [{"name": "Scroll Error", "source": "ad1e44aa-ecbb-4e01-9b3b-84dd640b05f4-attachment.txt", "type": "text/plain"}], "start": 1745844639987, "stop": 1745844640004}, {"name": "‚úÖ Screenshot captured and saved", "status": "passed", "attachments": [{"name": "Final Screenshot", "source": "71a97703-0af0-454b-aa58-58a8c5125115-attachment.png", "type": "image/png"}], "start": 1745844640805, "stop": 1745844640812}], "attachments": [{"name": "URLs for EQE (SUV)", "source": "791d55cf-0c05-42a9-9f2b-bc4e31260657-attachment.json", "type": "application/json"}, {"source": "61618a31-8a8e-4a93-8d86-beb6dd5f07c4-attachment.attach"}, {"name": "Test Failure", "source": "60e297f4-d999-411f-a1f2-277d5e8b5496-attachment.txt", "type": "text/plain"}, {"name": "log", "source": "193942d3-6ef7-423b-944e-e6e448399e3c-attachment.txt", "type": "text/plain"}], "parameters": [{"name": "test_case", "value": "{'test_name': 'BFV3', 'market_code': 'AT/de', 'model_code': 'X294', 'model_name': 'EQE', 'body_type': 'SUV', 'urls': {'MODEL_CODE': 'X294', 'PRODUCT_PAGE': 'https://www.mercedes-benz.at/passengercars/models/suv/eqe/overview.html', 'CONFIGURATOR': 'https://www.mercedes-benz.at/passengercars/mercedes-benz-cars/car-configurator.html/motorization/CCci/AT/de/EQE-KLASSE/OFFROADER', 'ONLINE_SHOP': 'https://www.mercedes-benz.at/passengercars/buy/new-car/search-results.html/vehicleCategory-new-passenger-cars/brand-Mercedes-Benz/modelIdentifier-EQE/?emhsortType=price-asc&emhbodyType=SUV_OFFROADER&emhfuelType=ELECTRIC', 'TEST_DRIVE': 'https://www.mercedes-benz.at/passengercars/mercedes-benz-cars/online-testdrive.html#/dealer?context=OWPC&modelSeries=X294&modelType=ALL', 'HOME_PAGE': 'https://www.mercedes-benz.at/', 'BODY_TYPE': 'SUV', 'MODEL_NAME': 'EQE'}}"}], "start": 1745844529097, "stop": 1745844644569, "uuid": "98e20037-0d56-4b9d-8564-09acdf25bf92", "historyId": "044b79141c93c45d192ba697ac381d94", "testCaseId": "30c1adb94d6468239eadaa98f3cf79c5", "fullName": "QAAppAllure#test_run", "labels": [{"name": "as_id", "value": "a98be10015af0ce2d734e2a1a3a378db"}, {"name": "parentSuite", "value": "AT/de"}, {"name": "suite", "value": "BFV3"}, {"name": "subSuite", "value": "X294 - EQE (SUV)"}, {"name": "tag", "value": "BFV3"}, {"name": "tag", "value": "AT/de"}, {"name": "tag", "value": "X294"}, {"name": "tag", "value": "SUV"}, {"name": "tag", "value": "EQE"}, {"name": "host", "value": "DE3SMDW0327562T"}, {"name": "thread", "value": "7036-MainThread"}, {"name": "framework", "value": "pytest"}, {"name": "language", "value": "cpython3"}, {"name": "package", "value": "QAAppAllure"}]}