{"uid":"11b24798cb14ae91","name":"test_run[test_case15]","fullName":"QAAppAllure#test_run","historyId":"97119f302c2547b83a460796d26c1038","time":{"start":1745843938086,"stop":1745844094293,"duration":156207},"description":"\nRuns a test for each test case, either manually defined or dynamically fetched.\n","descriptionHtml":"<p>Runs a test for each test case, either manually defined or dynamically fetched.</p>\n","status":"failed","statusMessage":"Failed: ❌ Test 'BFV3' failed.","statusTrace":"test_case = {'body_type': 'SUV', 'market_code': 'AT/de', 'model_code': 'X254', 'model_name': 'GLC', ...}\nscreenshot_dir = 'C:\\\\Python\\\\QA App Allure\\\\QA-App-Allure\\\\Tests'\n\n    @pytest.mark.parametrize(\"test_case\", all_test_cases)\n    def test_run(test_case, screenshot_dir):\n        \"\"\"\n        Runs a test for each test case, either manually defined or dynamically fetched.\n        \"\"\"\n        test_name = test_case['test_name']\n        market_code = test_case.get('market_code', 'BE/nl')\n        model_code = test_case.get('model_code', None)\n        model_name = test_case.get('model_name', None)\n        body_type = test_case.get('body_type', None)\n        urls = test_case.get('urls', {})\n    \n        # Log test case details\n        logging.info(f\"Running test case: {json.dumps(test_case, indent=2)}\")\n    \n        # Validate URLs\n        if not urls or 'HOME_PAGE' not in urls or not urls['HOME_PAGE']:\n            logging.error(f\"❌ Missing HOME_PAGE URL for test '{test_name}' (market: {market_code}, model: {model_code}).\")\n            allure.attach(f\"❌ Missing HOME_PAGE URL for test '{test_name}' (market: {market_code}, model: {model_code}).\")\n            return\n    \n    \n        # Generar ID único y consistente para Allure\n        uid_raw = f\"{test_name}_{market_code}_{model_code or 'unknown'}\"\n        uid_hashed = hashlib.md5(uid_raw.encode()).hexdigest()\n        allure.dynamic.id(uid_hashed)\n    \n        # Define browser options and create driver\n        options = build_chrome_options()\n        driver = create_driver(options)\n    \n        try:\n            # Set Allure suite hierarchy\n            allure.dynamic.parent_suite(f\"{market_code}\")  # Parent Suite\n            allure.dynamic.suite(f\"{test_name}\")  # Suite\n            allure.dynamic.sub_suite(f\"{model_code or 'N/A'} - {model_name or 'N/A'} ({body_type or 'N/A'})\")  # Sub-Suite\n    \n            # Add dynamic tags\n            allure.dynamic.tag(test_name)\n            allure.dynamic.tag(market_code)\n            if model_code:\n                allure.dynamic.tag(model_code)\n            if body_type:\n                allure.dynamic.tag(body_type)\n            if model_name:\n                allure.dynamic.tag(model_name)\n    \n            # Attach URLs to Allure\n            allure.attach(\n                json.dumps(urls, indent=2),\n                name=f\"URLs for {model_name or 'N/A'} ({body_type or 'N/A'})\",\n                attachment_type=allure.attachment_type.JSON\n            )\n    \n            # Extract base test name\n            base_test_name = test_name.split(\" - \")[0]\n    \n            # Run the test logic for the current model\n            try:\n                api_and_xhr = create_api_and_xhr(driver)\n                if api_and_xhr is None or api_and_xhr[1] is None:\n                    logging.error(\"❌ Failed to initialize API and XHR capturer.\")\n                    allure.attach(\"❌ Failed to initialize API and XHR capturer.\", name=\"Initialization Error\", attachment_type=allure.attachment_type.TEXT)\n                    return\n                if base_test_name in test_mapping:\n>                   run_test(driver, base_test_name, market_code, model_code, model_name, body_type, 1, urls, api_and_xhr, screenshot_dir)\n\nQAAppAllure.py:293: \n_ _ _ _ _ _ _ _ _ _ _ _ _ _ _ _ _ _ _ _ _ _ _ _ _ _ _ _ _ _ _ _ _ _ _ _ _ _ _ _\n\ndriver = <selenium.webdriver.chrome.webdriver.WebDriver (session=\"9980fa7f32e6a6b26242a52701334143\")>\ntest_name = 'BFV3', market_code = 'AT/de', model_code = 'X254'\nmodel_name = 'GLC', body_type = 'SUV', attempt = 1\nurls = {'BODY_TYPE': 'SUV', 'CONFIGURATOR': 'https://www.mercedes-benz.at/passengercars/mercedes-benz-cars/car-configurator.h...motorization/CCci/AT/de/GLC-KLASSE/OFFROADER', 'HOME_PAGE': 'https://www.mercedes-benz.at/', 'MODEL_CODE': 'X254', ...}\napi_and_xhr = (<App.vehicle_api.VehicleAPI object at 0x00000230947DED00>, <App.XHRResponseCapturer.XHRResponseCapturer object at 0x0000023094763D90>)\nscreenshot_dir = 'C:\\\\Python\\\\QA App Allure\\\\QA-App-Allure\\\\Tests'\n\n    def run_test(driver, test_name, market_code, model_code, model_name, body_type, attempt, urls, api_and_xhr, screenshot_dir):\n        vehicle_api, xhr_capturer = api_and_xhr\n        test_success = False\n    \n        if not urls or 'HOME_PAGE' not in urls or not urls['HOME_PAGE']:\n            allure.attach(f\"❌ Could not fetch valid URLs for test '{test_name}' (market: {market_code}, model: {model_code})\")\n            pytest.fail(f\"Missing HOME_PAGE URL for test '{test_name}'\")\n    \n        allure.step(f\"\uD83C\uDF10 Fetched URLs from API for test '{test_name}':\\n\"\n                    f\"Model Name: {urls.get('MODEL_NAME', 'N/A')}\\n\"\n                    f\"Body Type: {urls.get('BODY_TYPE', 'N/A')}\\n\"\n                    f\"URLs:\\n{json.dumps(urls, indent=2)}\")\n    \n        # BFV Logic\n        if 'CONFIGURATOR' not in urls or not urls['CONFIGURATOR']:\n            if test_name in [\"BFV1\", \"BFV2\", \"BFV3\", \"Last Configuration Started\", \"Last Configuration Completed\"]:\n                message = f\"❌ Skipping test '{test_name}' due to lack of CONFIGURATOR URL.\"\n                logging.warning(message)\n                allure.dynamic.description(message)\n                pytest.skip(message)\n    \n        if 'ONLINE_SHOP' not in urls or not urls['ONLINE_SHOP']:\n            if test_name in [\"BFV2\", \"BFV3\", \"Last Seen PDP\", \"Last Seen SRP\"]:\n                message = f\"❌ Skipping test '{test_name}' due to lack of ONLINE_SHOP URL.\"\n                logging.warning(message)\n                allure.dynamic.description(message)\n                pytest.skip(message)\n    \n        if 'TEST_DRIVE' not in urls or not urls['TEST_DRIVE']:\n            if test_name == \"BFV3\":\n                message = f\"❌ Skipping test '{test_name}' due to lack of TEST_DRIVE URL.\"\n                logging.warning(message)\n                allure.dynamic.description(message)\n                pytest.skip(message)\n    \n        try:\n            driver.get(urls['HOME_PAGE'])\n            WebDriverWait(driver, 15).until(lambda d: d.execute_script(\"return document.readyState\") == \"complete\")\n            logging.info(f\"\uD83C\uDF0D Navigated to: {urls['HOME_PAGE']}\")\n        except Exception as e:\n            logging.error(f\"❌ Error navigating to HOME_PAGE: {e}\")\n            pytest.fail(f\"Error navigating to HOME_PAGE: {e}\")\n    \n    \n    \n        try:\n            WebDriverWait(driver, 15).until(\n                EC.presence_of_element_located((By.CSS_SELECTOR, \"cmm-cookie-banner\"))\n            )\n            time.sleep(2)\n            logging.info(\"✅ Cookie banner detected.\")\n            driver.execute_script(\"\"\"\n                document.querySelector(\"cmm-cookie-banner\").shadowRoot.querySelector(\"wb7-button.button--accept-all\").click();\n            \"\"\")\n            allure.step(\"✅ Clicked on accept cookies.\")\n        except Exception as ex:\n            allure.attach(\"❌ Cookie banner not found or already accepted.\")\n    \n        # Execute test\n        if test_name in test_mapping:\n            test_instance = test_mapping[test_name](driver, urls)\n            test_instance.run()\n            allure.step(f\"✅ {test_name} test completed.\")\n            time.sleep(4)\n    \n            test_success = verify_personalization_and_capture(\n                driver, test_name, model_name, body_type, attempt, screenshot_dir,\n                test_success, xhr_capturer, urls\n            )\n    \n        if not test_success:\n            failure_message = f\"❌ Test '{test_name}' failed.\"\n            logging.error(failure_message)\n            allure.attach(failure_message, name=\"Test Failure\", attachment_type=allure.attachment_type.TEXT)\n>           pytest.fail(failure_message)\nE           Failed: ❌ Test 'BFV3' failed.\n\nQAAppAllure.py:176: Failed","flaky":false,"newFailed":false,"newBroken":false,"newPassed":false,"retriesCount":5,"retriesStatusChange":false,"beforeStages":[{"name":"screenshot_dir","time":{"start":1745843938085,"stop":1745843938086,"duration":1},"status":"passed","steps":[],"attachments":[],"parameters":[],"shouldDisplayMessage":false,"stepsCount":0,"attachmentsCount":0,"hasContent":false,"attachmentStep":false}],"testStage":{"description":"\nRuns a test for each test case, either manually defined or dynamically fetched.\n","status":"failed","statusMessage":"Failed: ❌ Test 'BFV3' failed.","statusTrace":"test_case = {'body_type': 'SUV', 'market_code': 'AT/de', 'model_code': 'X254', 'model_name': 'GLC', ...}\nscreenshot_dir = 'C:\\\\Python\\\\QA App Allure\\\\QA-App-Allure\\\\Tests'\n\n    @pytest.mark.parametrize(\"test_case\", all_test_cases)\n    def test_run(test_case, screenshot_dir):\n        \"\"\"\n        Runs a test for each test case, either manually defined or dynamically fetched.\n        \"\"\"\n        test_name = test_case['test_name']\n        market_code = test_case.get('market_code', 'BE/nl')\n        model_code = test_case.get('model_code', None)\n        model_name = test_case.get('model_name', None)\n        body_type = test_case.get('body_type', None)\n        urls = test_case.get('urls', {})\n    \n        # Log test case details\n        logging.info(f\"Running test case: {json.dumps(test_case, indent=2)}\")\n    \n        # Validate URLs\n        if not urls or 'HOME_PAGE' not in urls or not urls['HOME_PAGE']:\n            logging.error(f\"❌ Missing HOME_PAGE URL for test '{test_name}' (market: {market_code}, model: {model_code}).\")\n            allure.attach(f\"❌ Missing HOME_PAGE URL for test '{test_name}' (market: {market_code}, model: {model_code}).\")\n            return\n    \n    \n        # Generar ID único y consistente para Allure\n        uid_raw = f\"{test_name}_{market_code}_{model_code or 'unknown'}\"\n        uid_hashed = hashlib.md5(uid_raw.encode()).hexdigest()\n        allure.dynamic.id(uid_hashed)\n    \n        # Define browser options and create driver\n        options = build_chrome_options()\n        driver = create_driver(options)\n    \n        try:\n            # Set Allure suite hierarchy\n            allure.dynamic.parent_suite(f\"{market_code}\")  # Parent Suite\n            allure.dynamic.suite(f\"{test_name}\")  # Suite\n            allure.dynamic.sub_suite(f\"{model_code or 'N/A'} - {model_name or 'N/A'} ({body_type or 'N/A'})\")  # Sub-Suite\n    \n            # Add dynamic tags\n            allure.dynamic.tag(test_name)\n            allure.dynamic.tag(market_code)\n            if model_code:\n                allure.dynamic.tag(model_code)\n            if body_type:\n                allure.dynamic.tag(body_type)\n            if model_name:\n                allure.dynamic.tag(model_name)\n    \n            # Attach URLs to Allure\n            allure.attach(\n                json.dumps(urls, indent=2),\n                name=f\"URLs for {model_name or 'N/A'} ({body_type or 'N/A'})\",\n                attachment_type=allure.attachment_type.JSON\n            )\n    \n            # Extract base test name\n            base_test_name = test_name.split(\" - \")[0]\n    \n            # Run the test logic for the current model\n            try:\n                api_and_xhr = create_api_and_xhr(driver)\n                if api_and_xhr is None or api_and_xhr[1] is None:\n                    logging.error(\"❌ Failed to initialize API and XHR capturer.\")\n                    allure.attach(\"❌ Failed to initialize API and XHR capturer.\", name=\"Initialization Error\", attachment_type=allure.attachment_type.TEXT)\n                    return\n                if base_test_name in test_mapping:\n>                   run_test(driver, base_test_name, market_code, model_code, model_name, body_type, 1, urls, api_and_xhr, screenshot_dir)\n\nQAAppAllure.py:293: \n_ _ _ _ _ _ _ _ _ _ _ _ _ _ _ _ _ _ _ _ _ _ _ _ _ _ _ _ _ _ _ _ _ _ _ _ _ _ _ _\n\ndriver = <selenium.webdriver.chrome.webdriver.WebDriver (session=\"9980fa7f32e6a6b26242a52701334143\")>\ntest_name = 'BFV3', market_code = 'AT/de', model_code = 'X254'\nmodel_name = 'GLC', body_type = 'SUV', attempt = 1\nurls = {'BODY_TYPE': 'SUV', 'CONFIGURATOR': 'https://www.mercedes-benz.at/passengercars/mercedes-benz-cars/car-configurator.h...motorization/CCci/AT/de/GLC-KLASSE/OFFROADER', 'HOME_PAGE': 'https://www.mercedes-benz.at/', 'MODEL_CODE': 'X254', ...}\napi_and_xhr = (<App.vehicle_api.VehicleAPI object at 0x00000230947DED00>, <App.XHRResponseCapturer.XHRResponseCapturer object at 0x0000023094763D90>)\nscreenshot_dir = 'C:\\\\Python\\\\QA App Allure\\\\QA-App-Allure\\\\Tests'\n\n    def run_test(driver, test_name, market_code, model_code, model_name, body_type, attempt, urls, api_and_xhr, screenshot_dir):\n        vehicle_api, xhr_capturer = api_and_xhr\n        test_success = False\n    \n        if not urls or 'HOME_PAGE' not in urls or not urls['HOME_PAGE']:\n            allure.attach(f\"❌ Could not fetch valid URLs for test '{test_name}' (market: {market_code}, model: {model_code})\")\n            pytest.fail(f\"Missing HOME_PAGE URL for test '{test_name}'\")\n    \n        allure.step(f\"\uD83C\uDF10 Fetched URLs from API for test '{test_name}':\\n\"\n                    f\"Model Name: {urls.get('MODEL_NAME', 'N/A')}\\n\"\n                    f\"Body Type: {urls.get('BODY_TYPE', 'N/A')}\\n\"\n                    f\"URLs:\\n{json.dumps(urls, indent=2)}\")\n    \n        # BFV Logic\n        if 'CONFIGURATOR' not in urls or not urls['CONFIGURATOR']:\n            if test_name in [\"BFV1\", \"BFV2\", \"BFV3\", \"Last Configuration Started\", \"Last Configuration Completed\"]:\n                message = f\"❌ Skipping test '{test_name}' due to lack of CONFIGURATOR URL.\"\n                logging.warning(message)\n                allure.dynamic.description(message)\n                pytest.skip(message)\n    \n        if 'ONLINE_SHOP' not in urls or not urls['ONLINE_SHOP']:\n            if test_name in [\"BFV2\", \"BFV3\", \"Last Seen PDP\", \"Last Seen SRP\"]:\n                message = f\"❌ Skipping test '{test_name}' due to lack of ONLINE_SHOP URL.\"\n                logging.warning(message)\n                allure.dynamic.description(message)\n                pytest.skip(message)\n    \n        if 'TEST_DRIVE' not in urls or not urls['TEST_DRIVE']:\n            if test_name == \"BFV3\":\n                message = f\"❌ Skipping test '{test_name}' due to lack of TEST_DRIVE URL.\"\n                logging.warning(message)\n                allure.dynamic.description(message)\n                pytest.skip(message)\n    \n        try:\n            driver.get(urls['HOME_PAGE'])\n            WebDriverWait(driver, 15).until(lambda d: d.execute_script(\"return document.readyState\") == \"complete\")\n            logging.info(f\"\uD83C\uDF0D Navigated to: {urls['HOME_PAGE']}\")\n        except Exception as e:\n            logging.error(f\"❌ Error navigating to HOME_PAGE: {e}\")\n            pytest.fail(f\"Error navigating to HOME_PAGE: {e}\")\n    \n    \n    \n        try:\n            WebDriverWait(driver, 15).until(\n                EC.presence_of_element_located((By.CSS_SELECTOR, \"cmm-cookie-banner\"))\n            )\n            time.sleep(2)\n            logging.info(\"✅ Cookie banner detected.\")\n            driver.execute_script(\"\"\"\n                document.querySelector(\"cmm-cookie-banner\").shadowRoot.querySelector(\"wb7-button.button--accept-all\").click();\n            \"\"\")\n            allure.step(\"✅ Clicked on accept cookies.\")\n        except Exception as ex:\n            allure.attach(\"❌ Cookie banner not found or already accepted.\")\n    \n        # Execute test\n        if test_name in test_mapping:\n            test_instance = test_mapping[test_name](driver, urls)\n            test_instance.run()\n            allure.step(f\"✅ {test_name} test completed.\")\n            time.sleep(4)\n    \n            test_success = verify_personalization_and_capture(\n                driver, test_name, model_name, body_type, attempt, screenshot_dir,\n                test_success, xhr_capturer, urls\n            )\n    \n        if not test_success:\n            failure_message = f\"❌ Test '{test_name}' failed.\"\n            logging.error(failure_message)\n            allure.attach(failure_message, name=\"Test Failure\", attachment_type=allure.attachment_type.TEXT)\n>           pytest.fail(failure_message)\nE           Failed: ❌ Test 'BFV3' failed.\n\nQAAppAllure.py:176: Failed","steps":[{"name":"Setting up stealth mode for the browser","time":{"start":1745843944691,"stop":1745843944797,"duration":106},"status":"passed","steps":[],"attachments":[],"parameters":[],"shouldDisplayMessage":false,"stepsCount":0,"attachmentsCount":0,"hasContent":false,"attachmentStep":false},{"name":"Enabling network logging","time":{"start":1745843944797,"stop":1745843944804,"duration":7},"status":"passed","steps":[],"attachments":[],"parameters":[],"shouldDisplayMessage":false,"stepsCount":0,"attachmentsCount":0,"hasContent":false,"attachmentStep":false},{"name":"Perform BFV3 Test Logic","time":{"start":1745843958689,"stop":1745843983053,"duration":24364},"status":"broken","statusMessage":"selenium.common.exceptions.ElementClickInterceptedException: Message: element click intercepted: Element <a _ngcontent-ng-c2521831864=\"\" queryparamshandling=\"merge\" rel=\"nofollow\" class=\"cc-navigation__button cc-navigation__group\" navigation-menu-item-data-id=\"/configuration/CCci/AT/de/de_AT__2546091_AT1__AU-301_GC-421_LE-L_LU-040_MJ-806_PC-30P-900-901-P14-P15-P44-P49-P65-PBG-PDA-PSE_PS-S89#_SA-01U-02B-13U-14U-16U-17U-218-235-243-252-258-287-310-321-325-345-351-355-365-367-382-38U-464-475-480-485-500-504-528-537-538-580-587-58U-5B0-608-632-63B-670-679-6U7-70B-723-725-757-75B-776-79B-7U2-824-82B-840-868-873-876-88B-890-891-893-897-927-942-972-9B2-B30-B51-B53-B59-H50-L3E-R01-R32-U01-U10-U12-U22-U30-U35_SC-0S3-0U1-1B3-1U3-2U1-502-51B-5S8-6P5-7B4-7S1-7S3-8B7-8P3-8S5-8U8-8X6-998-9V0-AA5-BHB-K13-LS2-PVN-R8H/paints\">...</a> is not clickable at point (588, 223). Other element would receive the click: <cmm-cookie-banner settings-id=\"k-l7rZd3t\" variant=\"A\" data-language=\"de\" data-market=\"AT\" class=\"hydrated\" data-workbench-version=\"7.64.1\"></cmm-cookie-banner>\n  (Session info: chrome=135.0.7049.115)\nStacktrace:\n\tGetHandleVerifier [0x00007FF6565EEFA5+77893]\n\tGetHandleVerifier [0x00007FF6565EF000+77984]\n\t(No symbol) [0x00007FF6563B91BA]\n\t(No symbol) [0x00007FF6564170A9]\n\t(No symbol) [0x00007FF656414A62]\n\t(No symbol) [0x00007FF656411B01]\n\t(No symbol) [0x00007FF656410A01]\n\t(No symbol) [0x00007FF656402134]\n\t(No symbol) [0x00007FF65643712A]\n\t(No symbol) [0x00007FF6564019E6]\n\t(No symbol) [0x00007FF656437340]\n\t(No symbol) [0x00007FF65645F07F]\n\t(No symbol) [0x00007FF656436F03]\n\t(No symbol) [0x00007FF656400328]\n\t(No symbol) [0x00007FF656401093]\n\tGetHandleVerifier [0x00007FF6568A7B6D+2931725]\n\tGetHandleVerifier [0x00007FF6568A2132+2908626]\n\tGetHandleVerifier [0x00007FF6568C00F3+3031443]\n\tGetHandleVerifier [0x00007FF6566091EA+184970]\n\tGetHandleVerifier [0x00007FF65661086F+215311]\n\tGetHandleVerifier [0x00007FF6565F6EC4+110436]\n\tGetHandleVerifier [0x00007FF6565F7072+110866]\n\tGetHandleVerifier [0x00007FF6565DD479+5401]\n\t(No symbol) [0x00007FFD5E03259D]\n\tRtlUserThreadStart [0x00007FFD5FE6AF38+40]\n\n","statusTrace":"  File \"C:\\Users\\luis.sepulveda\\AppData\\Local\\Programs\\Python\\Python313\\Lib\\site-packages\\allure_commons\\_allure.py\", line 192, in impl\n    return func(*a, **kw)\n  File \"C:\\Python\\QA App Allure\\QA-App-Allure\\TestsCodes\\test_bfv3.py\", line 87, in perform_bfv3_test\n    main_frame.click()\n    ~~~~~~~~~~~~~~~~^^\n  File \"C:\\Users\\luis.sepulveda\\AppData\\Local\\Programs\\Python\\Python313\\Lib\\site-packages\\selenium\\webdriver\\remote\\webelement.py\", line 119, in click\n    self._execute(Command.CLICK_ELEMENT)\n    ~~~~~~~~~~~~~^^^^^^^^^^^^^^^^^^^^^^^\n  File \"C:\\Users\\luis.sepulveda\\AppData\\Local\\Programs\\Python\\Python313\\Lib\\site-packages\\selenium\\webdriver\\remote\\webelement.py\", line 572, in _execute\n    return self._parent.execute(command, params)\n           ~~~~~~~~~~~~~~~~~~~~^^^^^^^^^^^^^^^^^\n  File \"C:\\Users\\luis.sepulveda\\AppData\\Local\\Programs\\Python\\Python313\\Lib\\site-packages\\selenium\\webdriver\\remote\\webdriver.py\", line 429, in execute\n    self.error_handler.check_response(response)\n    ~~~~~~~~~~~~~~~~~~~~~~~~~~~~~~~~~^^^^^^^^^^\n  File \"C:\\Users\\luis.sepulveda\\AppData\\Local\\Programs\\Python\\Python313\\Lib\\site-packages\\selenium\\webdriver\\remote\\errorhandler.py\", line 232, in check_response\n    raise exception_class(message, screen, stacktrace)\n","steps":[{"name":"\uD83C\uDF0D Navigated to: https://www.mercedes-benz.at/passengercars/models/suv/glc/overview.html","time":{"start":1745843964214,"stop":1745843969527,"duration":5313},"status":"passed","steps":[],"attachments":[],"parameters":[],"shouldDisplayMessage":false,"stepsCount":0,"attachmentsCount":0,"hasContent":false,"attachmentStep":false},{"name":"\uD83C\uDF0D Navigated to: https://www.mercedes-benz.at/passengercars/mercedes-benz-cars/car-configurator.html/motorization/CCci/AT/de/GLC-KLASSE/OFFROADER","time":{"start":1745843969527,"stop":1745843980275,"duration":10748},"status":"passed","steps":[],"attachments":[],"parameters":[],"shouldDisplayMessage":false,"stepsCount":0,"attachmentsCount":0,"hasContent":false,"attachmentStep":false},{"name":"✅ Executed actions in configurator","time":{"start":1745843980275,"stop":1745843983051,"duration":2776},"status":"broken","statusMessage":"selenium.common.exceptions.ElementClickInterceptedException: Message: element click intercepted: Element <a _ngcontent-ng-c2521831864=\"\" queryparamshandling=\"merge\" rel=\"nofollow\" class=\"cc-navigation__button cc-navigation__group\" navigation-menu-item-data-id=\"/configuration/CCci/AT/de/de_AT__2546091_AT1__AU-301_GC-421_LE-L_LU-040_MJ-806_PC-30P-900-901-P14-P15-P44-P49-P65-PBG-PDA-PSE_PS-S89#_SA-01U-02B-13U-14U-16U-17U-218-235-243-252-258-287-310-321-325-345-351-355-365-367-382-38U-464-475-480-485-500-504-528-537-538-580-587-58U-5B0-608-632-63B-670-679-6U7-70B-723-725-757-75B-776-79B-7U2-824-82B-840-868-873-876-88B-890-891-893-897-927-942-972-9B2-B30-B51-B53-B59-H50-L3E-R01-R32-U01-U10-U12-U22-U30-U35_SC-0S3-0U1-1B3-1U3-2U1-502-51B-5S8-6P5-7B4-7S1-7S3-8B7-8P3-8S5-8U8-8X6-998-9V0-AA5-BHB-K13-LS2-PVN-R8H/paints\">...</a> is not clickable at point (588, 223). Other element would receive the click: <cmm-cookie-banner settings-id=\"k-l7rZd3t\" variant=\"A\" data-language=\"de\" data-market=\"AT\" class=\"hydrated\" data-workbench-version=\"7.64.1\"></cmm-cookie-banner>\n  (Session info: chrome=135.0.7049.115)\nStacktrace:\n\tGetHandleVerifier [0x00007FF6565EEFA5+77893]\n\tGetHandleVerifier [0x00007FF6565EF000+77984]\n\t(No symbol) [0x00007FF6563B91BA]\n\t(No symbol) [0x00007FF6564170A9]\n\t(No symbol) [0x00007FF656414A62]\n\t(No symbol) [0x00007FF656411B01]\n\t(No symbol) [0x00007FF656410A01]\n\t(No symbol) [0x00007FF656402134]\n\t(No symbol) [0x00007FF65643712A]\n\t(No symbol) [0x00007FF6564019E6]\n\t(No symbol) [0x00007FF656437340]\n\t(No symbol) [0x00007FF65645F07F]\n\t(No symbol) [0x00007FF656436F03]\n\t(No symbol) [0x00007FF656400328]\n\t(No symbol) [0x00007FF656401093]\n\tGetHandleVerifier [0x00007FF6568A7B6D+2931725]\n\tGetHandleVerifier [0x00007FF6568A2132+2908626]\n\tGetHandleVerifier [0x00007FF6568C00F3+3031443]\n\tGetHandleVerifier [0x00007FF6566091EA+184970]\n\tGetHandleVerifier [0x00007FF65661086F+215311]\n\tGetHandleVerifier [0x00007FF6565F6EC4+110436]\n\tGetHandleVerifier [0x00007FF6565F7072+110866]\n\tGetHandleVerifier [0x00007FF6565DD479+5401]\n\t(No symbol) [0x00007FFD5E03259D]\n\tRtlUserThreadStart [0x00007FFD5FE6AF38+40]\n\n","statusTrace":"  File \"C:\\Python\\QA App Allure\\QA-App-Allure\\TestsCodes\\test_bfv3.py\", line 87, in perform_bfv3_test\n    main_frame.click()\n    ~~~~~~~~~~~~~~~~^^\n  File \"C:\\Users\\luis.sepulveda\\AppData\\Local\\Programs\\Python\\Python313\\Lib\\site-packages\\selenium\\webdriver\\remote\\webelement.py\", line 119, in click\n    self._execute(Command.CLICK_ELEMENT)\n    ~~~~~~~~~~~~~^^^^^^^^^^^^^^^^^^^^^^^\n  File \"C:\\Users\\luis.sepulveda\\AppData\\Local\\Programs\\Python\\Python313\\Lib\\site-packages\\selenium\\webdriver\\remote\\webelement.py\", line 572, in _execute\n    return self._parent.execute(command, params)\n           ~~~~~~~~~~~~~~~~~~~~^^^^^^^^^^^^^^^^^\n  File \"C:\\Users\\luis.sepulveda\\AppData\\Local\\Programs\\Python\\Python313\\Lib\\site-packages\\selenium\\webdriver\\remote\\webdriver.py\", line 429, in execute\n    self.error_handler.check_response(response)\n    ~~~~~~~~~~~~~~~~~~~~~~~~~~~~~~~~~^^^^^^^^^^\n  File \"C:\\Users\\luis.sepulveda\\AppData\\Local\\Programs\\Python\\Python313\\Lib\\site-packages\\selenium\\webdriver\\remote\\errorhandler.py\", line 232, in check_response\n    raise exception_class(message, screen, stacktrace)\n","steps":[],"attachments":[],"parameters":[],"shouldDisplayMessage":true,"stepsCount":0,"attachmentsCount":0,"hasContent":true,"attachmentStep":false}],"attachments":[],"parameters":[],"shouldDisplayMessage":false,"stepsCount":3,"attachmentsCount":0,"hasContent":true,"attachmentStep":false},{"name":"Perform BFV3 Test Logic","time":{"start":1745843983059,"stop":1745843998703,"duration":15644},"status":"broken","statusMessage":"selenium.common.exceptions.ElementClickInterceptedException: Message: element click intercepted: Element <a _ngcontent-ng-c2521831864=\"\" queryparamshandling=\"merge\" rel=\"nofollow\" class=\"cc-navigation__button cc-navigation__group\" navigation-menu-item-data-id=\"/configuration/CCci/AT/de/de_AT__2546091_AT1__AU-301_GC-421_LE-L_LU-040_MJ-806_PC-30P-900-901-P14-P15-P44-P49-P65-PBG-PDA-PSE_PS-S89#_SA-01U-02B-13U-14U-16U-17U-218-235-243-252-258-287-310-321-325-345-351-355-365-367-382-38U-464-475-480-485-500-504-528-537-538-580-587-58U-5B0-608-632-63B-670-679-6U7-70B-723-725-757-75B-776-79B-7U2-824-82B-840-868-873-876-88B-890-891-893-897-927-942-972-9B2-B30-B51-B53-B59-H50-L3E-R01-R32-U01-U10-U12-U22-U30-U35_SC-0S3-0U1-1B3-1U3-2U1-502-51B-5S8-6P5-7B4-7S1-7S3-8B7-8P3-8S5-8U8-8X6-998-9V0-AA5-BHB-K13-LS2-PVN-R8H/paints\">...</a> is not clickable at point (588, 223). Other element would receive the click: <cmm-cookie-banner settings-id=\"k-l7rZd3t\" variant=\"A\" data-language=\"de\" data-market=\"AT\" class=\"hydrated\" data-workbench-version=\"7.64.1\"></cmm-cookie-banner>\n  (Session info: chrome=135.0.7049.115)\nStacktrace:\n\tGetHandleVerifier [0x00007FF6565EEFA5+77893]\n\tGetHandleVerifier [0x00007FF6565EF000+77984]\n\t(No symbol) [0x00007FF6563B91BA]\n\t(No symbol) [0x00007FF6564170A9]\n\t(No symbol) [0x00007FF656414A62]\n\t(No symbol) [0x00007FF656411B01]\n\t(No symbol) [0x00007FF656410A01]\n\t(No symbol) [0x00007FF656402134]\n\t(No symbol) [0x00007FF65643712A]\n\t(No symbol) [0x00007FF6564019E6]\n\t(No symbol) [0x00007FF656437340]\n\t(No symbol) [0x00007FF65645F07F]\n\t(No symbol) [0x00007FF656436F03]\n\t(No symbol) [0x00007FF656400328]\n\t(No symbol) [0x00007FF656401093]\n\tGetHandleVerifier [0x00007FF6568A7B6D+2931725]\n\tGetHandleVerifier [0x00007FF6568A2132+2908626]\n\tGetHandleVerifier [0x00007FF6568C00F3+3031443]\n\tGetHandleVerifier [0x00007FF6566091EA+184970]\n\tGetHandleVerifier [0x00007FF65661086F+215311]\n\tGetHandleVerifier [0x00007FF6565F6EC4+110436]\n\tGetHandleVerifier [0x00007FF6565F7072+110866]\n\tGetHandleVerifier [0x00007FF6565DD479+5401]\n\t(No symbol) [0x00007FFD5E03259D]\n\tRtlUserThreadStart [0x00007FFD5FE6AF38+40]\n\n","statusTrace":"  File \"C:\\Users\\luis.sepulveda\\AppData\\Local\\Programs\\Python\\Python313\\Lib\\site-packages\\allure_commons\\_allure.py\", line 192, in impl\n    return func(*a, **kw)\n  File \"C:\\Python\\QA App Allure\\QA-App-Allure\\TestsCodes\\test_bfv3.py\", line 87, in perform_bfv3_test\n    main_frame.click()\n    ~~~~~~~~~~~~~~~~^^\n  File \"C:\\Users\\luis.sepulveda\\AppData\\Local\\Programs\\Python\\Python313\\Lib\\site-packages\\selenium\\webdriver\\remote\\webelement.py\", line 119, in click\n    self._execute(Command.CLICK_ELEMENT)\n    ~~~~~~~~~~~~~^^^^^^^^^^^^^^^^^^^^^^^\n  File \"C:\\Users\\luis.sepulveda\\AppData\\Local\\Programs\\Python\\Python313\\Lib\\site-packages\\selenium\\webdriver\\remote\\webelement.py\", line 572, in _execute\n    return self._parent.execute(command, params)\n           ~~~~~~~~~~~~~~~~~~~~^^^^^^^^^^^^^^^^^\n  File \"C:\\Users\\luis.sepulveda\\AppData\\Local\\Programs\\Python\\Python313\\Lib\\site-packages\\selenium\\webdriver\\remote\\webdriver.py\", line 429, in execute\n    self.error_handler.check_response(response)\n    ~~~~~~~~~~~~~~~~~~~~~~~~~~~~~~~~~^^^^^^^^^^\n  File \"C:\\Users\\luis.sepulveda\\AppData\\Local\\Programs\\Python\\Python313\\Lib\\site-packages\\selenium\\webdriver\\remote\\errorhandler.py\", line 232, in check_response\n    raise exception_class(message, screen, stacktrace)\n","steps":[{"name":"\uD83C\uDF0D Navigated to: https://www.mercedes-benz.at/passengercars/models/suv/glc/overview.html","time":{"start":1745843986176,"stop":1745843990860,"duration":4684},"status":"passed","steps":[],"attachments":[],"parameters":[],"shouldDisplayMessage":false,"stepsCount":0,"attachmentsCount":0,"hasContent":false,"attachmentStep":false},{"name":"\uD83C\uDF0D Navigated to: https://www.mercedes-benz.at/passengercars/mercedes-benz-cars/car-configurator.html/motorization/CCci/AT/de/GLC-KLASSE/OFFROADER","time":{"start":1745843990861,"stop":1745843994928,"duration":4067},"status":"passed","steps":[],"attachments":[],"parameters":[],"shouldDisplayMessage":false,"stepsCount":0,"attachmentsCount":0,"hasContent":false,"attachmentStep":false},{"name":"✅ Executed actions in configurator","time":{"start":1745843994929,"stop":1745843998700,"duration":3771},"status":"broken","statusMessage":"selenium.common.exceptions.ElementClickInterceptedException: Message: element click intercepted: Element <a _ngcontent-ng-c2521831864=\"\" queryparamshandling=\"merge\" rel=\"nofollow\" class=\"cc-navigation__button cc-navigation__group\" navigation-menu-item-data-id=\"/configuration/CCci/AT/de/de_AT__2546091_AT1__AU-301_GC-421_LE-L_LU-040_MJ-806_PC-30P-900-901-P14-P15-P44-P49-P65-PBG-PDA-PSE_PS-S89#_SA-01U-02B-13U-14U-16U-17U-218-235-243-252-258-287-310-321-325-345-351-355-365-367-382-38U-464-475-480-485-500-504-528-537-538-580-587-58U-5B0-608-632-63B-670-679-6U7-70B-723-725-757-75B-776-79B-7U2-824-82B-840-868-873-876-88B-890-891-893-897-927-942-972-9B2-B30-B51-B53-B59-H50-L3E-R01-R32-U01-U10-U12-U22-U30-U35_SC-0S3-0U1-1B3-1U3-2U1-502-51B-5S8-6P5-7B4-7S1-7S3-8B7-8P3-8S5-8U8-8X6-998-9V0-AA5-BHB-K13-LS2-PVN-R8H/paints\">...</a> is not clickable at point (588, 223). Other element would receive the click: <cmm-cookie-banner settings-id=\"k-l7rZd3t\" variant=\"A\" data-language=\"de\" data-market=\"AT\" class=\"hydrated\" data-workbench-version=\"7.64.1\"></cmm-cookie-banner>\n  (Session info: chrome=135.0.7049.115)\nStacktrace:\n\tGetHandleVerifier [0x00007FF6565EEFA5+77893]\n\tGetHandleVerifier [0x00007FF6565EF000+77984]\n\t(No symbol) [0x00007FF6563B91BA]\n\t(No symbol) [0x00007FF6564170A9]\n\t(No symbol) [0x00007FF656414A62]\n\t(No symbol) [0x00007FF656411B01]\n\t(No symbol) [0x00007FF656410A01]\n\t(No symbol) [0x00007FF656402134]\n\t(No symbol) [0x00007FF65643712A]\n\t(No symbol) [0x00007FF6564019E6]\n\t(No symbol) [0x00007FF656437340]\n\t(No symbol) [0x00007FF65645F07F]\n\t(No symbol) [0x00007FF656436F03]\n\t(No symbol) [0x00007FF656400328]\n\t(No symbol) [0x00007FF656401093]\n\tGetHandleVerifier [0x00007FF6568A7B6D+2931725]\n\tGetHandleVerifier [0x00007FF6568A2132+2908626]\n\tGetHandleVerifier [0x00007FF6568C00F3+3031443]\n\tGetHandleVerifier [0x00007FF6566091EA+184970]\n\tGetHandleVerifier [0x00007FF65661086F+215311]\n\tGetHandleVerifier [0x00007FF6565F6EC4+110436]\n\tGetHandleVerifier [0x00007FF6565F7072+110866]\n\tGetHandleVerifier [0x00007FF6565DD479+5401]\n\t(No symbol) [0x00007FFD5E03259D]\n\tRtlUserThreadStart [0x00007FFD5FE6AF38+40]\n\n","statusTrace":"  File \"C:\\Python\\QA App Allure\\QA-App-Allure\\TestsCodes\\test_bfv3.py\", line 87, in perform_bfv3_test\n    main_frame.click()\n    ~~~~~~~~~~~~~~~~^^\n  File \"C:\\Users\\luis.sepulveda\\AppData\\Local\\Programs\\Python\\Python313\\Lib\\site-packages\\selenium\\webdriver\\remote\\webelement.py\", line 119, in click\n    self._execute(Command.CLICK_ELEMENT)\n    ~~~~~~~~~~~~~^^^^^^^^^^^^^^^^^^^^^^^\n  File \"C:\\Users\\luis.sepulveda\\AppData\\Local\\Programs\\Python\\Python313\\Lib\\site-packages\\selenium\\webdriver\\remote\\webelement.py\", line 572, in _execute\n    return self._parent.execute(command, params)\n           ~~~~~~~~~~~~~~~~~~~~^^^^^^^^^^^^^^^^^\n  File \"C:\\Users\\luis.sepulveda\\AppData\\Local\\Programs\\Python\\Python313\\Lib\\site-packages\\selenium\\webdriver\\remote\\webdriver.py\", line 429, in execute\n    self.error_handler.check_response(response)\n    ~~~~~~~~~~~~~~~~~~~~~~~~~~~~~~~~~^^^^^^^^^^\n  File \"C:\\Users\\luis.sepulveda\\AppData\\Local\\Programs\\Python\\Python313\\Lib\\site-packages\\selenium\\webdriver\\remote\\errorhandler.py\", line 232, in check_response\n    raise exception_class(message, screen, stacktrace)\n","steps":[],"attachments":[],"parameters":[],"shouldDisplayMessage":true,"stepsCount":0,"attachmentsCount":0,"hasContent":true,"attachmentStep":false}],"attachments":[],"parameters":[],"shouldDisplayMessage":false,"stepsCount":3,"attachmentsCount":0,"hasContent":true,"attachmentStep":false},{"name":"Perform BFV3 Test Logic","time":{"start":1745843998707,"stop":1745844017648,"duration":18941},"status":"broken","statusMessage":"selenium.common.exceptions.ElementClickInterceptedException: Message: element click intercepted: Element <a _ngcontent-ng-c2521831864=\"\" queryparamshandling=\"merge\" rel=\"nofollow\" class=\"cc-navigation__button cc-navigation__group\" navigation-menu-item-data-id=\"/configuration/CCci/AT/de/de_AT__2546091_AT1__AU-301_GC-421_LE-L_LU-040_MJ-806_PC-30P-900-901-P14-P15-P44-P49-P65-PBG-PDA-PSE_PS-S89#_SA-01U-02B-13U-14U-16U-17U-218-235-243-252-258-287-310-321-325-345-351-355-365-367-382-38U-464-475-480-485-500-504-528-537-538-580-587-58U-5B0-608-632-63B-670-679-6U7-70B-723-725-757-75B-776-79B-7U2-824-82B-840-868-873-876-88B-890-891-893-897-927-942-972-9B2-B30-B51-B53-B59-H50-L3E-R01-R32-U01-U10-U12-U22-U30-U35_SC-0S3-0U1-1B3-1U3-2U1-502-51B-5S8-6P5-7B4-7S1-7S3-8B7-8P3-8S5-8U8-8X6-998-9V0-AA5-BHB-K13-LS2-PVN-R8H/paints\">...</a> is not clickable at point (588, 223). Other element would receive the click: <cmm-cookie-banner settings-id=\"k-l7rZd3t\" variant=\"A\" data-language=\"de\" data-market=\"AT\" class=\"hydrated\" data-workbench-version=\"7.64.1\"></cmm-cookie-banner>\n  (Session info: chrome=135.0.7049.115)\nStacktrace:\n\tGetHandleVerifier [0x00007FF6565EEFA5+77893]\n\tGetHandleVerifier [0x00007FF6565EF000+77984]\n\t(No symbol) [0x00007FF6563B91BA]\n\t(No symbol) [0x00007FF6564170A9]\n\t(No symbol) [0x00007FF656414A62]\n\t(No symbol) [0x00007FF656411B01]\n\t(No symbol) [0x00007FF656410A01]\n\t(No symbol) [0x00007FF656402134]\n\t(No symbol) [0x00007FF65643712A]\n\t(No symbol) [0x00007FF6564019E6]\n\t(No symbol) [0x00007FF656437340]\n\t(No symbol) [0x00007FF65645F07F]\n\t(No symbol) [0x00007FF656436F03]\n\t(No symbol) [0x00007FF656400328]\n\t(No symbol) [0x00007FF656401093]\n\tGetHandleVerifier [0x00007FF6568A7B6D+2931725]\n\tGetHandleVerifier [0x00007FF6568A2132+2908626]\n\tGetHandleVerifier [0x00007FF6568C00F3+3031443]\n\tGetHandleVerifier [0x00007FF6566091EA+184970]\n\tGetHandleVerifier [0x00007FF65661086F+215311]\n\tGetHandleVerifier [0x00007FF6565F6EC4+110436]\n\tGetHandleVerifier [0x00007FF6565F7072+110866]\n\tGetHandleVerifier [0x00007FF6565DD479+5401]\n\t(No symbol) [0x00007FFD5E03259D]\n\tRtlUserThreadStart [0x00007FFD5FE6AF38+40]\n\n","statusTrace":"  File \"C:\\Users\\luis.sepulveda\\AppData\\Local\\Programs\\Python\\Python313\\Lib\\site-packages\\allure_commons\\_allure.py\", line 192, in impl\n    return func(*a, **kw)\n  File \"C:\\Python\\QA App Allure\\QA-App-Allure\\TestsCodes\\test_bfv3.py\", line 87, in perform_bfv3_test\n    main_frame.click()\n    ~~~~~~~~~~~~~~~~^^\n  File \"C:\\Users\\luis.sepulveda\\AppData\\Local\\Programs\\Python\\Python313\\Lib\\site-packages\\selenium\\webdriver\\remote\\webelement.py\", line 119, in click\n    self._execute(Command.CLICK_ELEMENT)\n    ~~~~~~~~~~~~~^^^^^^^^^^^^^^^^^^^^^^^\n  File \"C:\\Users\\luis.sepulveda\\AppData\\Local\\Programs\\Python\\Python313\\Lib\\site-packages\\selenium\\webdriver\\remote\\webelement.py\", line 572, in _execute\n    return self._parent.execute(command, params)\n           ~~~~~~~~~~~~~~~~~~~~^^^^^^^^^^^^^^^^^\n  File \"C:\\Users\\luis.sepulveda\\AppData\\Local\\Programs\\Python\\Python313\\Lib\\site-packages\\selenium\\webdriver\\remote\\webdriver.py\", line 429, in execute\n    self.error_handler.check_response(response)\n    ~~~~~~~~~~~~~~~~~~~~~~~~~~~~~~~~~^^^^^^^^^^\n  File \"C:\\Users\\luis.sepulveda\\AppData\\Local\\Programs\\Python\\Python313\\Lib\\site-packages\\selenium\\webdriver\\remote\\errorhandler.py\", line 232, in check_response\n    raise exception_class(message, screen, stacktrace)\n","steps":[{"name":"\uD83C\uDF0D Navigated to: https://www.mercedes-benz.at/passengercars/models/suv/glc/overview.html","time":{"start":1745844003409,"stop":1745844008788,"duration":5379},"status":"passed","steps":[],"attachments":[],"parameters":[],"shouldDisplayMessage":false,"stepsCount":0,"attachmentsCount":0,"hasContent":false,"attachmentStep":false},{"name":"\uD83C\uDF0D Navigated to: https://www.mercedes-benz.at/passengercars/mercedes-benz-cars/car-configurator.html/motorization/CCci/AT/de/GLC-KLASSE/OFFROADER","time":{"start":1745844008788,"stop":1745844015013,"duration":6225},"status":"passed","steps":[],"attachments":[],"parameters":[],"shouldDisplayMessage":false,"stepsCount":0,"attachmentsCount":0,"hasContent":false,"attachmentStep":false},{"name":"✅ Executed actions in configurator","time":{"start":1745844015013,"stop":1745844017646,"duration":2633},"status":"broken","statusMessage":"selenium.common.exceptions.ElementClickInterceptedException: Message: element click intercepted: Element <a _ngcontent-ng-c2521831864=\"\" queryparamshandling=\"merge\" rel=\"nofollow\" class=\"cc-navigation__button cc-navigation__group\" navigation-menu-item-data-id=\"/configuration/CCci/AT/de/de_AT__2546091_AT1__AU-301_GC-421_LE-L_LU-040_MJ-806_PC-30P-900-901-P14-P15-P44-P49-P65-PBG-PDA-PSE_PS-S89#_SA-01U-02B-13U-14U-16U-17U-218-235-243-252-258-287-310-321-325-345-351-355-365-367-382-38U-464-475-480-485-500-504-528-537-538-580-587-58U-5B0-608-632-63B-670-679-6U7-70B-723-725-757-75B-776-79B-7U2-824-82B-840-868-873-876-88B-890-891-893-897-927-942-972-9B2-B30-B51-B53-B59-H50-L3E-R01-R32-U01-U10-U12-U22-U30-U35_SC-0S3-0U1-1B3-1U3-2U1-502-51B-5S8-6P5-7B4-7S1-7S3-8B7-8P3-8S5-8U8-8X6-998-9V0-AA5-BHB-K13-LS2-PVN-R8H/paints\">...</a> is not clickable at point (588, 223). Other element would receive the click: <cmm-cookie-banner settings-id=\"k-l7rZd3t\" variant=\"A\" data-language=\"de\" data-market=\"AT\" class=\"hydrated\" data-workbench-version=\"7.64.1\"></cmm-cookie-banner>\n  (Session info: chrome=135.0.7049.115)\nStacktrace:\n\tGetHandleVerifier [0x00007FF6565EEFA5+77893]\n\tGetHandleVerifier [0x00007FF6565EF000+77984]\n\t(No symbol) [0x00007FF6563B91BA]\n\t(No symbol) [0x00007FF6564170A9]\n\t(No symbol) [0x00007FF656414A62]\n\t(No symbol) [0x00007FF656411B01]\n\t(No symbol) [0x00007FF656410A01]\n\t(No symbol) [0x00007FF656402134]\n\t(No symbol) [0x00007FF65643712A]\n\t(No symbol) [0x00007FF6564019E6]\n\t(No symbol) [0x00007FF656437340]\n\t(No symbol) [0x00007FF65645F07F]\n\t(No symbol) [0x00007FF656436F03]\n\t(No symbol) [0x00007FF656400328]\n\t(No symbol) [0x00007FF656401093]\n\tGetHandleVerifier [0x00007FF6568A7B6D+2931725]\n\tGetHandleVerifier [0x00007FF6568A2132+2908626]\n\tGetHandleVerifier [0x00007FF6568C00F3+3031443]\n\tGetHandleVerifier [0x00007FF6566091EA+184970]\n\tGetHandleVerifier [0x00007FF65661086F+215311]\n\tGetHandleVerifier [0x00007FF6565F6EC4+110436]\n\tGetHandleVerifier [0x00007FF6565F7072+110866]\n\tGetHandleVerifier [0x00007FF6565DD479+5401]\n\t(No symbol) [0x00007FFD5E03259D]\n\tRtlUserThreadStart [0x00007FFD5FE6AF38+40]\n\n","statusTrace":"  File \"C:\\Python\\QA App Allure\\QA-App-Allure\\TestsCodes\\test_bfv3.py\", line 87, in perform_bfv3_test\n    main_frame.click()\n    ~~~~~~~~~~~~~~~~^^\n  File \"C:\\Users\\luis.sepulveda\\AppData\\Local\\Programs\\Python\\Python313\\Lib\\site-packages\\selenium\\webdriver\\remote\\webelement.py\", line 119, in click\n    self._execute(Command.CLICK_ELEMENT)\n    ~~~~~~~~~~~~~^^^^^^^^^^^^^^^^^^^^^^^\n  File \"C:\\Users\\luis.sepulveda\\AppData\\Local\\Programs\\Python\\Python313\\Lib\\site-packages\\selenium\\webdriver\\remote\\webelement.py\", line 572, in _execute\n    return self._parent.execute(command, params)\n           ~~~~~~~~~~~~~~~~~~~~^^^^^^^^^^^^^^^^^\n  File \"C:\\Users\\luis.sepulveda\\AppData\\Local\\Programs\\Python\\Python313\\Lib\\site-packages\\selenium\\webdriver\\remote\\webdriver.py\", line 429, in execute\n    self.error_handler.check_response(response)\n    ~~~~~~~~~~~~~~~~~~~~~~~~~~~~~~~~~^^^^^^^^^^\n  File \"C:\\Users\\luis.sepulveda\\AppData\\Local\\Programs\\Python\\Python313\\Lib\\site-packages\\selenium\\webdriver\\remote\\errorhandler.py\", line 232, in check_response\n    raise exception_class(message, screen, stacktrace)\n","steps":[],"attachments":[],"parameters":[],"shouldDisplayMessage":true,"stepsCount":0,"attachmentsCount":0,"hasContent":true,"attachmentStep":false}],"attachments":[],"parameters":[],"shouldDisplayMessage":false,"stepsCount":3,"attachmentsCount":0,"hasContent":true,"attachmentStep":false},{"name":"Perform BFV3 Test Logic","time":{"start":1745844017649,"stop":1745844035353,"duration":17704},"status":"broken","statusMessage":"selenium.common.exceptions.ElementClickInterceptedException: Message: element click intercepted: Element <a _ngcontent-ng-c2521831864=\"\" queryparamshandling=\"merge\" rel=\"nofollow\" class=\"cc-navigation__button cc-navigation__group\" navigation-menu-item-data-id=\"/configuration/CCci/AT/de/de_AT__2546091_AT1__AU-301_GC-421_LE-L_LU-040_MJ-806_PC-30P-900-901-P14-P15-P44-P49-P65-PBG-PDA-PSE_PS-S89#_SA-01U-02B-13U-14U-16U-17U-218-235-243-252-258-287-310-321-325-345-351-355-365-367-382-38U-464-475-480-485-500-504-528-537-538-580-587-58U-5B0-608-632-63B-670-679-6U7-70B-723-725-757-75B-776-79B-7U2-824-82B-840-868-873-876-88B-890-891-893-897-927-942-972-9B2-B30-B51-B53-B59-H50-L3E-R01-R32-U01-U10-U12-U22-U30-U35_SC-0S3-0U1-1B3-1U3-2U1-502-51B-5S8-6P5-7B4-7S1-7S3-8B7-8P3-8S5-8U8-8X6-998-9V0-AA5-BHB-K13-LS2-PVN-R8H/paints\">...</a> is not clickable at point (588, 223). Other element would receive the click: <cmm-cookie-banner settings-id=\"k-l7rZd3t\" variant=\"A\" data-language=\"de\" data-market=\"AT\" class=\"hydrated\" data-workbench-version=\"7.64.1\"></cmm-cookie-banner>\n  (Session info: chrome=135.0.7049.115)\nStacktrace:\n\tGetHandleVerifier [0x00007FF6565EEFA5+77893]\n\tGetHandleVerifier [0x00007FF6565EF000+77984]\n\t(No symbol) [0x00007FF6563B91BA]\n\t(No symbol) [0x00007FF6564170A9]\n\t(No symbol) [0x00007FF656414A62]\n\t(No symbol) [0x00007FF656411B01]\n\t(No symbol) [0x00007FF656410A01]\n\t(No symbol) [0x00007FF656402134]\n\t(No symbol) [0x00007FF65643712A]\n\t(No symbol) [0x00007FF6564019E6]\n\t(No symbol) [0x00007FF656437340]\n\t(No symbol) [0x00007FF65645F07F]\n\t(No symbol) [0x00007FF656436F03]\n\t(No symbol) [0x00007FF656400328]\n\t(No symbol) [0x00007FF656401093]\n\tGetHandleVerifier [0x00007FF6568A7B6D+2931725]\n\tGetHandleVerifier [0x00007FF6568A2132+2908626]\n\tGetHandleVerifier [0x00007FF6568C00F3+3031443]\n\tGetHandleVerifier [0x00007FF6566091EA+184970]\n\tGetHandleVerifier [0x00007FF65661086F+215311]\n\tGetHandleVerifier [0x00007FF6565F6EC4+110436]\n\tGetHandleVerifier [0x00007FF6565F7072+110866]\n\tGetHandleVerifier [0x00007FF6565DD479+5401]\n\t(No symbol) [0x00007FFD5E03259D]\n\tRtlUserThreadStart [0x00007FFD5FE6AF38+40]\n\n","statusTrace":"  File \"C:\\Users\\luis.sepulveda\\AppData\\Local\\Programs\\Python\\Python313\\Lib\\site-packages\\allure_commons\\_allure.py\", line 192, in impl\n    return func(*a, **kw)\n  File \"C:\\Python\\QA App Allure\\QA-App-Allure\\TestsCodes\\test_bfv3.py\", line 87, in perform_bfv3_test\n    main_frame.click()\n    ~~~~~~~~~~~~~~~~^^\n  File \"C:\\Users\\luis.sepulveda\\AppData\\Local\\Programs\\Python\\Python313\\Lib\\site-packages\\selenium\\webdriver\\remote\\webelement.py\", line 119, in click\n    self._execute(Command.CLICK_ELEMENT)\n    ~~~~~~~~~~~~~^^^^^^^^^^^^^^^^^^^^^^^\n  File \"C:\\Users\\luis.sepulveda\\AppData\\Local\\Programs\\Python\\Python313\\Lib\\site-packages\\selenium\\webdriver\\remote\\webelement.py\", line 572, in _execute\n    return self._parent.execute(command, params)\n           ~~~~~~~~~~~~~~~~~~~~^^^^^^^^^^^^^^^^^\n  File \"C:\\Users\\luis.sepulveda\\AppData\\Local\\Programs\\Python\\Python313\\Lib\\site-packages\\selenium\\webdriver\\remote\\webdriver.py\", line 429, in execute\n    self.error_handler.check_response(response)\n    ~~~~~~~~~~~~~~~~~~~~~~~~~~~~~~~~~^^^^^^^^^^\n  File \"C:\\Users\\luis.sepulveda\\AppData\\Local\\Programs\\Python\\Python313\\Lib\\site-packages\\selenium\\webdriver\\remote\\errorhandler.py\", line 232, in check_response\n    raise exception_class(message, screen, stacktrace)\n","steps":[{"name":"\uD83C\uDF0D Navigated to: https://www.mercedes-benz.at/passengercars/models/suv/glc/overview.html","time":{"start":1745844020691,"stop":1745844026824,"duration":6133},"status":"passed","steps":[],"attachments":[],"parameters":[],"shouldDisplayMessage":false,"stepsCount":0,"attachmentsCount":0,"hasContent":false,"attachmentStep":false},{"name":"\uD83C\uDF0D Navigated to: https://www.mercedes-benz.at/passengercars/mercedes-benz-cars/car-configurator.html/motorization/CCci/AT/de/GLC-KLASSE/OFFROADER","time":{"start":1745844026824,"stop":1745844030942,"duration":4118},"status":"passed","steps":[],"attachments":[],"parameters":[],"shouldDisplayMessage":false,"stepsCount":0,"attachmentsCount":0,"hasContent":false,"attachmentStep":false},{"name":"✅ Executed actions in configurator","time":{"start":1745844030942,"stop":1745844035350,"duration":4408},"status":"broken","statusMessage":"selenium.common.exceptions.ElementClickInterceptedException: Message: element click intercepted: Element <a _ngcontent-ng-c2521831864=\"\" queryparamshandling=\"merge\" rel=\"nofollow\" class=\"cc-navigation__button cc-navigation__group\" navigation-menu-item-data-id=\"/configuration/CCci/AT/de/de_AT__2546091_AT1__AU-301_GC-421_LE-L_LU-040_MJ-806_PC-30P-900-901-P14-P15-P44-P49-P65-PBG-PDA-PSE_PS-S89#_SA-01U-02B-13U-14U-16U-17U-218-235-243-252-258-287-310-321-325-345-351-355-365-367-382-38U-464-475-480-485-500-504-528-537-538-580-587-58U-5B0-608-632-63B-670-679-6U7-70B-723-725-757-75B-776-79B-7U2-824-82B-840-868-873-876-88B-890-891-893-897-927-942-972-9B2-B30-B51-B53-B59-H50-L3E-R01-R32-U01-U10-U12-U22-U30-U35_SC-0S3-0U1-1B3-1U3-2U1-502-51B-5S8-6P5-7B4-7S1-7S3-8B7-8P3-8S5-8U8-8X6-998-9V0-AA5-BHB-K13-LS2-PVN-R8H/paints\">...</a> is not clickable at point (588, 223). Other element would receive the click: <cmm-cookie-banner settings-id=\"k-l7rZd3t\" variant=\"A\" data-language=\"de\" data-market=\"AT\" class=\"hydrated\" data-workbench-version=\"7.64.1\"></cmm-cookie-banner>\n  (Session info: chrome=135.0.7049.115)\nStacktrace:\n\tGetHandleVerifier [0x00007FF6565EEFA5+77893]\n\tGetHandleVerifier [0x00007FF6565EF000+77984]\n\t(No symbol) [0x00007FF6563B91BA]\n\t(No symbol) [0x00007FF6564170A9]\n\t(No symbol) [0x00007FF656414A62]\n\t(No symbol) [0x00007FF656411B01]\n\t(No symbol) [0x00007FF656410A01]\n\t(No symbol) [0x00007FF656402134]\n\t(No symbol) [0x00007FF65643712A]\n\t(No symbol) [0x00007FF6564019E6]\n\t(No symbol) [0x00007FF656437340]\n\t(No symbol) [0x00007FF65645F07F]\n\t(No symbol) [0x00007FF656436F03]\n\t(No symbol) [0x00007FF656400328]\n\t(No symbol) [0x00007FF656401093]\n\tGetHandleVerifier [0x00007FF6568A7B6D+2931725]\n\tGetHandleVerifier [0x00007FF6568A2132+2908626]\n\tGetHandleVerifier [0x00007FF6568C00F3+3031443]\n\tGetHandleVerifier [0x00007FF6566091EA+184970]\n\tGetHandleVerifier [0x00007FF65661086F+215311]\n\tGetHandleVerifier [0x00007FF6565F6EC4+110436]\n\tGetHandleVerifier [0x00007FF6565F7072+110866]\n\tGetHandleVerifier [0x00007FF6565DD479+5401]\n\t(No symbol) [0x00007FFD5E03259D]\n\tRtlUserThreadStart [0x00007FFD5FE6AF38+40]\n\n","statusTrace":"  File \"C:\\Python\\QA App Allure\\QA-App-Allure\\TestsCodes\\test_bfv3.py\", line 87, in perform_bfv3_test\n    main_frame.click()\n    ~~~~~~~~~~~~~~~~^^\n  File \"C:\\Users\\luis.sepulveda\\AppData\\Local\\Programs\\Python\\Python313\\Lib\\site-packages\\selenium\\webdriver\\remote\\webelement.py\", line 119, in click\n    self._execute(Command.CLICK_ELEMENT)\n    ~~~~~~~~~~~~~^^^^^^^^^^^^^^^^^^^^^^^\n  File \"C:\\Users\\luis.sepulveda\\AppData\\Local\\Programs\\Python\\Python313\\Lib\\site-packages\\selenium\\webdriver\\remote\\webelement.py\", line 572, in _execute\n    return self._parent.execute(command, params)\n           ~~~~~~~~~~~~~~~~~~~~^^^^^^^^^^^^^^^^^\n  File \"C:\\Users\\luis.sepulveda\\AppData\\Local\\Programs\\Python\\Python313\\Lib\\site-packages\\selenium\\webdriver\\remote\\webdriver.py\", line 429, in execute\n    self.error_handler.check_response(response)\n    ~~~~~~~~~~~~~~~~~~~~~~~~~~~~~~~~~^^^^^^^^^^\n  File \"C:\\Users\\luis.sepulveda\\AppData\\Local\\Programs\\Python\\Python313\\Lib\\site-packages\\selenium\\webdriver\\remote\\errorhandler.py\", line 232, in check_response\n    raise exception_class(message, screen, stacktrace)\n","steps":[],"attachments":[],"parameters":[],"shouldDisplayMessage":true,"stepsCount":0,"attachmentsCount":0,"hasContent":true,"attachmentStep":false}],"attachments":[],"parameters":[],"shouldDisplayMessage":false,"stepsCount":3,"attachmentsCount":0,"hasContent":true,"attachmentStep":false},{"name":"Perform BFV3 Test Logic","time":{"start":1745844035356,"stop":1745844056499,"duration":21143},"status":"broken","statusMessage":"selenium.common.exceptions.ElementClickInterceptedException: Message: element click intercepted: Element <a _ngcontent-ng-c2521831864=\"\" queryparamshandling=\"merge\" rel=\"nofollow\" class=\"cc-navigation__button cc-navigation__group\" navigation-menu-item-data-id=\"/configuration/CCci/AT/de/de_AT__2546091_AT1__AU-301_GC-421_LE-L_LU-040_MJ-806_PC-30P-900-901-P14-P15-P44-P49-P65-PBG-PDA-PSE_PS-S89#_SA-01U-02B-13U-14U-16U-17U-218-235-243-252-258-287-310-321-325-345-351-355-365-367-382-38U-464-475-480-485-500-504-528-537-538-580-587-58U-5B0-608-632-63B-670-679-6U7-70B-723-725-757-75B-776-79B-7U2-824-82B-840-868-873-876-88B-890-891-893-897-927-942-972-9B2-B30-B51-B53-B59-H50-L3E-R01-R32-U01-U10-U12-U22-U30-U35_SC-0S3-0U1-1B3-1U3-2U1-502-51B-5S8-6P5-7B4-7S1-7S3-8B7-8P3-8S5-8U8-8X6-998-9V0-AA5-BHB-K13-LS2-PVN-R8H/paints\">...</a> is not clickable at point (588, 223). Other element would receive the click: <cmm-cookie-banner settings-id=\"k-l7rZd3t\" variant=\"A\" data-language=\"de\" data-market=\"AT\" class=\"hydrated\" data-workbench-version=\"7.64.1\"></cmm-cookie-banner>\n  (Session info: chrome=135.0.7049.115)\nStacktrace:\n\tGetHandleVerifier [0x00007FF6565EEFA5+77893]\n\tGetHandleVerifier [0x00007FF6565EF000+77984]\n\t(No symbol) [0x00007FF6563B91BA]\n\t(No symbol) [0x00007FF6564170A9]\n\t(No symbol) [0x00007FF656414A62]\n\t(No symbol) [0x00007FF656411B01]\n\t(No symbol) [0x00007FF656410A01]\n\t(No symbol) [0x00007FF656402134]\n\t(No symbol) [0x00007FF65643712A]\n\t(No symbol) [0x00007FF6564019E6]\n\t(No symbol) [0x00007FF656437340]\n\t(No symbol) [0x00007FF65645F07F]\n\t(No symbol) [0x00007FF656436F03]\n\t(No symbol) [0x00007FF656400328]\n\t(No symbol) [0x00007FF656401093]\n\tGetHandleVerifier [0x00007FF6568A7B6D+2931725]\n\tGetHandleVerifier [0x00007FF6568A2132+2908626]\n\tGetHandleVerifier [0x00007FF6568C00F3+3031443]\n\tGetHandleVerifier [0x00007FF6566091EA+184970]\n\tGetHandleVerifier [0x00007FF65661086F+215311]\n\tGetHandleVerifier [0x00007FF6565F6EC4+110436]\n\tGetHandleVerifier [0x00007FF6565F7072+110866]\n\tGetHandleVerifier [0x00007FF6565DD479+5401]\n\t(No symbol) [0x00007FFD5E03259D]\n\tRtlUserThreadStart [0x00007FFD5FE6AF38+40]\n\n","statusTrace":"  File \"C:\\Users\\luis.sepulveda\\AppData\\Local\\Programs\\Python\\Python313\\Lib\\site-packages\\allure_commons\\_allure.py\", line 192, in impl\n    return func(*a, **kw)\n  File \"C:\\Python\\QA App Allure\\QA-App-Allure\\TestsCodes\\test_bfv3.py\", line 87, in perform_bfv3_test\n    main_frame.click()\n    ~~~~~~~~~~~~~~~~^^\n  File \"C:\\Users\\luis.sepulveda\\AppData\\Local\\Programs\\Python\\Python313\\Lib\\site-packages\\selenium\\webdriver\\remote\\webelement.py\", line 119, in click\n    self._execute(Command.CLICK_ELEMENT)\n    ~~~~~~~~~~~~~^^^^^^^^^^^^^^^^^^^^^^^\n  File \"C:\\Users\\luis.sepulveda\\AppData\\Local\\Programs\\Python\\Python313\\Lib\\site-packages\\selenium\\webdriver\\remote\\webelement.py\", line 572, in _execute\n    return self._parent.execute(command, params)\n           ~~~~~~~~~~~~~~~~~~~~^^^^^^^^^^^^^^^^^\n  File \"C:\\Users\\luis.sepulveda\\AppData\\Local\\Programs\\Python\\Python313\\Lib\\site-packages\\selenium\\webdriver\\remote\\webdriver.py\", line 429, in execute\n    self.error_handler.check_response(response)\n    ~~~~~~~~~~~~~~~~~~~~~~~~~~~~~~~~~^^^^^^^^^^\n  File \"C:\\Users\\luis.sepulveda\\AppData\\Local\\Programs\\Python\\Python313\\Lib\\site-packages\\selenium\\webdriver\\remote\\errorhandler.py\", line 232, in check_response\n    raise exception_class(message, screen, stacktrace)\n","steps":[{"name":"\uD83C\uDF0D Navigated to: https://www.mercedes-benz.at/passengercars/models/suv/glc/overview.html","time":{"start":1745844042161,"stop":1745844047466,"duration":5305},"status":"passed","steps":[],"attachments":[],"parameters":[],"shouldDisplayMessage":false,"stepsCount":0,"attachmentsCount":0,"hasContent":false,"attachmentStep":false},{"name":"\uD83C\uDF0D Navigated to: https://www.mercedes-benz.at/passengercars/mercedes-benz-cars/car-configurator.html/motorization/CCci/AT/de/GLC-KLASSE/OFFROADER","time":{"start":1745844047466,"stop":1745844051602,"duration":4136},"status":"passed","steps":[],"attachments":[],"parameters":[],"shouldDisplayMessage":false,"stepsCount":0,"attachmentsCount":0,"hasContent":false,"attachmentStep":false},{"name":"✅ Executed actions in configurator","time":{"start":1745844051602,"stop":1745844056496,"duration":4894},"status":"broken","statusMessage":"selenium.common.exceptions.ElementClickInterceptedException: Message: element click intercepted: Element <a _ngcontent-ng-c2521831864=\"\" queryparamshandling=\"merge\" rel=\"nofollow\" class=\"cc-navigation__button cc-navigation__group\" navigation-menu-item-data-id=\"/configuration/CCci/AT/de/de_AT__2546091_AT1__AU-301_GC-421_LE-L_LU-040_MJ-806_PC-30P-900-901-P14-P15-P44-P49-P65-PBG-PDA-PSE_PS-S89#_SA-01U-02B-13U-14U-16U-17U-218-235-243-252-258-287-310-321-325-345-351-355-365-367-382-38U-464-475-480-485-500-504-528-537-538-580-587-58U-5B0-608-632-63B-670-679-6U7-70B-723-725-757-75B-776-79B-7U2-824-82B-840-868-873-876-88B-890-891-893-897-927-942-972-9B2-B30-B51-B53-B59-H50-L3E-R01-R32-U01-U10-U12-U22-U30-U35_SC-0S3-0U1-1B3-1U3-2U1-502-51B-5S8-6P5-7B4-7S1-7S3-8B7-8P3-8S5-8U8-8X6-998-9V0-AA5-BHB-K13-LS2-PVN-R8H/paints\">...</a> is not clickable at point (588, 223). Other element would receive the click: <cmm-cookie-banner settings-id=\"k-l7rZd3t\" variant=\"A\" data-language=\"de\" data-market=\"AT\" class=\"hydrated\" data-workbench-version=\"7.64.1\"></cmm-cookie-banner>\n  (Session info: chrome=135.0.7049.115)\nStacktrace:\n\tGetHandleVerifier [0x00007FF6565EEFA5+77893]\n\tGetHandleVerifier [0x00007FF6565EF000+77984]\n\t(No symbol) [0x00007FF6563B91BA]\n\t(No symbol) [0x00007FF6564170A9]\n\t(No symbol) [0x00007FF656414A62]\n\t(No symbol) [0x00007FF656411B01]\n\t(No symbol) [0x00007FF656410A01]\n\t(No symbol) [0x00007FF656402134]\n\t(No symbol) [0x00007FF65643712A]\n\t(No symbol) [0x00007FF6564019E6]\n\t(No symbol) [0x00007FF656437340]\n\t(No symbol) [0x00007FF65645F07F]\n\t(No symbol) [0x00007FF656436F03]\n\t(No symbol) [0x00007FF656400328]\n\t(No symbol) [0x00007FF656401093]\n\tGetHandleVerifier [0x00007FF6568A7B6D+2931725]\n\tGetHandleVerifier [0x00007FF6568A2132+2908626]\n\tGetHandleVerifier [0x00007FF6568C00F3+3031443]\n\tGetHandleVerifier [0x00007FF6566091EA+184970]\n\tGetHandleVerifier [0x00007FF65661086F+215311]\n\tGetHandleVerifier [0x00007FF6565F6EC4+110436]\n\tGetHandleVerifier [0x00007FF6565F7072+110866]\n\tGetHandleVerifier [0x00007FF6565DD479+5401]\n\t(No symbol) [0x00007FFD5E03259D]\n\tRtlUserThreadStart [0x00007FFD5FE6AF38+40]\n\n","statusTrace":"  File \"C:\\Python\\QA App Allure\\QA-App-Allure\\TestsCodes\\test_bfv3.py\", line 87, in perform_bfv3_test\n    main_frame.click()\n    ~~~~~~~~~~~~~~~~^^\n  File \"C:\\Users\\luis.sepulveda\\AppData\\Local\\Programs\\Python\\Python313\\Lib\\site-packages\\selenium\\webdriver\\remote\\webelement.py\", line 119, in click\n    self._execute(Command.CLICK_ELEMENT)\n    ~~~~~~~~~~~~~^^^^^^^^^^^^^^^^^^^^^^^\n  File \"C:\\Users\\luis.sepulveda\\AppData\\Local\\Programs\\Python\\Python313\\Lib\\site-packages\\selenium\\webdriver\\remote\\webelement.py\", line 572, in _execute\n    return self._parent.execute(command, params)\n           ~~~~~~~~~~~~~~~~~~~~^^^^^^^^^^^^^^^^^\n  File \"C:\\Users\\luis.sepulveda\\AppData\\Local\\Programs\\Python\\Python313\\Lib\\site-packages\\selenium\\webdriver\\remote\\webdriver.py\", line 429, in execute\n    self.error_handler.check_response(response)\n    ~~~~~~~~~~~~~~~~~~~~~~~~~~~~~~~~~^^^^^^^^^^\n  File \"C:\\Users\\luis.sepulveda\\AppData\\Local\\Programs\\Python\\Python313\\Lib\\site-packages\\selenium\\webdriver\\remote\\errorhandler.py\", line 232, in check_response\n    raise exception_class(message, screen, stacktrace)\n","steps":[],"attachments":[],"parameters":[],"shouldDisplayMessage":true,"stepsCount":0,"attachmentsCount":0,"hasContent":true,"attachmentStep":false}],"attachments":[],"parameters":[],"shouldDisplayMessage":false,"stepsCount":3,"attachmentsCount":0,"hasContent":true,"attachmentStep":false},{"name":"\uD83D\uDD0D Checking userGroup in XHR responses...","time":{"start":1745844060502,"stop":1745844073020,"duration":12518},"status":"passed","steps":[{"name":"Setting campaign name substring for test: BFV3","time":{"start":1745844060502,"stop":1745844060536,"duration":34},"status":"passed","steps":[],"attachments":[{"uid":"1253451f1848e115","name":"Info","source":"1253451f1848e115.txt","type":"text/plain","size":52}],"parameters":[],"shouldDisplayMessage":false,"stepsCount":0,"attachmentsCount":1,"hasContent":true,"attachmentStep":false},{"name":"Capturing XHR responses","time":{"start":1745844060536,"stop":1745844072888,"duration":12352},"status":"passed","steps":[],"attachments":[],"parameters":[],"shouldDisplayMessage":false,"stepsCount":0,"attachmentsCount":0,"hasContent":false,"attachmentStep":false}],"attachments":[],"parameters":[],"shouldDisplayMessage":false,"stepsCount":2,"attachmentsCount":1,"hasContent":true,"attachmentStep":false},{"name":"\uD83D\uDD0D Verifying personalized image...","time":{"start":1745844073020,"stop":1745844083157,"duration":10137},"status":"passed","steps":[{"name":"❌ Image not found in the specified selector. Error: Message: \n","time":{"start":1745844083148,"stop":1745844083157,"duration":9},"status":"passed","steps":[],"attachments":[{"uid":"6a59dbbfe03352df","name":"Expected Image Source","source":"6a59dbbfe03352df.txt","type":"text/plain","size":61},{"uid":"5325ff2338df8251","name":"Image Verification Error","source":"5325ff2338df8251.txt","type":"text/plain","size":17}],"parameters":[],"shouldDisplayMessage":false,"stepsCount":0,"attachmentsCount":2,"hasContent":true,"attachmentStep":false}],"attachments":[],"parameters":[],"shouldDisplayMessage":false,"stepsCount":1,"attachmentsCount":2,"hasContent":true,"attachmentStep":false},{"name":"\uD83D\uDD0D Debugging campaign images...","time":{"start":1745844083157,"stop":1745844083209,"duration":52},"status":"passed","steps":[],"attachments":[{"uid":"dfddc4735aa4f173","name":"Campaign Images","source":"dfddc4735aa4f173.txt","type":"text/plain","size":0}],"parameters":[],"shouldDisplayMessage":false,"stepsCount":0,"attachmentsCount":1,"hasContent":true,"attachmentStep":false},{"name":"\uD83D\uDCDC Scrolling to specific elements and capturing screenshot","time":{"start":1745844083209,"stop":1745844083276,"duration":67},"status":"passed","steps":[],"attachments":[{"uid":"fe45456767e9a089","name":"Scroll Error","source":"fe45456767e9a089.txt","type":"text/plain","size":1190}],"parameters":[],"shouldDisplayMessage":false,"stepsCount":0,"attachmentsCount":1,"hasContent":true,"attachmentStep":false},{"name":"✅ Screenshot captured and saved","time":{"start":1745844084708,"stop":1745844084718,"duration":10},"status":"passed","steps":[],"attachments":[{"uid":"c8b35dfd928dbaf","name":"Final Screenshot","source":"c8b35dfd928dbaf.png","type":"image/png","size":897582}],"parameters":[],"shouldDisplayMessage":false,"stepsCount":0,"attachmentsCount":1,"hasContent":true,"attachmentStep":false}],"attachments":[{"uid":"5b61ab26ea0d8745","name":"URLs for GLC (SUV)","source":"5b61ab26ea0d8745.json","type":"application/json","size":736},{"uid":"6bd8d516e5839d41","name":"991186c2-ae72-4cde-aa9c-dcb4cfff5d05-attachment.attach","source":"6bd8d516e5839d41.attach","type":"text/plain","size":48},{"uid":"eae5cfb08c32eb0d","name":"Test Failure","source":"eae5cfb08c32eb0d.txt","type":"text/plain","size":23},{"uid":"7950114fee1f3ed3","name":"log","source":"7950114fee1f3ed3.txt","type":"text/plain","size":218013}],"parameters":[],"shouldDisplayMessage":true,"stepsCount":30,"attachmentsCount":10,"hasContent":true,"attachmentStep":false},"afterStages":[],"labels":[{"name":"as_id","value":"007e81b8c12fafc043438b7d9750b022"},{"name":"parentSuite","value":"AT/de"},{"name":"suite","value":"BFV3"},{"name":"subSuite","value":"X254 - GLC (SUV)"},{"name":"tag","value":"BFV3"},{"name":"tag","value":"AT/de"},{"name":"tag","value":"X254"},{"name":"tag","value":"SUV"},{"name":"tag","value":"GLC"},{"name":"host","value":"DE3SMDW0327562T"},{"name":"thread","value":"28316-MainThread"},{"name":"framework","value":"pytest"},{"name":"language","value":"cpython3"},{"name":"package","value":"QAAppAllure"},{"name":"resultFormat","value":"allure2"}],"parameters":[{"name":"test_case","value":"{'test_name': 'BFV3', 'market_code': 'AT/de', 'model_code': 'X254', 'model_name': 'GLC', 'body_type': 'SUV', 'urls': {'MODEL_CODE': 'X254', 'PRODUCT_PAGE': 'https://www.mercedes-benz.at/passengercars/models/suv/glc/overview.html', 'CONFIGURATOR': 'https://www.mercedes-benz.at/passengercars/mercedes-benz-cars/car-configurator.html/motorization/CCci/AT/de/GLC-KLASSE/OFFROADER', 'ONLINE_SHOP': 'https://www.mercedes-benz.at/passengercars/buy/new-car/search-results.html/vehicleCategory-new-passenger-cars/brand-Mercedes-Benz/modelIdentifier-GLC/?emhsortType=price-asc&emhbodyType=SUV_OFFROADER', 'TEST_DRIVE': 'https://www.mercedes-benz.at/passengercars/mercedes-benz-cars/online-testdrive.html#/dealer?context=OWPC&modelSeries=X254&modelType=ALL', 'HOME_PAGE': 'https://www.mercedes-benz.at/', 'BODY_TYPE': 'SUV', 'MODEL_NAME': 'GLC'}}"}],"links":[],"hidden":false,"retry":false,"extra":{"severity":"normal","retries":[{"uid":"db5450a00479d0cc","status":"failed","statusDetails":"Failed: ❌ Test 'BFV3' failed.","time":{"start":1745843822646,"stop":1745843938053,"duration":115407}},{"uid":"3d2288787797c9d6","status":"failed","statusDetails":"Failed: ❌ Test 'BFV3' failed.","time":{"start":1745843668976,"stop":1745843822582,"duration":153606}},{"uid":"27994f281a296a76","status":"failed","statusDetails":"Failed: ❌ Test 'BFV3' failed.","time":{"start":1745843534019,"stop":1745843668916,"duration":134897}},{"uid":"ba1be32677be6902","status":"failed","statusDetails":"Failed: ❌ Test 'BFV3' failed.","time":{"start":1745843364073,"stop":1745843533935,"duration":169862}},{"uid":"f3421ded509a5f1e","status":"failed","statusDetails":"Failed: ❌ Test 'BFV3' failed.","time":{"start":1745843243202,"stop":1745843363958,"duration":120756}}],"categories":[{"name":"Product defects","matchedStatuses":[]}],"tags":["X254","SUV","AT/de","BFV3","GLC"]},"source":"11b24798cb14ae91.json","parameterValues":["{'test_name': 'BFV3', 'market_code': 'AT/de', 'model_code': 'X254', 'model_name': 'GLC', 'body_type': 'SUV', 'urls': {'MODEL_CODE': 'X254', 'PRODUCT_PAGE': 'https://www.mercedes-benz.at/passengercars/models/suv/glc/overview.html', 'CONFIGURATOR': 'https://www.mercedes-benz.at/passengercars/mercedes-benz-cars/car-configurator.html/motorization/CCci/AT/de/GLC-KLASSE/OFFROADER', 'ONLINE_SHOP': 'https://www.mercedes-benz.at/passengercars/buy/new-car/search-results.html/vehicleCategory-new-passenger-cars/brand-Mercedes-Benz/modelIdentifier-GLC/?emhsortType=price-asc&emhbodyType=SUV_OFFROADER', 'TEST_DRIVE': 'https://www.mercedes-benz.at/passengercars/mercedes-benz-cars/online-testdrive.html#/dealer?context=OWPC&modelSeries=X254&modelType=ALL', 'HOME_PAGE': 'https://www.mercedes-benz.at/', 'BODY_TYPE': 'SUV', 'MODEL_NAME': 'GLC'}}"]}