{"uid":"4420bdd124e0ef2d","name":"test_run[test_case14]","fullName":"QAAppAllure#test_run","historyId":"7c3709b7f64b9d2e6b3672257f564cf3","time":{"start":1745841203992,"stop":1745841448412,"duration":244420},"description":"\nRuns a test for each test case, either manually defined or dynamically fetched.\n","descriptionHtml":"<p>Runs a test for each test case, either manually defined or dynamically fetched.</p>\n","status":"failed","statusMessage":"Failed: ❌ Test 'BFV2' failed.","statusTrace":"test_case = {'body_type': 'HATCHBACK', 'market_code': 'AT/de', 'model_code': 'W247-fl', 'model_name': 'B-CLASS', ...}\nscreenshot_dir = 'C:\\\\Python\\\\QA App Allure\\\\QA-App-Allure\\\\Tests'\n\n    @pytest.mark.parametrize(\"test_case\", all_test_cases)\n    def test_run(test_case, screenshot_dir):\n        \"\"\"\n        Runs a test for each test case, either manually defined or dynamically fetched.\n        \"\"\"\n        test_name = test_case['test_name']\n        market_code = test_case.get('market_code', 'BE/nl')\n        model_code = test_case.get('model_code', None)\n        model_name = test_case.get('model_name', None)\n        body_type = test_case.get('body_type', None)\n        urls = test_case.get('urls', {})\n    \n        # Log test case details\n        logging.info(f\"Running test case: {json.dumps(test_case, indent=2)}\")\n    \n        # Validate URLs\n        if not urls or 'HOME_PAGE' not in urls or not urls['HOME_PAGE']:\n            logging.error(f\"❌ Missing HOME_PAGE URL for test '{test_name}' (market: {market_code}, model: {model_code}).\")\n            allure.attach(f\"❌ Missing HOME_PAGE URL for test '{test_name}' (market: {market_code}, model: {model_code}).\")\n            return\n    \n    \n        # Generar ID único y consistente para Allure\n        uid_raw = f\"{test_name}_{market_code}_{model_code or 'unknown'}\"\n        uid_hashed = hashlib.md5(uid_raw.encode()).hexdigest()\n        allure.dynamic.id(uid_hashed)\n    \n        # Define browser options and create driver\n        options = build_chrome_options()\n        driver = create_driver(options)\n    \n        try:\n            # Set Allure suite hierarchy\n            allure.dynamic.parent_suite(f\"{market_code}\")  # Parent Suite\n            allure.dynamic.suite(f\"{test_name}\")  # Suite\n            allure.dynamic.sub_suite(f\"{model_code or 'N/A'} - {model_name or 'N/A'} ({body_type or 'N/A'})\")  # Sub-Suite\n    \n            # Add dynamic tags\n            allure.dynamic.tag(test_name)\n            allure.dynamic.tag(market_code)\n            if model_code:\n                allure.dynamic.tag(model_code)\n            if body_type:\n                allure.dynamic.tag(body_type)\n            if model_name:\n                allure.dynamic.tag(model_name)\n    \n            # Attach URLs to Allure\n            allure.attach(\n                json.dumps(urls, indent=2),\n                name=f\"URLs for {model_name or 'N/A'} ({body_type or 'N/A'})\",\n                attachment_type=allure.attachment_type.JSON\n            )\n    \n            # Extract base test name\n            base_test_name = test_name.split(\" - \")[0]\n    \n            # Run the test logic for the current model\n            try:\n                api_and_xhr = create_api_and_xhr(driver)\n                if api_and_xhr is None or api_and_xhr[1] is None:\n                    logging.error(\"❌ Failed to initialize API and XHR capturer.\")\n                    allure.attach(\"❌ Failed to initialize API and XHR capturer.\", name=\"Initialization Error\", attachment_type=allure.attachment_type.TEXT)\n                    return\n                if base_test_name in test_mapping:\n>                   run_test(driver, base_test_name, market_code, model_code, model_name, body_type, 1, urls, api_and_xhr, screenshot_dir)\n\nQAAppAllure.py:303: \n_ _ _ _ _ _ _ _ _ _ _ _ _ _ _ _ _ _ _ _ _ _ _ _ _ _ _ _ _ _ _ _ _ _ _ _ _ _ _ _\n\ndriver = <selenium.webdriver.chrome.webdriver.WebDriver (session=\"254d3b8449f2953aefc72d2a662cc5e7\")>\ntest_name = 'BFV2', market_code = 'AT/de', model_code = 'W247-fl'\nmodel_name = 'B-CLASS', body_type = 'HATCHBACK', attempt = 1\nurls = {'BODY_TYPE': 'HATCHBACK', 'CONFIGURATOR': 'https://www.mercedes-benz.at/passengercars/mercedes-benz-cars/car-configur...ization/CCci/AT/de/B-KLASSE/SPORTS TOURER', 'HOME_PAGE': 'https://www.mercedes-benz.at/', 'MODEL_CODE': 'W247-fl', ...}\napi_and_xhr = (<App.vehicle_api.VehicleAPI object at 0x000001C5EE01D150>, <App.XHRResponseCapturer.XHRResponseCapturer object at 0x000001C5EE61A210>)\nscreenshot_dir = 'C:\\\\Python\\\\QA App Allure\\\\QA-App-Allure\\\\Tests'\n\n    def run_test(driver, test_name, market_code, model_code, model_name, body_type, attempt, urls, api_and_xhr, screenshot_dir):\n        vehicle_api, xhr_capturer = api_and_xhr\n        test_success = False\n    \n        if not urls or 'HOME_PAGE' not in urls or not urls['HOME_PAGE']:\n            allure.attach(f\"❌ Could not fetch valid URLs for test '{test_name}' (market: {market_code}, model: {model_code})\")\n            pytest.fail(f\"Missing HOME_PAGE URL for test '{test_name}'\")\n    \n        allure.step(f\"\uD83C\uDF10 Fetched URLs from API for test '{test_name}':\\n\"\n                    f\"Model Name: {urls.get('MODEL_NAME', 'N/A')}\\n\"\n                    f\"Body Type: {urls.get('BODY_TYPE', 'N/A')}\\n\"\n                    f\"URLs:\\n{json.dumps(urls, indent=2)}\")\n    \n        # BFV Logic\n        if 'CONFIGURATOR' not in urls or not urls['CONFIGURATOR']:\n            if test_name in [\"BFV1\", \"BFV2\", \"BFV3\", \"Last Configuration Started\", \"Last Configuration Completed\"]:\n                message = f\"❌ Skipping test '{test_name}' due to lack of CONFIGURATOR URL.\"\n                logging.warning(message)\n                allure.dynamic.description(message)\n                pytest.skip(message)\n    \n        if 'ONLINE_SHOP' not in urls or not urls['ONLINE_SHOP']:\n            if test_name in [\"BFV2\", \"BFV3\", \"Last Seen PDP\", \"Last Seen SRP\"]:\n                message = f\"❌ Skipping test '{test_name}' due to lack of ONLINE_SHOP URL.\"\n                logging.warning(message)\n                allure.dynamic.description(message)\n                pytest.skip(message)\n    \n        if 'TEST_DRIVE' not in urls or not urls['TEST_DRIVE']:\n            if test_name == \"BFV3\":\n                message = f\"❌ Skipping test '{test_name}' due to lack of TEST_DRIVE URL.\"\n                logging.warning(message)\n                allure.dynamic.description(message)\n                pytest.skip(message)\n    \n        try:\n            driver.get(urls['HOME_PAGE'])\n            WebDriverWait(driver, 15).until(lambda d: d.execute_script(\"return document.readyState\") == \"complete\")\n            logging.info(f\"\uD83C\uDF0D Navigated to: {urls['HOME_PAGE']}\")\n        except Exception as e:\n            logging.error(f\"❌ Error navigating to HOME_PAGE: {e}\")\n            pytest.fail(f\"Error navigating to HOME_PAGE: {e}\")\n    \n    \n    \n        try:\n            WebDriverWait(driver, 15).until(\n                EC.presence_of_element_located((By.CSS_SELECTOR, \"cmm-cookie-banner\"))\n            )\n            time.sleep(2)\n            logging.info(\"✅ Cookie banner detected.\")\n            driver.execute_script(\"\"\"\n                document.querySelector(\"cmm-cookie-banner\").shadowRoot.querySelector(\"wb7-button.button--accept-all\").click();\n            \"\"\")\n            allure.step(\"✅ Clicked on accept cookies.\")\n        except Exception as ex:\n            allure.attach(\"❌ Cookie banner not found or already accepted.\")\n    \n        # Execute test\n        if test_name in test_mapping:\n            test_instance = test_mapping[test_name](driver, urls)\n            test_instance.run()\n            allure.step(f\"✅ {test_name} test completed.\")\n            time.sleep(4)\n    \n            test_success = verify_personalization_and_capture(\n                driver, test_name, model_name, body_type, attempt, screenshot_dir,\n                test_success, xhr_capturer, urls\n            )\n    \n        if not test_success:\n            failure_message = f\"❌ Test '{test_name}' failed.\"\n            logging.error(failure_message)\n            allure.attach(failure_message, name=\"Test Failure\", attachment_type=allure.attachment_type.TEXT)\n>           pytest.fail(failure_message)\nE           Failed: ❌ Test 'BFV2' failed.\n\nQAAppAllure.py:176: Failed","flaky":false,"newFailed":false,"newBroken":false,"newPassed":false,"retriesCount":0,"retriesStatusChange":false,"beforeStages":[{"name":"screenshot_dir","time":{"start":1745841203990,"stop":1745841203991,"duration":1},"status":"passed","steps":[],"attachments":[],"parameters":[],"shouldDisplayMessage":false,"stepsCount":0,"attachmentsCount":0,"hasContent":false,"attachmentStep":false}],"testStage":{"description":"\nRuns a test for each test case, either manually defined or dynamically fetched.\n","status":"failed","statusMessage":"Failed: ❌ Test 'BFV2' failed.","statusTrace":"test_case = {'body_type': 'HATCHBACK', 'market_code': 'AT/de', 'model_code': 'W247-fl', 'model_name': 'B-CLASS', ...}\nscreenshot_dir = 'C:\\\\Python\\\\QA App Allure\\\\QA-App-Allure\\\\Tests'\n\n    @pytest.mark.parametrize(\"test_case\", all_test_cases)\n    def test_run(test_case, screenshot_dir):\n        \"\"\"\n        Runs a test for each test case, either manually defined or dynamically fetched.\n        \"\"\"\n        test_name = test_case['test_name']\n        market_code = test_case.get('market_code', 'BE/nl')\n        model_code = test_case.get('model_code', None)\n        model_name = test_case.get('model_name', None)\n        body_type = test_case.get('body_type', None)\n        urls = test_case.get('urls', {})\n    \n        # Log test case details\n        logging.info(f\"Running test case: {json.dumps(test_case, indent=2)}\")\n    \n        # Validate URLs\n        if not urls or 'HOME_PAGE' not in urls or not urls['HOME_PAGE']:\n            logging.error(f\"❌ Missing HOME_PAGE URL for test '{test_name}' (market: {market_code}, model: {model_code}).\")\n            allure.attach(f\"❌ Missing HOME_PAGE URL for test '{test_name}' (market: {market_code}, model: {model_code}).\")\n            return\n    \n    \n        # Generar ID único y consistente para Allure\n        uid_raw = f\"{test_name}_{market_code}_{model_code or 'unknown'}\"\n        uid_hashed = hashlib.md5(uid_raw.encode()).hexdigest()\n        allure.dynamic.id(uid_hashed)\n    \n        # Define browser options and create driver\n        options = build_chrome_options()\n        driver = create_driver(options)\n    \n        try:\n            # Set Allure suite hierarchy\n            allure.dynamic.parent_suite(f\"{market_code}\")  # Parent Suite\n            allure.dynamic.suite(f\"{test_name}\")  # Suite\n            allure.dynamic.sub_suite(f\"{model_code or 'N/A'} - {model_name or 'N/A'} ({body_type or 'N/A'})\")  # Sub-Suite\n    \n            # Add dynamic tags\n            allure.dynamic.tag(test_name)\n            allure.dynamic.tag(market_code)\n            if model_code:\n                allure.dynamic.tag(model_code)\n            if body_type:\n                allure.dynamic.tag(body_type)\n            if model_name:\n                allure.dynamic.tag(model_name)\n    \n            # Attach URLs to Allure\n            allure.attach(\n                json.dumps(urls, indent=2),\n                name=f\"URLs for {model_name or 'N/A'} ({body_type or 'N/A'})\",\n                attachment_type=allure.attachment_type.JSON\n            )\n    \n            # Extract base test name\n            base_test_name = test_name.split(\" - \")[0]\n    \n            # Run the test logic for the current model\n            try:\n                api_and_xhr = create_api_and_xhr(driver)\n                if api_and_xhr is None or api_and_xhr[1] is None:\n                    logging.error(\"❌ Failed to initialize API and XHR capturer.\")\n                    allure.attach(\"❌ Failed to initialize API and XHR capturer.\", name=\"Initialization Error\", attachment_type=allure.attachment_type.TEXT)\n                    return\n                if base_test_name in test_mapping:\n>                   run_test(driver, base_test_name, market_code, model_code, model_name, body_type, 1, urls, api_and_xhr, screenshot_dir)\n\nQAAppAllure.py:303: \n_ _ _ _ _ _ _ _ _ _ _ _ _ _ _ _ _ _ _ _ _ _ _ _ _ _ _ _ _ _ _ _ _ _ _ _ _ _ _ _\n\ndriver = <selenium.webdriver.chrome.webdriver.WebDriver (session=\"254d3b8449f2953aefc72d2a662cc5e7\")>\ntest_name = 'BFV2', market_code = 'AT/de', model_code = 'W247-fl'\nmodel_name = 'B-CLASS', body_type = 'HATCHBACK', attempt = 1\nurls = {'BODY_TYPE': 'HATCHBACK', 'CONFIGURATOR': 'https://www.mercedes-benz.at/passengercars/mercedes-benz-cars/car-configur...ization/CCci/AT/de/B-KLASSE/SPORTS TOURER', 'HOME_PAGE': 'https://www.mercedes-benz.at/', 'MODEL_CODE': 'W247-fl', ...}\napi_and_xhr = (<App.vehicle_api.VehicleAPI object at 0x000001C5EE01D150>, <App.XHRResponseCapturer.XHRResponseCapturer object at 0x000001C5EE61A210>)\nscreenshot_dir = 'C:\\\\Python\\\\QA App Allure\\\\QA-App-Allure\\\\Tests'\n\n    def run_test(driver, test_name, market_code, model_code, model_name, body_type, attempt, urls, api_and_xhr, screenshot_dir):\n        vehicle_api, xhr_capturer = api_and_xhr\n        test_success = False\n    \n        if not urls or 'HOME_PAGE' not in urls or not urls['HOME_PAGE']:\n            allure.attach(f\"❌ Could not fetch valid URLs for test '{test_name}' (market: {market_code}, model: {model_code})\")\n            pytest.fail(f\"Missing HOME_PAGE URL for test '{test_name}'\")\n    \n        allure.step(f\"\uD83C\uDF10 Fetched URLs from API for test '{test_name}':\\n\"\n                    f\"Model Name: {urls.get('MODEL_NAME', 'N/A')}\\n\"\n                    f\"Body Type: {urls.get('BODY_TYPE', 'N/A')}\\n\"\n                    f\"URLs:\\n{json.dumps(urls, indent=2)}\")\n    \n        # BFV Logic\n        if 'CONFIGURATOR' not in urls or not urls['CONFIGURATOR']:\n            if test_name in [\"BFV1\", \"BFV2\", \"BFV3\", \"Last Configuration Started\", \"Last Configuration Completed\"]:\n                message = f\"❌ Skipping test '{test_name}' due to lack of CONFIGURATOR URL.\"\n                logging.warning(message)\n                allure.dynamic.description(message)\n                pytest.skip(message)\n    \n        if 'ONLINE_SHOP' not in urls or not urls['ONLINE_SHOP']:\n            if test_name in [\"BFV2\", \"BFV3\", \"Last Seen PDP\", \"Last Seen SRP\"]:\n                message = f\"❌ Skipping test '{test_name}' due to lack of ONLINE_SHOP URL.\"\n                logging.warning(message)\n                allure.dynamic.description(message)\n                pytest.skip(message)\n    \n        if 'TEST_DRIVE' not in urls or not urls['TEST_DRIVE']:\n            if test_name == \"BFV3\":\n                message = f\"❌ Skipping test '{test_name}' due to lack of TEST_DRIVE URL.\"\n                logging.warning(message)\n                allure.dynamic.description(message)\n                pytest.skip(message)\n    \n        try:\n            driver.get(urls['HOME_PAGE'])\n            WebDriverWait(driver, 15).until(lambda d: d.execute_script(\"return document.readyState\") == \"complete\")\n            logging.info(f\"\uD83C\uDF0D Navigated to: {urls['HOME_PAGE']}\")\n        except Exception as e:\n            logging.error(f\"❌ Error navigating to HOME_PAGE: {e}\")\n            pytest.fail(f\"Error navigating to HOME_PAGE: {e}\")\n    \n    \n    \n        try:\n            WebDriverWait(driver, 15).until(\n                EC.presence_of_element_located((By.CSS_SELECTOR, \"cmm-cookie-banner\"))\n            )\n            time.sleep(2)\n            logging.info(\"✅ Cookie banner detected.\")\n            driver.execute_script(\"\"\"\n                document.querySelector(\"cmm-cookie-banner\").shadowRoot.querySelector(\"wb7-button.button--accept-all\").click();\n            \"\"\")\n            allure.step(\"✅ Clicked on accept cookies.\")\n        except Exception as ex:\n            allure.attach(\"❌ Cookie banner not found or already accepted.\")\n    \n        # Execute test\n        if test_name in test_mapping:\n            test_instance = test_mapping[test_name](driver, urls)\n            test_instance.run()\n            allure.step(f\"✅ {test_name} test completed.\")\n            time.sleep(4)\n    \n            test_success = verify_personalization_and_capture(\n                driver, test_name, model_name, body_type, attempt, screenshot_dir,\n                test_success, xhr_capturer, urls\n            )\n    \n        if not test_success:\n            failure_message = f\"❌ Test '{test_name}' failed.\"\n            logging.error(failure_message)\n            allure.attach(failure_message, name=\"Test Failure\", attachment_type=allure.attachment_type.TEXT)\n>           pytest.fail(failure_message)\nE           Failed: ❌ Test 'BFV2' failed.\n\nQAAppAllure.py:176: Failed","steps":[{"name":"Setting up stealth mode for the browser","time":{"start":1745841215371,"stop":1745841215610,"duration":239},"status":"passed","steps":[],"attachments":[],"parameters":[],"shouldDisplayMessage":false,"stepsCount":0,"attachmentsCount":0,"hasContent":false,"attachmentStep":false},{"name":"Enabling network logging","time":{"start":1745841215610,"stop":1745841215616,"duration":6},"status":"passed","steps":[],"attachments":[],"parameters":[],"shouldDisplayMessage":false,"stepsCount":0,"attachmentsCount":0,"hasContent":false,"attachmentStep":false},{"name":"Perform BFV2 Test Logic","time":{"start":1745841231599,"stop":1745841261147,"duration":29548},"status":"broken","statusMessage":"selenium.common.exceptions.ElementClickInterceptedException: Message: element click intercepted: Element <a _ngcontent-ng-c2521831864=\"\" queryparamshandling=\"merge\" rel=\"nofollow\" class=\"cc-navigation__button cc-navigation__group\" navigation-menu-item-data-id=\"/configuration/CCci/AT/de/de_AT__2470101_AT1__AU-311_GC-426_LE-L_LU-696_MJ-806_PC-PBG-PSA-U59-U62_SA-00U-01U-02B-213-218-243-258-270-286-287-294-310-345-351-355-362-365-367-428-43R-440-475-504-521-537-543-55H-580-58U-620-677-70B-72B-73B-79B-7U2-824-859-873-88B-927-968-971-986-B51-B59-L3E-R05-U01-U10-U12-U54-U79_SC-0K2-0S3-0U1-1B3-1U3-2S2-2U1-2U8-502-51B-5S9-6P5-7B4-8P3-8S8-8U6-8U8-98B-998-B09-K13-K45-R7A-V08/paints\">...</a> is not clickable at point (588, 223). Other element would receive the click: <cmm-cookie-banner settings-id=\"k-l7rZd3t\" variant=\"A\" data-language=\"de\" data-market=\"AT\" class=\"hydrated\" data-workbench-version=\"7.64.1\"></cmm-cookie-banner>\n  (Session info: chrome=135.0.7049.115)\nStacktrace:\n\tGetHandleVerifier [0x00007FF6565EEFA5+77893]\n\tGetHandleVerifier [0x00007FF6565EF000+77984]\n\t(No symbol) [0x00007FF6563B91BA]\n\t(No symbol) [0x00007FF6564170A9]\n\t(No symbol) [0x00007FF656414A62]\n\t(No symbol) [0x00007FF656411B01]\n\t(No symbol) [0x00007FF656410A01]\n\t(No symbol) [0x00007FF656402134]\n\t(No symbol) [0x00007FF65643712A]\n\t(No symbol) [0x00007FF6564019E6]\n\t(No symbol) [0x00007FF656437340]\n\t(No symbol) [0x00007FF65645F07F]\n\t(No symbol) [0x00007FF656436F03]\n\t(No symbol) [0x00007FF656400328]\n\t(No symbol) [0x00007FF656401093]\n\tGetHandleVerifier [0x00007FF6568A7B6D+2931725]\n\tGetHandleVerifier [0x00007FF6568A2132+2908626]\n\tGetHandleVerifier [0x00007FF6568C00F3+3031443]\n\tGetHandleVerifier [0x00007FF6566091EA+184970]\n\tGetHandleVerifier [0x00007FF65661086F+215311]\n\tGetHandleVerifier [0x00007FF6565F6EC4+110436]\n\tGetHandleVerifier [0x00007FF6565F7072+110866]\n\tGetHandleVerifier [0x00007FF6565DD479+5401]\n\t(No symbol) [0x00007FFD5E03259D]\n\tRtlUserThreadStart [0x00007FFD5FE6AF38+40]\n\n","statusTrace":"  File \"C:\\Users\\luis.sepulveda\\AppData\\Local\\Programs\\Python\\Python313\\Lib\\site-packages\\allure_commons\\_allure.py\", line 192, in impl\n    return func(*a, **kw)\n  File \"C:\\Python\\QA App Allure\\QA-App-Allure\\TestsCodes\\test_bfv2.py\", line 83, in perform_bfv2_test\n    main_frame.click()\n    ~~~~~~~~~~~~~~~~^^\n  File \"C:\\Users\\luis.sepulveda\\AppData\\Local\\Programs\\Python\\Python313\\Lib\\site-packages\\selenium\\webdriver\\remote\\webelement.py\", line 119, in click\n    self._execute(Command.CLICK_ELEMENT)\n    ~~~~~~~~~~~~~^^^^^^^^^^^^^^^^^^^^^^^\n  File \"C:\\Users\\luis.sepulveda\\AppData\\Local\\Programs\\Python\\Python313\\Lib\\site-packages\\selenium\\webdriver\\remote\\webelement.py\", line 572, in _execute\n    return self._parent.execute(command, params)\n           ~~~~~~~~~~~~~~~~~~~~^^^^^^^^^^^^^^^^^\n  File \"C:\\Users\\luis.sepulveda\\AppData\\Local\\Programs\\Python\\Python313\\Lib\\site-packages\\selenium\\webdriver\\remote\\webdriver.py\", line 429, in execute\n    self.error_handler.check_response(response)\n    ~~~~~~~~~~~~~~~~~~~~~~~~~~~~~~~~~^^^^^^^^^^\n  File \"C:\\Users\\luis.sepulveda\\AppData\\Local\\Programs\\Python\\Python313\\Lib\\site-packages\\selenium\\webdriver\\remote\\errorhandler.py\", line 232, in check_response\n    raise exception_class(message, screen, stacktrace)\n","steps":[{"name":"\uD83C\uDF0D Navigated to: https://www.mercedes-benz.at/passengercars/models/hatchback/b-class/overview.html","time":{"start":1745841231599,"stop":1745841235307,"duration":3708},"status":"passed","steps":[],"attachments":[],"parameters":[],"shouldDisplayMessage":false,"stepsCount":0,"attachmentsCount":0,"hasContent":false,"attachmentStep":false},{"name":"\uD83C\uDF0D Navigated to: https://www.mercedes-benz.at/passengercars/mercedes-benz-cars/car-configurator.html/motorization/CCci/AT/de/B-KLASSE/SPORTS TOURER","time":{"start":1745841235307,"stop":1745841255145,"duration":19838},"status":"passed","steps":[],"attachments":[],"parameters":[],"shouldDisplayMessage":false,"stepsCount":0,"attachmentsCount":0,"hasContent":false,"attachmentStep":false},{"name":"✅ Executed actions in configurator","time":{"start":1745841255145,"stop":1745841258495,"duration":3350},"status":"passed","steps":[],"attachments":[],"parameters":[],"shouldDisplayMessage":false,"stepsCount":0,"attachmentsCount":0,"hasContent":false,"attachmentStep":false}],"attachments":[],"parameters":[],"shouldDisplayMessage":true,"stepsCount":3,"attachmentsCount":0,"hasContent":true,"attachmentStep":false},{"name":"Perform BFV2 Test Logic","time":{"start":1745841261151,"stop":1745841282949,"duration":21798},"status":"broken","statusMessage":"selenium.common.exceptions.ElementClickInterceptedException: Message: element click intercepted: Element <a _ngcontent-ng-c2521831864=\"\" queryparamshandling=\"merge\" rel=\"nofollow\" class=\"cc-navigation__button cc-navigation__group\" navigation-menu-item-data-id=\"/configuration/CCci/AT/de/de_AT__2470101_AT1__AU-311_GC-426_LE-L_LU-696_MJ-806_PC-PBG-PSA-U59-U62_SA-00U-01U-02B-213-218-243-258-270-286-287-294-310-345-351-355-362-365-367-428-43R-440-475-504-521-537-543-55H-580-58U-620-677-70B-72B-73B-79B-7U2-824-859-873-88B-927-968-971-986-B51-B59-L3E-R05-U01-U10-U12-U54-U79_SC-0K2-0S3-0U1-1B3-1U3-2S2-2U1-2U8-502-51B-5S9-6P5-7B4-8P3-8S8-8U6-8U8-98B-998-B09-K13-K45-R7A-V08/paints\">...</a> is not clickable at point (588, 223). Other element would receive the click: <cmm-cookie-banner settings-id=\"k-l7rZd3t\" variant=\"A\" data-language=\"de\" data-market=\"AT\" class=\"hydrated\" data-workbench-version=\"7.64.1\"></cmm-cookie-banner>\n  (Session info: chrome=135.0.7049.115)\nStacktrace:\n\tGetHandleVerifier [0x00007FF6565EEFA5+77893]\n\tGetHandleVerifier [0x00007FF6565EF000+77984]\n\t(No symbol) [0x00007FF6563B91BA]\n\t(No symbol) [0x00007FF6564170A9]\n\t(No symbol) [0x00007FF656414A62]\n\t(No symbol) [0x00007FF656411B01]\n\t(No symbol) [0x00007FF656410A01]\n\t(No symbol) [0x00007FF656402134]\n\t(No symbol) [0x00007FF65643712A]\n\t(No symbol) [0x00007FF6564019E6]\n\t(No symbol) [0x00007FF656437340]\n\t(No symbol) [0x00007FF65645F07F]\n\t(No symbol) [0x00007FF656436F03]\n\t(No symbol) [0x00007FF656400328]\n\t(No symbol) [0x00007FF656401093]\n\tGetHandleVerifier [0x00007FF6568A7B6D+2931725]\n\tGetHandleVerifier [0x00007FF6568A2132+2908626]\n\tGetHandleVerifier [0x00007FF6568C00F3+3031443]\n\tGetHandleVerifier [0x00007FF6566091EA+184970]\n\tGetHandleVerifier [0x00007FF65661086F+215311]\n\tGetHandleVerifier [0x00007FF6565F6EC4+110436]\n\tGetHandleVerifier [0x00007FF6565F7072+110866]\n\tGetHandleVerifier [0x00007FF6565DD479+5401]\n\t(No symbol) [0x00007FFD5E03259D]\n\tRtlUserThreadStart [0x00007FFD5FE6AF38+40]\n\n","statusTrace":"  File \"C:\\Users\\luis.sepulveda\\AppData\\Local\\Programs\\Python\\Python313\\Lib\\site-packages\\allure_commons\\_allure.py\", line 192, in impl\n    return func(*a, **kw)\n  File \"C:\\Python\\QA App Allure\\QA-App-Allure\\TestsCodes\\test_bfv2.py\", line 83, in perform_bfv2_test\n    main_frame.click()\n    ~~~~~~~~~~~~~~~~^^\n  File \"C:\\Users\\luis.sepulveda\\AppData\\Local\\Programs\\Python\\Python313\\Lib\\site-packages\\selenium\\webdriver\\remote\\webelement.py\", line 119, in click\n    self._execute(Command.CLICK_ELEMENT)\n    ~~~~~~~~~~~~~^^^^^^^^^^^^^^^^^^^^^^^\n  File \"C:\\Users\\luis.sepulveda\\AppData\\Local\\Programs\\Python\\Python313\\Lib\\site-packages\\selenium\\webdriver\\remote\\webelement.py\", line 572, in _execute\n    return self._parent.execute(command, params)\n           ~~~~~~~~~~~~~~~~~~~~^^^^^^^^^^^^^^^^^\n  File \"C:\\Users\\luis.sepulveda\\AppData\\Local\\Programs\\Python\\Python313\\Lib\\site-packages\\selenium\\webdriver\\remote\\webdriver.py\", line 429, in execute\n    self.error_handler.check_response(response)\n    ~~~~~~~~~~~~~~~~~~~~~~~~~~~~~~~~~^^^^^^^^^^\n  File \"C:\\Users\\luis.sepulveda\\AppData\\Local\\Programs\\Python\\Python313\\Lib\\site-packages\\selenium\\webdriver\\remote\\errorhandler.py\", line 232, in check_response\n    raise exception_class(message, screen, stacktrace)\n","steps":[{"name":"\uD83C\uDF0D Navigated to: https://www.mercedes-benz.at/passengercars/models/hatchback/b-class/overview.html","time":{"start":1745841261151,"stop":1745841274262,"duration":13111},"status":"passed","steps":[],"attachments":[],"parameters":[],"shouldDisplayMessage":false,"stepsCount":0,"attachmentsCount":0,"hasContent":false,"attachmentStep":false},{"name":"\uD83C\uDF0D Navigated to: https://www.mercedes-benz.at/passengercars/mercedes-benz-cars/car-configurator.html/motorization/CCci/AT/de/B-KLASSE/SPORTS TOURER","time":{"start":1745841274262,"stop":1745841279682,"duration":5420},"status":"passed","steps":[],"attachments":[],"parameters":[],"shouldDisplayMessage":false,"stepsCount":0,"attachmentsCount":0,"hasContent":false,"attachmentStep":false},{"name":"✅ Executed actions in configurator","time":{"start":1745841279682,"stop":1745841279922,"duration":240},"status":"passed","steps":[],"attachments":[],"parameters":[],"shouldDisplayMessage":false,"stepsCount":0,"attachmentsCount":0,"hasContent":false,"attachmentStep":false}],"attachments":[],"parameters":[],"shouldDisplayMessage":true,"stepsCount":3,"attachmentsCount":0,"hasContent":true,"attachmentStep":false},{"name":"Perform BFV2 Test Logic","time":{"start":1745841282952,"stop":1745841316966,"duration":34014},"status":"broken","statusMessage":"selenium.common.exceptions.ElementClickInterceptedException: Message: element click intercepted: Element <a _ngcontent-ng-c2521831864=\"\" queryparamshandling=\"merge\" rel=\"nofollow\" class=\"cc-navigation__button cc-navigation__group\" navigation-menu-item-data-id=\"/configuration/CCci/AT/de/de_AT__2470101_AT1__AU-311_GC-426_LE-L_LU-696_MJ-806_PC-PBG-PSA-U59-U62_SA-00U-01U-02B-213-218-243-258-270-286-287-294-310-345-351-355-362-365-367-428-43R-440-475-504-521-537-543-55H-580-58U-620-677-70B-72B-73B-79B-7U2-824-859-873-88B-927-968-971-986-B51-B59-L3E-R05-U01-U10-U12-U54-U79_SC-0K2-0S3-0U1-1B3-1U3-2S2-2U1-2U8-502-51B-5S9-6P5-7B4-8P3-8S8-8U6-8U8-98B-998-B09-K13-K45-R7A-V08/paints\">...</a> is not clickable at point (588, 223). Other element would receive the click: <cmm-cookie-banner settings-id=\"k-l7rZd3t\" variant=\"A\" data-language=\"de\" data-market=\"AT\" class=\"hydrated\" data-workbench-version=\"7.64.1\"></cmm-cookie-banner>\n  (Session info: chrome=135.0.7049.115)\nStacktrace:\n\tGetHandleVerifier [0x00007FF6565EEFA5+77893]\n\tGetHandleVerifier [0x00007FF6565EF000+77984]\n\t(No symbol) [0x00007FF6563B91BA]\n\t(No symbol) [0x00007FF6564170A9]\n\t(No symbol) [0x00007FF656414A62]\n\t(No symbol) [0x00007FF656411B01]\n\t(No symbol) [0x00007FF656410A01]\n\t(No symbol) [0x00007FF656402134]\n\t(No symbol) [0x00007FF65643712A]\n\t(No symbol) [0x00007FF6564019E6]\n\t(No symbol) [0x00007FF656437340]\n\t(No symbol) [0x00007FF65645F07F]\n\t(No symbol) [0x00007FF656436F03]\n\t(No symbol) [0x00007FF656400328]\n\t(No symbol) [0x00007FF656401093]\n\tGetHandleVerifier [0x00007FF6568A7B6D+2931725]\n\tGetHandleVerifier [0x00007FF6568A2132+2908626]\n\tGetHandleVerifier [0x00007FF6568C00F3+3031443]\n\tGetHandleVerifier [0x00007FF6566091EA+184970]\n\tGetHandleVerifier [0x00007FF65661086F+215311]\n\tGetHandleVerifier [0x00007FF6565F6EC4+110436]\n\tGetHandleVerifier [0x00007FF6565F7072+110866]\n\tGetHandleVerifier [0x00007FF6565DD479+5401]\n\t(No symbol) [0x00007FFD5E03259D]\n\tRtlUserThreadStart [0x00007FFD5FE6AF38+40]\n\n","statusTrace":"  File \"C:\\Users\\luis.sepulveda\\AppData\\Local\\Programs\\Python\\Python313\\Lib\\site-packages\\allure_commons\\_allure.py\", line 192, in impl\n    return func(*a, **kw)\n  File \"C:\\Python\\QA App Allure\\QA-App-Allure\\TestsCodes\\test_bfv2.py\", line 83, in perform_bfv2_test\n    main_frame.click()\n    ~~~~~~~~~~~~~~~~^^\n  File \"C:\\Users\\luis.sepulveda\\AppData\\Local\\Programs\\Python\\Python313\\Lib\\site-packages\\selenium\\webdriver\\remote\\webelement.py\", line 119, in click\n    self._execute(Command.CLICK_ELEMENT)\n    ~~~~~~~~~~~~~^^^^^^^^^^^^^^^^^^^^^^^\n  File \"C:\\Users\\luis.sepulveda\\AppData\\Local\\Programs\\Python\\Python313\\Lib\\site-packages\\selenium\\webdriver\\remote\\webelement.py\", line 572, in _execute\n    return self._parent.execute(command, params)\n           ~~~~~~~~~~~~~~~~~~~~^^^^^^^^^^^^^^^^^\n  File \"C:\\Users\\luis.sepulveda\\AppData\\Local\\Programs\\Python\\Python313\\Lib\\site-packages\\selenium\\webdriver\\remote\\webdriver.py\", line 429, in execute\n    self.error_handler.check_response(response)\n    ~~~~~~~~~~~~~~~~~~~~~~~~~~~~~~~~~^^^^^^^^^^\n  File \"C:\\Users\\luis.sepulveda\\AppData\\Local\\Programs\\Python\\Python313\\Lib\\site-packages\\selenium\\webdriver\\remote\\errorhandler.py\", line 232, in check_response\n    raise exception_class(message, screen, stacktrace)\n","steps":[{"name":"\uD83C\uDF0D Navigated to: https://www.mercedes-benz.at/passengercars/models/hatchback/b-class/overview.html","time":{"start":1745841282952,"stop":1745841296634,"duration":13682},"status":"passed","steps":[],"attachments":[],"parameters":[],"shouldDisplayMessage":false,"stepsCount":0,"attachmentsCount":0,"hasContent":false,"attachmentStep":false},{"name":"\uD83C\uDF0D Navigated to: https://www.mercedes-benz.at/passengercars/mercedes-benz-cars/car-configurator.html/motorization/CCci/AT/de/B-KLASSE/SPORTS TOURER","time":{"start":1745841296634,"stop":1745841301561,"duration":4927},"status":"passed","steps":[],"attachments":[],"parameters":[],"shouldDisplayMessage":false,"stepsCount":0,"attachmentsCount":0,"hasContent":false,"attachmentStep":false},{"name":"✅ Executed actions in configurator","time":{"start":1745841301561,"stop":1745841315065,"duration":13504},"status":"passed","steps":[],"attachments":[],"parameters":[],"shouldDisplayMessage":false,"stepsCount":0,"attachmentsCount":0,"hasContent":false,"attachmentStep":false}],"attachments":[],"parameters":[],"shouldDisplayMessage":true,"stepsCount":3,"attachmentsCount":0,"hasContent":true,"attachmentStep":false},{"name":"Perform BFV2 Test Logic","time":{"start":1745841316969,"stop":1745841335234,"duration":18265},"status":"broken","statusMessage":"selenium.common.exceptions.ElementClickInterceptedException: Message: element click intercepted: Element <a _ngcontent-ng-c2521831864=\"\" queryparamshandling=\"merge\" rel=\"nofollow\" class=\"cc-navigation__button cc-navigation__group\" navigation-menu-item-data-id=\"/configuration/CCci/AT/de/de_AT__2470101_AT1__AU-311_GC-426_LE-L_LU-696_MJ-806_PC-PBG-PSA-U59-U62_SA-00U-01U-02B-213-218-243-258-270-286-287-294-310-345-351-355-362-365-367-428-43R-440-475-504-521-537-543-55H-580-58U-620-677-70B-72B-73B-79B-7U2-824-859-873-88B-927-968-971-986-B51-B59-L3E-R05-U01-U10-U12-U54-U79_SC-0K2-0S3-0U1-1B3-1U3-2S2-2U1-2U8-502-51B-5S9-6P5-7B4-8P3-8S8-8U6-8U8-98B-998-B09-K13-K45-R7A-V08/paints\">...</a> is not clickable at point (588, 223). Other element would receive the click: <cmm-cookie-banner settings-id=\"k-l7rZd3t\" variant=\"A\" data-language=\"de\" data-market=\"AT\" class=\"hydrated\" data-workbench-version=\"7.64.1\"></cmm-cookie-banner>\n  (Session info: chrome=135.0.7049.115)\nStacktrace:\n\tGetHandleVerifier [0x00007FF6565EEFA5+77893]\n\tGetHandleVerifier [0x00007FF6565EF000+77984]\n\t(No symbol) [0x00007FF6563B91BA]\n\t(No symbol) [0x00007FF6564170A9]\n\t(No symbol) [0x00007FF656414A62]\n\t(No symbol) [0x00007FF656411B01]\n\t(No symbol) [0x00007FF656410A01]\n\t(No symbol) [0x00007FF656402134]\n\t(No symbol) [0x00007FF65643712A]\n\t(No symbol) [0x00007FF6564019E6]\n\t(No symbol) [0x00007FF656437340]\n\t(No symbol) [0x00007FF65645F07F]\n\t(No symbol) [0x00007FF656436F03]\n\t(No symbol) [0x00007FF656400328]\n\t(No symbol) [0x00007FF656401093]\n\tGetHandleVerifier [0x00007FF6568A7B6D+2931725]\n\tGetHandleVerifier [0x00007FF6568A2132+2908626]\n\tGetHandleVerifier [0x00007FF6568C00F3+3031443]\n\tGetHandleVerifier [0x00007FF6566091EA+184970]\n\tGetHandleVerifier [0x00007FF65661086F+215311]\n\tGetHandleVerifier [0x00007FF6565F6EC4+110436]\n\tGetHandleVerifier [0x00007FF6565F7072+110866]\n\tGetHandleVerifier [0x00007FF6565DD479+5401]\n\t(No symbol) [0x00007FFD5E03259D]\n\tRtlUserThreadStart [0x00007FFD5FE6AF38+40]\n\n","statusTrace":"  File \"C:\\Users\\luis.sepulveda\\AppData\\Local\\Programs\\Python\\Python313\\Lib\\site-packages\\allure_commons\\_allure.py\", line 192, in impl\n    return func(*a, **kw)\n  File \"C:\\Python\\QA App Allure\\QA-App-Allure\\TestsCodes\\test_bfv2.py\", line 83, in perform_bfv2_test\n    main_frame.click()\n    ~~~~~~~~~~~~~~~~^^\n  File \"C:\\Users\\luis.sepulveda\\AppData\\Local\\Programs\\Python\\Python313\\Lib\\site-packages\\selenium\\webdriver\\remote\\webelement.py\", line 119, in click\n    self._execute(Command.CLICK_ELEMENT)\n    ~~~~~~~~~~~~~^^^^^^^^^^^^^^^^^^^^^^^\n  File \"C:\\Users\\luis.sepulveda\\AppData\\Local\\Programs\\Python\\Python313\\Lib\\site-packages\\selenium\\webdriver\\remote\\webelement.py\", line 572, in _execute\n    return self._parent.execute(command, params)\n           ~~~~~~~~~~~~~~~~~~~~^^^^^^^^^^^^^^^^^\n  File \"C:\\Users\\luis.sepulveda\\AppData\\Local\\Programs\\Python\\Python313\\Lib\\site-packages\\selenium\\webdriver\\remote\\webdriver.py\", line 429, in execute\n    self.error_handler.check_response(response)\n    ~~~~~~~~~~~~~~~~~~~~~~~~~~~~~~~~~^^^^^^^^^^\n  File \"C:\\Users\\luis.sepulveda\\AppData\\Local\\Programs\\Python\\Python313\\Lib\\site-packages\\selenium\\webdriver\\remote\\errorhandler.py\", line 232, in check_response\n    raise exception_class(message, screen, stacktrace)\n","steps":[{"name":"\uD83C\uDF0D Navigated to: https://www.mercedes-benz.at/passengercars/models/hatchback/b-class/overview.html","time":{"start":1745841316969,"stop":1745841319996,"duration":3027},"status":"passed","steps":[],"attachments":[],"parameters":[],"shouldDisplayMessage":false,"stepsCount":0,"attachmentsCount":0,"hasContent":false,"attachmentStep":false},{"name":"\uD83C\uDF0D Navigated to: https://www.mercedes-benz.at/passengercars/mercedes-benz-cars/car-configurator.html/motorization/CCci/AT/de/B-KLASSE/SPORTS TOURER","time":{"start":1745841319996,"stop":1745841332223,"duration":12227},"status":"passed","steps":[],"attachments":[],"parameters":[],"shouldDisplayMessage":false,"stepsCount":0,"attachmentsCount":0,"hasContent":false,"attachmentStep":false},{"name":"✅ Executed actions in configurator","time":{"start":1745841332223,"stop":1745841332769,"duration":546},"status":"passed","steps":[],"attachments":[],"parameters":[],"shouldDisplayMessage":false,"stepsCount":0,"attachmentsCount":0,"hasContent":false,"attachmentStep":false}],"attachments":[],"parameters":[],"shouldDisplayMessage":true,"stepsCount":3,"attachmentsCount":0,"hasContent":true,"attachmentStep":false},{"name":"Perform BFV2 Test Logic","time":{"start":1745841335237,"stop":1745841358004,"duration":22767},"status":"broken","statusMessage":"selenium.common.exceptions.ElementClickInterceptedException: Message: element click intercepted: Element <a _ngcontent-ng-c2521831864=\"\" queryparamshandling=\"merge\" rel=\"nofollow\" class=\"cc-navigation__button cc-navigation__group\" navigation-menu-item-data-id=\"/configuration/CCci/AT/de/de_AT__2470101_AT1__AU-311_GC-426_LE-L_LU-696_MJ-806_PC-PBG-PSA-U59-U62_SA-00U-01U-02B-213-218-243-258-270-286-287-294-310-345-351-355-362-365-367-428-43R-440-475-504-521-537-543-55H-580-58U-620-677-70B-72B-73B-79B-7U2-824-859-873-88B-927-968-971-986-B51-B59-L3E-R05-U01-U10-U12-U54-U79_SC-0K2-0S3-0U1-1B3-1U3-2S2-2U1-2U8-502-51B-5S9-6P5-7B4-8P3-8S8-8U6-8U8-98B-998-B09-K13-K45-R7A-V08/paints\">...</a> is not clickable at point (588, 223). Other element would receive the click: <cmm-cookie-banner settings-id=\"k-l7rZd3t\" variant=\"A\" data-language=\"de\" data-market=\"AT\" class=\"hydrated\" data-workbench-version=\"7.64.1\"></cmm-cookie-banner>\n  (Session info: chrome=135.0.7049.115)\nStacktrace:\n\tGetHandleVerifier [0x00007FF6565EEFA5+77893]\n\tGetHandleVerifier [0x00007FF6565EF000+77984]\n\t(No symbol) [0x00007FF6563B91BA]\n\t(No symbol) [0x00007FF6564170A9]\n\t(No symbol) [0x00007FF656414A62]\n\t(No symbol) [0x00007FF656411B01]\n\t(No symbol) [0x00007FF656410A01]\n\t(No symbol) [0x00007FF656402134]\n\t(No symbol) [0x00007FF65643712A]\n\t(No symbol) [0x00007FF6564019E6]\n\t(No symbol) [0x00007FF656437340]\n\t(No symbol) [0x00007FF65645F07F]\n\t(No symbol) [0x00007FF656436F03]\n\t(No symbol) [0x00007FF656400328]\n\t(No symbol) [0x00007FF656401093]\n\tGetHandleVerifier [0x00007FF6568A7B6D+2931725]\n\tGetHandleVerifier [0x00007FF6568A2132+2908626]\n\tGetHandleVerifier [0x00007FF6568C00F3+3031443]\n\tGetHandleVerifier [0x00007FF6566091EA+184970]\n\tGetHandleVerifier [0x00007FF65661086F+215311]\n\tGetHandleVerifier [0x00007FF6565F6EC4+110436]\n\tGetHandleVerifier [0x00007FF6565F7072+110866]\n\tGetHandleVerifier [0x00007FF6565DD479+5401]\n\t(No symbol) [0x00007FFD5E03259D]\n\tRtlUserThreadStart [0x00007FFD5FE6AF38+40]\n\n","statusTrace":"  File \"C:\\Users\\luis.sepulveda\\AppData\\Local\\Programs\\Python\\Python313\\Lib\\site-packages\\allure_commons\\_allure.py\", line 192, in impl\n    return func(*a, **kw)\n  File \"C:\\Python\\QA App Allure\\QA-App-Allure\\TestsCodes\\test_bfv2.py\", line 83, in perform_bfv2_test\n    main_frame.click()\n    ~~~~~~~~~~~~~~~~^^\n  File \"C:\\Users\\luis.sepulveda\\AppData\\Local\\Programs\\Python\\Python313\\Lib\\site-packages\\selenium\\webdriver\\remote\\webelement.py\", line 119, in click\n    self._execute(Command.CLICK_ELEMENT)\n    ~~~~~~~~~~~~~^^^^^^^^^^^^^^^^^^^^^^^\n  File \"C:\\Users\\luis.sepulveda\\AppData\\Local\\Programs\\Python\\Python313\\Lib\\site-packages\\selenium\\webdriver\\remote\\webelement.py\", line 572, in _execute\n    return self._parent.execute(command, params)\n           ~~~~~~~~~~~~~~~~~~~~^^^^^^^^^^^^^^^^^\n  File \"C:\\Users\\luis.sepulveda\\AppData\\Local\\Programs\\Python\\Python313\\Lib\\site-packages\\selenium\\webdriver\\remote\\webdriver.py\", line 429, in execute\n    self.error_handler.check_response(response)\n    ~~~~~~~~~~~~~~~~~~~~~~~~~~~~~~~~~^^^^^^^^^^\n  File \"C:\\Users\\luis.sepulveda\\AppData\\Local\\Programs\\Python\\Python313\\Lib\\site-packages\\selenium\\webdriver\\remote\\errorhandler.py\", line 232, in check_response\n    raise exception_class(message, screen, stacktrace)\n","steps":[{"name":"\uD83C\uDF0D Navigated to: https://www.mercedes-benz.at/passengercars/models/hatchback/b-class/overview.html","time":{"start":1745841335237,"stop":1745841347211,"duration":11974},"status":"passed","steps":[],"attachments":[],"parameters":[],"shouldDisplayMessage":false,"stepsCount":0,"attachmentsCount":0,"hasContent":false,"attachmentStep":false},{"name":"\uD83C\uDF0D Navigated to: https://www.mercedes-benz.at/passengercars/mercedes-benz-cars/car-configurator.html/motorization/CCci/AT/de/B-KLASSE/SPORTS TOURER","time":{"start":1745841347211,"stop":1745841351487,"duration":4276},"status":"passed","steps":[],"attachments":[],"parameters":[],"shouldDisplayMessage":false,"stepsCount":0,"attachmentsCount":0,"hasContent":false,"attachmentStep":false},{"name":"✅ Executed actions in configurator","time":{"start":1745841351487,"stop":1745841354341,"duration":2854},"status":"passed","steps":[],"attachments":[],"parameters":[],"shouldDisplayMessage":false,"stepsCount":0,"attachmentsCount":0,"hasContent":false,"attachmentStep":false}],"attachments":[],"parameters":[],"shouldDisplayMessage":true,"stepsCount":3,"attachmentsCount":0,"hasContent":true,"attachmentStep":false},{"name":"\uD83D\uDD0D Checking userGroup in XHR responses...","time":{"start":1745841362008,"stop":1745841375238,"duration":13230},"status":"passed","steps":[{"name":"Setting campaign name substring for test: BFV2","time":{"start":1745841362009,"stop":1745841362016,"duration":7},"status":"passed","steps":[],"attachments":[{"uid":"dc1c7665df62428d","name":"Info","source":"dc1c7665df62428d.txt","type":"text/plain","size":52}],"parameters":[],"shouldDisplayMessage":false,"stepsCount":0,"attachmentsCount":1,"hasContent":true,"attachmentStep":false},{"name":"Capturing XHR responses","time":{"start":1745841362016,"stop":1745841375174,"duration":13158},"status":"passed","steps":[],"attachments":[],"parameters":[],"shouldDisplayMessage":false,"stepsCount":0,"attachmentsCount":0,"hasContent":false,"attachmentStep":false}],"attachments":[],"parameters":[],"shouldDisplayMessage":false,"stepsCount":2,"attachmentsCount":1,"hasContent":true,"attachmentStep":false},{"name":"\uD83D\uDD0D Verifying personalized image...","time":{"start":1745841375238,"stop":1745841385379,"duration":10141},"status":"passed","steps":[{"name":"❌ Image not found in the specified selector. Error: Message: \n","time":{"start":1745841385361,"stop":1745841385378,"duration":17},"status":"passed","steps":[],"attachments":[{"uid":"1ced7c0d66c3083b","name":"Expected Image Source","source":"1ced7c0d66c3083b.txt","type":"text/plain","size":61},{"uid":"6024e421ab0c9c77","name":"Image Verification Error","source":"6024e421ab0c9c77.txt","type":"text/plain","size":17}],"parameters":[],"shouldDisplayMessage":false,"stepsCount":0,"attachmentsCount":2,"hasContent":true,"attachmentStep":false}],"attachments":[],"parameters":[],"shouldDisplayMessage":false,"stepsCount":1,"attachmentsCount":2,"hasContent":true,"attachmentStep":false},{"name":"\uD83D\uDD0D Debugging campaign images...","time":{"start":1745841385379,"stop":1745841385748,"duration":369},"status":"passed","steps":[],"attachments":[{"uid":"567ff90ffdff87f0","name":"Campaign Images","source":"567ff90ffdff87f0.txt","type":"text/plain","size":0}],"parameters":[],"shouldDisplayMessage":false,"stepsCount":0,"attachmentsCount":1,"hasContent":true,"attachmentStep":false},{"name":"\uD83D\uDCDC Scrolling to specific elements and capturing screenshot","time":{"start":1745841385748,"stop":1745841385806,"duration":58},"status":"passed","steps":[],"attachments":[{"uid":"bcc7c1d32e2dbe82","name":"Scroll Error","source":"bcc7c1d32e2dbe82.txt","type":"text/plain","size":1190}],"parameters":[],"shouldDisplayMessage":false,"stepsCount":0,"attachmentsCount":1,"hasContent":true,"attachmentStep":false},{"name":"✅ Screenshot captured and saved","time":{"start":1745841387784,"stop":1745841387791,"duration":7},"status":"passed","steps":[],"attachments":[{"uid":"5f6c651c9051f7fd","name":"Final Screenshot","source":"5f6c651c9051f7fd.png","type":"image/png","size":812681}],"parameters":[],"shouldDisplayMessage":false,"stepsCount":0,"attachmentsCount":1,"hasContent":true,"attachmentStep":false}],"attachments":[{"uid":"848725a97b76ff99","name":"URLs for B-CLASS (HATCHBACK)","source":"848725a97b76ff99.json","type":"application/json","size":758},{"uid":"153f9eb3fbde62cf","name":"c9ab7847-2d65-43d6-9f74-69abc8322195-attachment.attach","source":"153f9eb3fbde62cf.attach","type":"text/plain","size":48},{"uid":"e32641edd5694396","name":"Test Failure","source":"e32641edd5694396.txt","type":"text/plain","size":23},{"uid":"5d4119836d505911","name":"log","source":"5d4119836d505911.txt","type":"text/plain","size":77562}],"parameters":[],"shouldDisplayMessage":true,"stepsCount":30,"attachmentsCount":10,"hasContent":true,"attachmentStep":false},"afterStages":[],"labels":[{"name":"as_id","value":"fea20424e4aa8a8e32196b207616e579"},{"name":"parentSuite","value":"AT/de"},{"name":"suite","value":"BFV2"},{"name":"subSuite","value":"W247-fl - B-CLASS (HATCHBACK)"},{"name":"tag","value":"BFV2"},{"name":"tag","value":"AT/de"},{"name":"tag","value":"W247-fl"},{"name":"tag","value":"HATCHBACK"},{"name":"tag","value":"B-CLASS"},{"name":"host","value":"DE3SMDW0327562T"},{"name":"thread","value":"13424-MainThread"},{"name":"framework","value":"pytest"},{"name":"language","value":"cpython3"},{"name":"package","value":"QAAppAllure"},{"name":"resultFormat","value":"allure2"}],"parameters":[{"name":"test_case","value":"{'test_name': 'BFV2', 'market_code': 'AT/de', 'model_code': 'W247-fl', 'model_name': 'B-CLASS', 'body_type': 'HATCHBACK', 'urls': {'MODEL_CODE': 'W247-fl', 'PRODUCT_PAGE': 'https://www.mercedes-benz.at/passengercars/models/hatchback/b-class/overview.html', 'CONFIGURATOR': 'https://www.mercedes-benz.at/passengercars/mercedes-benz-cars/car-configurator.html/motorization/CCci/AT/de/B-KLASSE/SPORTS TOURER', 'ONLINE_SHOP': 'https://www.mercedes-benz.at/passengercars/buy/new-car/search-results.html/vehicleCategory-new-passenger-cars/brand-Mercedes-Benz/modelIdentifier-B/?emhsortType=price-asc&emhbodyType=HATCHBACK', 'TEST_DRIVE': 'https://www.mercedes-benz.at/passengercars/mercedes-benz-cars/online-testdrive.html#/dealer?context=OWPC&modelSeries=W247-fl&modelType=ALL', 'HOME_PAGE': 'https://www.mercedes-benz.at/', 'BODY_TYPE': 'HATCHBACK', 'MODEL_NAME': 'B-CLASS'}}"}],"links":[],"hidden":true,"retry":true,"extra":{"categories":[],"tags":["W247-fl","B-CLASS","HATCHBACK","AT/de","BFV2"]},"source":"4420bdd124e0ef2d.json","parameterValues":["{'test_name': 'BFV2', 'market_code': 'AT/de', 'model_code': 'W247-fl', 'model_name': 'B-CLASS', 'body_type': 'HATCHBACK', 'urls': {'MODEL_CODE': 'W247-fl', 'PRODUCT_PAGE': 'https://www.mercedes-benz.at/passengercars/models/hatchback/b-class/overview.html', 'CONFIGURATOR': 'https://www.mercedes-benz.at/passengercars/mercedes-benz-cars/car-configurator.html/motorization/CCci/AT/de/B-KLASSE/SPORTS TOURER', 'ONLINE_SHOP': 'https://www.mercedes-benz.at/passengercars/buy/new-car/search-results.html/vehicleCategory-new-passenger-cars/brand-Mercedes-Benz/modelIdentifier-B/?emhsortType=price-asc&emhbodyType=HATCHBACK', 'TEST_DRIVE': 'https://www.mercedes-benz.at/passengercars/mercedes-benz-cars/online-testdrive.html#/dealer?context=OWPC&modelSeries=W247-fl&modelType=ALL', 'HOME_PAGE': 'https://www.mercedes-benz.at/', 'BODY_TYPE': 'HATCHBACK', 'MODEL_NAME': 'B-CLASS'}}"]}